The SAS System

Obs tree time   x   y   b1 b2   b3  u1 u2 _one   d_b1    d_b2

  1   1    1   118  30 190 10 -.003  0  0   1  0.12471 -2.07396
  2   1    2   484  58 190 10 -.003  0  0   1  0.29931 -3.98475
  3   1    3   664  87 190 10 -.003  0  0   1  0.42297 -4.63727
  4   1    4  1004 115 190 10 -.003  0  0   1  0.67027 -4.19914
  5   1    5  1231 120 190 10 -.003  0  0   1  0.80066 -3.03249
  6   1    6  1372 142 190 10 -.003  0  0   1  0.85977 -2.29069
  7   1    7  1582 145 190 10 -.003  0  0   1  0.92008 -1.39715
  8   2    1   118  33 190 10 -.003  0  0   1  0.12471 -2.07396
  9   2    2   484  69 190 10 -.003  0  0   1  0.29931 -3.98475
 10   2    3   664 111 190 10 -.003  0  0   1  0.42297 -4.63727
 11   2    4  1004 156 190 10 -.003  0  0   1  0.67027 -4.19914
 12   2    5  1231 172 190 10 -.003  0  0   1  0.80066 -3.03249
 13   2    6  1372 203 190 10 -.003  0  0   1  0.85977 -2.29069
 14   2    7  1582 203 190 10 -.003  0  0   1  0.92008 -1.39715
 15   3    1   118  30 190 10 -.003  0  0   1  0.12471 -2.07396
 16   3    2   484  51 190 10 -.003  0  0   1  0.29931 -3.98475
 17   3    3   664  75 190 10 -.003  0  0   1  0.42297 -4.63727
 18   3    4  1004 108 190 10 -.003  0  0   1  0.67027 -4.19914
 19   3    5  1231 115 190 10 -.003  0  0   1  0.80066 -3.03249
 20   3    6  1372 139 190 10 -.003  0  0   1  0.85977 -2.29069
 21   3    7  1582 140 190 10 -.003  0  0   1  0.92008 -1.39715
 22   4    1   118  32 190 10 -.003  0  0   1  0.12471 -2.07396

Obs    d_b3     d_u1    d_u2   num    e      den    predv  pseudo_y

  1  -2447.27 0.12471 -2.07396 190 0.70187 8.01875  23.694   16.602
  2 -19286.16 0.29931 -3.98475 190 0.23410 3.34102  56.869   76.011
  3 -30791.35 0.42297 -4.63727 190 0.13642 2.36422  80.365  133.001
  4 -42159.16 0.67027 -4.19914 190 0.04919 1.49193 127.352  199.486
  5 -37329.93 0.80066 -3.03249 190 0.02490 1.24897 152.125  201.665
  6 -31428.53 0.85977 -2.29069 190 0.01631 1.16310 163.357  213.379
  7 -22103.37 0.92008 -1.39715 190 0.00869 1.08686 174.815  197.339
  8  -2447.27 0.12471 -2.07396 190 0.70187 8.01875  23.694   19.602
  9 -19286.16 0.29931 -3.98475 190 0.23410 3.34102  56.869   87.011
 10 -30791.35 0.42297 -4.63727 190 0.13642 2.36422  80.365  157.001
 11 -42159.16 0.67027 -4.19914 190 0.04919 1.49193 127.352  240.486
 12 -37329.93 0.80066 -3.03249 190 0.02490 1.24897 152.125  253.665
 13 -31428.53 0.85977 -2.29069 190 0.01631 1.16310 163.357  274.379
 14 -22103.37 0.92008 -1.39715 190 0.00869 1.08686 174.815  255.339
 15  -2447.27 0.12471 -2.07396 190 0.70187 8.01875  23.694   16.602
 16 -19286.16 0.29931 -3.98475 190 0.23410 3.34102  56.869   69.011
 17 -30791.35 0.42297 -4.63727 190 0.13642 2.36422  80.365  121.001
 18 -42159.16 0.67027 -4.19914 190 0.04919 1.49193 127.352  192.486
 19 -37329.93 0.80066 -3.03249 190 0.02490 1.24897 152.125  196.665
 20 -31428.53 0.85977 -2.29069 190 0.01631 1.16310 163.357  210.379
 21 -22103.37 0.92008 -1.39715 190 0.00869 1.08686 174.815  192.339
 22  -2447.27 0.12471 -2.07396 190 0.70187 8.01875  23.694   18.602

Obs _pseudoy  _b0     _tol    _predl  _predu _u0 _switch _ni _iter

  1   6.3055 -.003 .00001003  23.719  23.670  .     2     -9   -9 
  2   1.1311 -.003 .00001003  57.063  56.676  .     2     -9   -9 
  3   6.6353 -.003 .00001003  80.674  80.056  .     2     -9   -9 
  4 -12.3517 -.003 .00001003 127.774 126.928  .     2     -9   -9 
  5 -32.1251 -.003 .00001003 152.498 151.749  .     2     -9   -9 
  6 -21.3571 -.003 .00001003 163.671 163.040  .     2     -9   -9 
  7 -29.8149 -.003 .00001003 175.035 174.592  .     2     -9   -9 
  8   9.3055 -.003 .00001003  23.719  23.670  .     2     -9   -9 
  9  12.1311 -.003 .00001003  57.063  56.676  .     2     -9   -9 
 10  30.6353 -.003 .00001003  80.674  80.056  .     2     -9   -9 
 11  28.6483 -.003 .00001003 127.774 126.928  .     2     -9   -9 
 12  19.8749 -.003 .00001003 152.498 151.749  .     2     -9   -9 
 13  39.6429 -.003 .00001003 163.671 163.040  .     2     -9   -9 
 14  28.1851 -.003 .00001003 175.035 174.592  .     2     -9   -9 
 15   6.3055 -.003 .00001003  23.719  23.670  .     2     -9   -9 
 16  -5.8689 -.003 .00001003  57.063  56.676  .     2     -9   -9 
 17  -5.3647 -.003 .00001003  80.674  80.056  .     2     -9   -9 
 18 -19.3517 -.003 .00001003 127.774 126.928  .     2     -9   -9 
 19 -37.1251 -.003 .00001003 152.498 151.749  .     2     -9   -9 
 20 -24.3571 -.003 .00001003 163.671 163.040  .     2     -9   -9 
 21 -34.8149 -.003 .00001003 175.035 174.592  .     2     -9   -9 
 22   8.3055 -.003 .00001003  23.719  23.670  .     2     -9   -9 
The SAS System

Obs tree time   x   y   b1 b2   b3  u1 u2 _one   d_b1    d_b2

 23   4    2   484  62 190 10 -.003  0  0   1  0.29931 -3.98475
 24   4    3   664 112 190 10 -.003  0  0   1  0.42297 -4.63727
 25   4    4  1004 167 190 10 -.003  0  0   1  0.67027 -4.19914
 26   4    5  1231 179 190 10 -.003  0  0   1  0.80066 -3.03249
 27   4    6  1372 209 190 10 -.003  0  0   1  0.85977 -2.29069
 28   4    7  1582 214 190 10 -.003  0  0   1  0.92008 -1.39715
 29   5    1   118  30 190 10 -.003  0  0   1  0.12471 -2.07396
 30   5    2   484  49 190 10 -.003  0  0   1  0.29931 -3.98475

Obs    d_b3     d_u1    d_u2   num    e      den    predv  pseudo_y

 23 -19286.16 0.29931 -3.98475 190 0.23410 3.34102  56.869   80.011
 24 -30791.35 0.42297 -4.63727 190 0.13642 2.36422  80.365  158.001
 25 -42159.16 0.67027 -4.19914 190 0.04919 1.49193 127.352  251.486
 26 -37329.93 0.80066 -3.03249 190 0.02490 1.24897 152.125  260.665
 27 -31428.53 0.85977 -2.29069 190 0.01631 1.16310 163.357  280.379
 28 -22103.37 0.92008 -1.39715 190 0.00869 1.08686 174.815  266.339
 29  -2447.27 0.12471 -2.07396 190 0.70187 8.01875  23.694   16.602
 30 -19286.16 0.29931 -3.98475 190 0.23410 3.34102  56.869   67.011

Obs _pseudoy  _b0     _tol    _predl  _predu _u0 _switch _ni _iter

 23   5.1311 -.003 .00001003  57.063  56.676  .     2     -9   -9 
 24  31.6353 -.003 .00001003  80.674  80.056  .     2     -9   -9 
 25  39.6483 -.003 .00001003 127.774 126.928  .     2     -9   -9 
 26  26.8749 -.003 .00001003 152.498 151.749  .     2     -9   -9 
 27  45.6429 -.003 .00001003 163.671 163.040  .     2     -9   -9 
 28  39.1851 -.003 .00001003 175.035 174.592  .     2     -9   -9 
 29   6.3055 -.003 .00001003  23.719  23.670  .     2     -9   -9 
 30  -7.8689 -.003 .00001003  57.063  56.676  .     2     -9   -9 
The SAS System                        13:06 Friday, October 25, 2002   3

Obs  tree  time    x    y      b1       b2         b3      u1  u2

  1    1     1    118   30  190.000  10.0000  -.003000000   0   0
  2    1     2    484   58  190.000  10.0000  -.003000000   0   0
  3    1     3    664   87  190.000  10.0000  -.003000000   0   0
  4    1     4   1004  115  190.000  10.0000  -.003000000   0   0
  5    1     5   1231  120  190.000  10.0000  -.003000000   0   0
  6    1     6   1372  142  190.000  10.0000  -.003000000   0   0
  7    1     7   1582  145  190.000  10.0000  -.003000000   0   0
  8    2     1    118   33  190.000  10.0000  -.003000000   0   0
  9    2     2    484   69  190.000  10.0000  -.003000000   0   0
 10    2     3    664  111  190.000  10.0000  -.003000000   0   0
 11    2     4   1004  156  190.000  10.0000  -.003000000   0   0
 12    2     5   1231  172  190.000  10.0000  -.003000000   0   0
 13    2     6   1372  203  190.000  10.0000  -.003000000   0   0
 14    2     7   1582  203  190.000  10.0000  -.003000000   0   0
 15    3     1    118   30  190.000  10.0000  -.003000000   0   0
 16    3     2    484   51  190.000  10.0000  -.003000000   0   0

Obs  _one    d_b1     d_b2       d_b3      d_u1     d_u2      num

  1    1   0.12471  -2.07396   -2447.27  0.12471  -2.07396  190.000
  2    1   0.29931  -3.98475  -19286.16  0.29931  -3.98475  190.000
  3    1   0.42297  -4.63727  -30791.35  0.42297  -4.63727  190.000
  4    1   0.67027  -4.19914  -42159.16  0.67027  -4.19914  190.000
  5    1   0.80066  -3.03249  -37329.93  0.80066  -3.03249  190.000
  6    1   0.85977  -2.29069  -31428.53  0.85977  -2.29069  190.000
  7    1   0.92008  -1.39715  -22103.37  0.92008  -1.39715  190.000
  8    1   0.12471  -2.07396   -2447.27  0.12471  -2.07396  190.000
  9    1   0.29931  -3.98475  -19286.16  0.29931  -3.98475  190.000
 10    1   0.42297  -4.63727  -30791.35  0.42297  -4.63727  190.000
 11    1   0.67027  -4.19914  -42159.16  0.67027  -4.19914  190.000
 12    1   0.80066  -3.03249  -37329.93  0.80066  -3.03249  190.000
 13    1   0.85977  -2.29069  -31428.53  0.85977  -2.29069  190.000
 14    1   0.92008  -1.39715  -22103.37  0.92008  -1.39715  190.000
 15    1   0.12471  -2.07396   -2447.27  0.12471  -2.07396  190.000
 16    1   0.29931  -3.98475  -19286.16  0.29931  -3.98475  190.000

Obs     e        den      predv    pseudo_y   _pseudoy       _b0

  1  0.70187   8.01875    23.694     16.602     6.3055   -.003000000
  2  0.23410   3.34102    56.869     76.011     1.1311   -.003000000
  3  0.13642   2.36422    80.365    133.001     6.6353   -.003000000
  4  0.04919   1.49193   127.352    199.486   -12.3517   -.003000000
  5  0.02490   1.24897   152.125    201.665   -32.1251   -.003000000
  6  0.01631   1.16310   163.357    213.379   -21.3571   -.003000000
  7  0.00869   1.08686   174.815    197.339   -29.8149   -.003000000
  8  0.70187   8.01875    23.694     19.602     9.3055   -.003000000
  9  0.23410   3.34102    56.869     87.011    12.1311   -.003000000
 10  0.13642   2.36422    80.365    157.001    30.6353   -.003000000
 11  0.04919   1.49193   127.352    240.486    28.6483   -.003000000
 12  0.02490   1.24897   152.125    253.665    19.8749   -.003000000
 13  0.01631   1.16310   163.357    274.379    39.6429   -.003000000
 14  0.00869   1.08686   174.815    255.339    28.1851   -.003000000
 15  0.70187   8.01875    23.694     16.602     6.3055   -.003000000
 16  0.23410   3.34102    56.869     69.011    -5.8689   -.003000000

Obs        _tol    _predl    _predu   _u0   _switch   _ni   _iter

  1  .000010030    23.719    23.670    .       2       -9     -9 
  2  .000010030    57.063    56.676    .       2       -9     -9 
  3  .000010030    80.674    80.056    .       2       -9     -9 
  4  .000010030   127.774   126.928    .       2       -9     -9 
  5  .000010030   152.498   151.749    .       2       -9     -9 
  6  .000010030   163.671   163.040    .       2       -9     -9 
  7  .000010030   175.035   174.592    .       2       -9     -9 
  8  .000010030    23.719    23.670    .       2       -9     -9 
  9  .000010030    57.063    56.676    .       2       -9     -9 
 10  .000010030    80.674    80.056    .       2       -9     -9 
 11  .000010030   127.774   126.928    .       2       -9     -9 
 12  .000010030   152.498   151.749    .       2       -9     -9 
 13  .000010030   163.671   163.040    .       2       -9     -9 
 14  .000010030   175.035   174.592    .       2       -9     -9 
 15  .000010030    23.719    23.670    .       2       -9     -9 
 16  .000010030    57.063    56.676    .       2       -9     -9 
The SAS System                        13:06 Friday, October 25, 2002   4

Obs  tree  time    x    y      b1       b2         b3      u1  u2

 17    3     3    664   75  190.000  10.0000  -.003000000   0   0
 18    3     4   1004  108  190.000  10.0000  -.003000000   0   0
 19    3     5   1231  115  190.000  10.0000  -.003000000   0   0
 20    3     6   1372  139  190.000  10.0000  -.003000000   0   0
 21    3     7   1582  140  190.000  10.0000  -.003000000   0   0
 22    4     1    118   32  190.000  10.0000  -.003000000   0   0
 23    4     2    484   62  190.000  10.0000  -.003000000   0   0
 24    4     3    664  112  190.000  10.0000  -.003000000   0   0
 25    4     4   1004  167  190.000  10.0000  -.003000000   0   0
 26    4     5   1231  179  190.000  10.0000  -.003000000   0   0
 27    4     6   1372  209  190.000  10.0000  -.003000000   0   0
 28    4     7   1582  214  190.000  10.0000  -.003000000   0   0
 29    5     1    118   30  190.000  10.0000  -.003000000   0   0
 30    5     2    484   49  190.000  10.0000  -.003000000   0   0
 31    5     3    664   81  190.000  10.0000  -.003000000   0   0
 32    5     4   1004  125  190.000  10.0000  -.003000000   0   0

Obs  _one    d_b1     d_b2       d_b3      d_u1     d_u2      num

 17    1   0.42297  -4.63727  -30791.35  0.42297  -4.63727  190.000
 18    1   0.67027  -4.19914  -42159.16  0.67027  -4.19914  190.000
 19    1   0.80066  -3.03249  -37329.93  0.80066  -3.03249  190.000
 20    1   0.85977  -2.29069  -31428.53  0.85977  -2.29069  190.000
 21    1   0.92008  -1.39715  -22103.37  0.92008  -1.39715  190.000
 22    1   0.12471  -2.07396   -2447.27  0.12471  -2.07396  190.000
 23    1   0.29931  -3.98475  -19286.16  0.29931  -3.98475  190.000
 24    1   0.42297  -4.63727  -30791.35  0.42297  -4.63727  190.000
 25    1   0.67027  -4.19914  -42159.16  0.67027  -4.19914  190.000
 26    1   0.80066  -3.03249  -37329.93  0.80066  -3.03249  190.000
 27    1   0.85977  -2.29069  -31428.53  0.85977  -2.29069  190.000
 28    1   0.92008  -1.39715  -22103.37  0.92008  -1.39715  190.000
 29    1   0.12471  -2.07396   -2447.27  0.12471  -2.07396  190.000
 30    1   0.29931  -3.98475  -19286.16  0.29931  -3.98475  190.000
 31    1   0.42297  -4.63727  -30791.35  0.42297  -4.63727  190.000
 32    1   0.67027  -4.19914  -42159.16  0.67027  -4.19914  190.000

Obs     e        den      predv    pseudo_y   _pseudoy       _b0

 17  0.13642   2.36422    80.365    121.001    -5.3647   -.003000000
 18  0.04919   1.49193   127.352    192.486   -19.3517   -.003000000
 19  0.02490   1.24897   152.125    196.665   -37.1251   -.003000000
 20  0.01631   1.16310   163.357    210.379   -24.3571   -.003000000
 21  0.00869   1.08686   174.815    192.339   -34.8149   -.003000000
 22  0.70187   8.01875    23.694     18.602     8.3055   -.003000000
 23  0.23410   3.34102    56.869     80.011     5.1311   -.003000000
 24  0.13642   2.36422    80.365    158.001    31.6353   -.003000000
 25  0.04919   1.49193   127.352    251.486    39.6483   -.003000000
 26  0.02490   1.24897   152.125    260.665    26.8749   -.003000000
 27  0.01631   1.16310   163.357    280.379    45.6429   -.003000000
 28  0.00869   1.08686   174.815    266.339    39.1851   -.003000000
 29  0.70187   8.01875    23.694     16.602     6.3055   -.003000000
 30  0.23410   3.34102    56.869     67.011    -7.8689   -.003000000
 31  0.13642   2.36422    80.365    127.001     0.6353   -.003000000
 32  0.04919   1.49193   127.352    209.486    -2.3517   -.003000000

Obs        _tol    _predl    _predu   _u0   _switch   _ni   _iter

 17  .000010030    80.674    80.056    .       2       -9     -9 
 18  .000010030   127.774   126.928    .       2       -9     -9 
 19  .000010030   152.498   151.749    .       2       -9     -9 
 20  .000010030   163.671   163.040    .       2       -9     -9 
 21  .000010030   175.035   174.592    .       2       -9     -9 
 22  .000010030    23.719    23.670    .       2       -9     -9 
 23  .000010030    57.063    56.676    .       2       -9     -9 
 24  .000010030    80.674    80.056    .       2       -9     -9 
 25  .000010030   127.774   126.928    .       2       -9     -9 
 26  .000010030   152.498   151.749    .       2       -9     -9 
 27  .000010030   163.671   163.040    .       2       -9     -9 
 28  .000010030   175.035   174.592    .       2       -9     -9 
 29  .000010030    23.719    23.670    .       2       -9     -9 
 30  .000010030    57.063    56.676    .       2       -9     -9 
 31  .000010030    80.674    80.056    .       2       -9     -9 
 32  .000010030   127.774   126.928    .       2       -9     -9 
The SAS System                        13:06 Friday, October 25, 2002   5

Obs  tree  time    x    y      b1       b2         b3      u1  u2

 33    5     5   1231  142  190.000  10.0000  -.003000000   0   0
 34    5     6   1372  174  190.000  10.0000  -.003000000   0   0
 35    5     7   1582  177  190.000  10.0000  -.003000000   0   0
 36    1     1    118   30  192.688   7.8566  -.002828586   0   0
 37    1     2    484   58  192.688   7.8566  -.002828586   0   0
 38    1     3    664   87  192.688   7.8566  -.002828586   0   0
 39    1     4   1004  115  192.688   7.8566  -.002828586   0   0
 40    1     5   1231  120  192.688   7.8566  -.002828586   0   0
 41    1     6   1372  142  192.688   7.8566  -.002828586   0   0
 42    1     7   1582  145  192.688   7.8566  -.002828586   0   0
 43    2     1    118   33  192.688   7.8566  -.002828586   0   0
 44    2     2    484   69  192.688   7.8566  -.002828586   0   0
 45    2     3    664  111  192.688   7.8566  -.002828586   0   0
 46    2     4   1004  156  192.688   7.8566  -.002828586   0   0
 47    2     5   1231  172  192.688   7.8566  -.002828586   0   0
 48    2     6   1372  203  192.688   7.8566  -.002828586   0   0

Obs  _one    d_b1     d_b2       d_b3      d_u1     d_u2      num

 33    1   0.80066  -3.03249  -37329.93  0.80066  -3.03249  190.000
 34    1   0.85977  -2.29069  -31428.53  0.85977  -2.29069  190.000
 35    1   0.92008  -1.39715  -22103.37  0.92008  -1.39715  190.000
 36    1    .         .             .     .         .          .   
 37    1    .         .             .     .         .          .   
 38    1    .         .             .     .         .          .   
 39    1    .         .             .     .         .          .   
 40    1    .         .             .     .         .          .   
 41    1    .         .             .     .         .          .   
 42    1    .         .             .     .         .          .   
 43    1    .         .             .     .         .          .   
 44    1    .         .             .     .         .          .   
 45    1    .         .             .     .         .          .   
 46    1    .         .             .     .         .          .   
 47    1    .         .             .     .         .          .   
 48    1    .         .             .     .         .          .   

Obs     e        den      predv    pseudo_y   _pseudoy       _b0

 33  0.02490   1.24897   152.125    223.665   -10.1251   -.003000000
 34  0.01631   1.16310   163.357    245.379    10.6429   -.003000000
 35  0.00869   1.08686   174.815    229.339     2.1851   -.003000000
 36   .         .           .          .         .        .         
 37   .         .           .          .         .        .         
 38   .         .           .          .         .        .         
 39   .         .           .          .         .        .         
 40   .         .           .          .         .        .         
 41   .         .           .          .         .        .         
 42   .         .           .          .         .        .         
 43   .         .           .          .         .        .         
 44   .         .           .          .         .        .         
 45   .         .           .          .         .        .         
 46   .         .           .          .         .        .         
 47   .         .           .          .         .        .         
 48   .         .           .          .         .        .         

Obs        _tol    _predl    _predu   _u0   _switch   _ni   _iter

 33  .000010030   152.498   151.749    .       2       -9     -9 
 34  .000010030   163.671   163.040    .       2       -9     -9 
 35  .000010030   175.035   174.592    .       2       -9     -9 
 36  .               .         .       .       2       -8     -8 
 37  .               .         .       .       2       -8     -8 
 38  .               .         .       .       2       -8     -8 
 39  .               .         .       .       2       -8     -8 
 40  .               .         .       .       2       -8     -8 
 41  .               .         .       .       2       -8     -8 
 42  .               .         .       .       2       -8     -8 
 43  .               .         .       .       2       -8     -8 
 44  .               .         .       .       2       -8     -8 
 45  .               .         .       .       2       -8     -8 
 46  .               .         .       .       2       -8     -8 
 47  .               .         .       .       2       -8     -8 
 48  .               .         .       .       2       -8     -8 
The SAS System                        13:06 Friday, October 25, 2002   6

Obs  tree  time    x    y      b1       b2         b3      u1  u2

 49    2     7   1582  203  192.688  7.85659  -.002828586   0   0
 50    3     1    118   30  192.688  7.85659  -.002828586   0   0
 51    3     2    484   51  192.688  7.85659  -.002828586   0   0
 52    3     3    664   75  192.688  7.85659  -.002828586   0   0
 53    3     4   1004  108  192.688  7.85659  -.002828586   0   0
 54    3     5   1231  115  192.688  7.85659  -.002828586   0   0
 55    3     6   1372  139  192.688  7.85659  -.002828586   0   0
 56    3     7   1582  140  192.688  7.85659  -.002828586   0   0
 57    4     1    118   32  192.688  7.85659  -.002828586   0   0
 58    4     2    484   62  192.688  7.85659  -.002828586   0   0
 59    4     3    664  112  192.688  7.85659  -.002828586   0   0
 60    4     4   1004  167  192.688  7.85659  -.002828586   0   0
 61    4     5   1231  179  192.688  7.85659  -.002828586   0   0
 62    4     6   1372  209  192.688  7.85659  -.002828586   0   0
 63    4     7   1582  214  192.688  7.85659  -.002828586   0   0
 64    5     1    118   30  192.688  7.85659  -.002828586   0   0

Obs  _one    d_b1     d_b2       d_b3      d_u1     d_u2      num

 49    1    .         .             .     .         .          .   
 50    1    .         .             .     .         .          .   
 51    1    .         .             .     .         .          .   
 52    1    .         .             .     .         .          .   
 53    1    .         .             .     .         .          .   
 54    1    .         .             .     .         .          .   
 55    1    .         .             .     .         .          .   
 56    1    .         .             .     .         .          .   
 57    1    .         .             .     .         .          .   
 58    1    .         .             .     .         .          .   
 59    1    .         .             .     .         .          .   
 60    1    .         .             .     .         .          .   
 61    1    .         .             .     .         .          .   
 62    1    .         .             .     .         .          .   
 63    1    .         .             .     .         .          .   
 64    1    .         .             .     .         .          .   

Obs     e        den      predv    pseudo_y   _pseudoy       _b0

 49   .         .           .          .         .        .         
 50   .         .           .          .         .        .         
 51   .         .           .          .         .        .         
 52   .         .           .          .         .        .         
 53   .         .           .          .         .        .         
 54   .         .           .          .         .        .         
 55   .         .           .          .         .        .         
 56   .         .           .          .         .        .         
 57   .         .           .          .         .        .         
 58   .         .           .          .         .        .         
 59   .         .           .          .         .        .         
 60   .         .           .          .         .        .         
 61   .         .           .          .         .        .         
 62   .         .           .          .         .        .         
 63   .         .           .          .         .        .         
 64   .         .           .          .         .        .         

Obs        _tol    _predl    _predu   _u0   _switch   _ni   _iter

 49  .               .         .       .       2       -8     -8 
 50  .               .         .       .       2       -8     -8 
 51  .               .         .       .       2       -8     -8 
 52  .               .         .       .       2       -8     -8 
 53  .               .         .       .       2       -8     -8 
 54  .               .         .       .       2       -8     -8 
 55  .               .         .       .       2       -8     -8 
 56  .               .         .       .       2       -8     -8 
 57  .               .         .       .       2       -8     -8 
 58  .               .         .       .       2       -8     -8 
 59  .               .         .       .       2       -8     -8 
 60  .               .         .       .       2       -8     -8 
 61  .               .         .       .       2       -8     -8 
 62  .               .         .       .       2       -8     -8 
 63  .               .         .       .       2       -8     -8 
 64  .               .         .       .       2       -8     -8 
The SAS System                        13:06 Friday, October 25, 2002   7

Obs  tree  time    x    y      b1       b2         b3      u1  u2

 65    5     2    484   49  192.688  7.85659  -.002828586   0   0
 66    5     3    664   81  192.688  7.85659  -.002828586   0   0
 67    5     4   1004  125  192.688  7.85659  -.002828586   0   0
 68    5     5   1231  142  192.688  7.85659  -.002828586   0   0
 69    5     6   1372  174  192.688  7.85659  -.002828586   0   0
 70    5     7   1582  177  192.688  7.85659  -.002828586   0   0
 71    1     1    118   30  192.688  7.85659  -.002828586   0   0
 72    1     2    484   58  192.688  7.85659  -.002828586   0   0
 73    1     3    664   87  192.688  7.85659  -.002828586   0   0
 74    1     4   1004  115  192.688  7.85659  -.002828586   0   0
 75    1     5   1231  120  192.688  7.85659  -.002828586   0   0
 76    1     6   1372  142  192.688  7.85659  -.002828586   0   0
 77    1     7   1582  145  192.688  7.85659  -.002828586   0   0
 78    2     1    118   33  192.688  7.85659  -.002828586   0   0
 79    2     2    484   69  192.688  7.85659  -.002828586   0   0
 80    2     3    664  111  192.688  7.85659  -.002828586   0   0

Obs  _one    d_b1     d_b2       d_b3      d_u1     d_u2      num

 65    1    .         .             .     .         .          .   
 66    1    .         .             .     .         .          .   
 67    1    .         .             .     .         .          .   
 68    1    .         .             .     .         .          .   
 69    1    .         .             .     .         .          .   
 70    1    .         .             .     .         .          .   
 71    1   0.15090  -3.14241   -2913.25  0.15090  -3.14241  192.688
 72    1   0.33352  -5.45165  -20730.35  0.33352  -5.45165  192.688
 73    1   0.45433  -6.08027  -31719.26  0.45433  -6.08027  192.688
 74    1   0.68537  -5.28869  -41717.02  0.68537  -5.28869  192.688
 75    1   0.80544  -3.84335  -37170.87  0.80544  -3.84335  192.688
 76    1   0.86050  -2.94401  -31734.49  0.86050  -2.94401  192.688
 77    1   0.91785  -1.84929  -22985.62  0.91785  -1.84929  192.688
 78    1   0.15090  -3.14241   -2913.25  0.15090  -3.14241  192.688
 79    1   0.33352  -5.45165  -20730.35  0.33352  -5.45165  192.688
 80    1   0.45433  -6.08027  -31719.26  0.45433  -6.08027  192.688

Obs     e        den      predv    pseudo_y   _pseudoy       _b0

 65   .         .           .          .         .        .         
 66   .         .           .          .         .        .         
 67   .         .           .          .         .        .         
 68   .         .           .          .         .        .         
 69   .         .           .          .         .        .         
 70   .         .           .          .         .        .         
 71  0.71622   6.62702    29.076     13.552     0.9239   -.002828586
 72  0.25435   2.99834    64.265     73.806    -6.2648   -.002828586
 73  0.15287   2.20102    87.545    128.950    -0.5448   -.002828586
 74  0.05843   1.45907   132.062    191.449   -17.0619   -.002828586
 75  0.03075   1.24156   155.198    194.945   -35.1981   -.002828586
 76  0.02063   1.16211   165.808    208.634   -23.8083   -.002828586
 77  0.01139   1.08950   176.858    195.488   -31.8583   -.002828586
 78  0.71622   6.62702    29.076     16.552     3.9239   -.002828586
 79  0.25435   2.99834    64.265     84.806     4.7352   -.002828586
 80  0.15287   2.20102    87.545    152.950    23.4552   -.002828586

Obs        _tol    _predl    _predu   _u0   _switch   _ni   _iter

 65  .               .         .       .       2       -8     -8 
 66  .               .         .       .       2       -8     -8 
 67  .               .         .       .       2       -8     -8 
 68  .               .         .       .       2       -8     -8 
 69  .               .         .       .       2       -8     -8 
 70  .               .         .       .       2       -8     -8 
 71  .000010028    29.105    29.047    .       2        0      0 
 72  .000010028    64.473    64.057    .       2        0      0 
 73  .000010028    87.863    87.227    .       2        0      0 
 74  .000010028   132.479   131.643    .       2        0      0 
 75  .000010028   155.569   154.824    .       2        0      0 
 76  .000010028   166.125   165.488    .       2        0      0 
 77  .000010028   177.087   176.626    .       2        0      0 
 78  .000010028    29.105    29.047    .       2        0      0 
 79  .000010028    64.473    64.057    .       2        0      0 
 80  .000010028    87.863    87.227    .       2        0      0 
The SAS System                        13:06 Friday, October 25, 2002   8

Obs  tree  time    x    y      b1       b2         b3      u1  u2

 81    2     4   1004  156  192.688  7.85659  -.002828586   0   0
 82    2     5   1231  172  192.688  7.85659  -.002828586   0   0
 83    2     6   1372  203  192.688  7.85659  -.002828586   0   0
 84    2     7   1582  203  192.688  7.85659  -.002828586   0   0
 85    3     1    118   30  192.688  7.85659  -.002828586   0   0
 86    3     2    484   51  192.688  7.85659  -.002828586   0   0
 87    3     3    664   75  192.688  7.85659  -.002828586   0   0
 88    3     4   1004  108  192.688  7.85659  -.002828586   0   0
 89    3     5   1231  115  192.688  7.85659  -.002828586   0   0
 90    3     6   1372  139  192.688  7.85659  -.002828586   0   0
 91    3     7   1582  140  192.688  7.85659  -.002828586   0   0
 92    4     1    118   32  192.688  7.85659  -.002828586   0   0
 93    4     2    484   62  192.688  7.85659  -.002828586   0   0
 94    4     3    664  112  192.688  7.85659  -.002828586   0   0
 95    4     4   1004  167  192.688  7.85659  -.002828586   0   0
 96    4     5   1231  179  192.688  7.85659  -.002828586   0   0

Obs  _one    d_b1     d_b2       d_b3      d_u1     d_u2      num

 81    1   0.68537  -5.28869  -41717.02  0.68537  -5.28869  192.688
 82    1   0.80544  -3.84335  -37170.87  0.80544  -3.84335  192.688
 83    1   0.86050  -2.94401  -31734.49  0.86050  -2.94401  192.688
 84    1   0.91785  -1.84929  -22985.62  0.91785  -1.84929  192.688
 85    1   0.15090  -3.14241   -2913.25  0.15090  -3.14241  192.688
 86    1   0.33352  -5.45165  -20730.35  0.33352  -5.45165  192.688
 87    1   0.45433  -6.08027  -31719.26  0.45433  -6.08027  192.688
 88    1   0.68537  -5.28869  -41717.02  0.68537  -5.28869  192.688
 89    1   0.80544  -3.84335  -37170.87  0.80544  -3.84335  192.688
 90    1   0.86050  -2.94401  -31734.49  0.86050  -2.94401  192.688
 91    1   0.91785  -1.84929  -22985.62  0.91785  -1.84929  192.688
 92    1   0.15090  -3.14241   -2913.25  0.15090  -3.14241  192.688
 93    1   0.33352  -5.45165  -20730.35  0.33352  -5.45165  192.688
 94    1   0.45433  -6.08027  -31719.26  0.45433  -6.08027  192.688
 95    1   0.68537  -5.28869  -41717.02  0.68537  -5.28869  192.688
 96    1   0.80544  -3.84335  -37170.87  0.80544  -3.84335  192.688

Obs     e        den      predv    pseudo_y   _pseudoy       _b0

 81  0.05843   1.45907   132.062    232.449    23.9381   -.002828586
 82  0.03075   1.24156   155.198    246.945    16.8019   -.002828586
 83  0.02063   1.16211   165.808    269.634    37.1917   -.002828586
 84  0.01139   1.08950   176.858    253.488    26.1417   -.002828586
 85  0.71622   6.62702    29.076     13.552     0.9239   -.002828586
 86  0.25435   2.99834    64.265     66.806   -13.2648   -.002828586
 87  0.15287   2.20102    87.545    116.950   -12.5448   -.002828586
 88  0.05843   1.45907   132.062    184.449   -24.0619   -.002828586
 89  0.03075   1.24156   155.198    189.945   -40.1981   -.002828586
 90  0.02063   1.16211   165.808    205.634   -26.8083   -.002828586
 91  0.01139   1.08950   176.858    190.488   -36.8583   -.002828586
 92  0.71622   6.62702    29.076     15.552     2.9239   -.002828586
 93  0.25435   2.99834    64.265     77.806    -2.2648   -.002828586
 94  0.15287   2.20102    87.545    153.950    24.4552   -.002828586
 95  0.05843   1.45907   132.062    243.449    34.9381   -.002828586
 96  0.03075   1.24156   155.198    253.945    23.8019   -.002828586

Obs        _tol    _predl    _predu   _u0   _switch   _ni   _iter

 81  .000010028   132.479   131.643    .       2       0      0  
 82  .000010028   155.569   154.824    .       2       0      0  
 83  .000010028   166.125   165.488    .       2       0      0  
 84  .000010028   177.087   176.626    .       2       0      0  
 85  .000010028    29.105    29.047    .       2       0      0  
 86  .000010028    64.473    64.057    .       2       0      0  
 87  .000010028    87.863    87.227    .       2       0      0  
 88  .000010028   132.479   131.643    .       2       0      0  
 89  .000010028   155.569   154.824    .       2       0      0  
 90  .000010028   166.125   165.488    .       2       0      0  
 91  .000010028   177.087   176.626    .       2       0      0  
 92  .000010028    29.105    29.047    .       2       0      0  
 93  .000010028    64.473    64.057    .       2       0      0  
 94  .000010028    87.863    87.227    .       2       0      0  
 95  .000010028   132.479   131.643    .       2       0      0  
 96  .000010028   155.569   154.824    .       2       0      0  
The SAS System                        13:06 Friday, October 25, 2002   9

Obs  tree  time    x    y      b1       b2         b3      u1  u2

 97    4     6   1372  209  192.688  7.85659  -.002828586   0   0
 98    4     7   1582  214  192.688  7.85659  -.002828586   0   0
 99    5     1    118   30  192.688  7.85659  -.002828586   0   0
100    5     2    484   49  192.688  7.85659  -.002828586   0   0
101    5     3    664   81  192.688  7.85659  -.002828586   0   0
102    5     4   1004  125  192.688  7.85659  -.002828586   0   0
103    5     5   1231  142  192.688  7.85659  -.002828586   0   0
104    5     6   1372  174  192.688  7.85659  -.002828586   0   0
105    5     7   1582  177  192.688  7.85659  -.002828586   0   0
106    1     1    118   30  192.688  7.85656  -.002828585   0   0
107    1     2    484   58  192.688  7.85656  -.002828585   0   0
108    1     3    664   87  192.688  7.85656  -.002828585   0   0
109    1     4   1004  115  192.688  7.85656  -.002828585   0   0
110    1     5   1231  120  192.688  7.85656  -.002828585   0   0
111    1     6   1372  142  192.688  7.85656  -.002828585   0   0
112    1     7   1582  145  192.688  7.85656  -.002828585   0   0

Obs  _one    d_b1     d_b2       d_b3      d_u1     d_u2      num

 97    1   0.86050  -2.94401  -31734.49  0.86050  -2.94401  192.688
 98    1   0.91785  -1.84929  -22985.62  0.91785  -1.84929  192.688
 99    1   0.15090  -3.14241   -2913.25  0.15090  -3.14241  192.688
100    1   0.33352  -5.45165  -20730.35  0.33352  -5.45165  192.688
101    1   0.45433  -6.08027  -31719.26  0.45433  -6.08027  192.688
102    1   0.68537  -5.28869  -41717.02  0.68537  -5.28869  192.688
103    1   0.80544  -3.84335  -37170.87  0.80544  -3.84335  192.688
104    1   0.86050  -2.94401  -31734.49  0.86050  -2.94401  192.688
105    1   0.91785  -1.84929  -22985.62  0.91785  -1.84929  192.688
106    1   0.15090  -3.14242   -2913.26  0.15090  -3.14242  192.688
107    1   0.33352  -5.45166  -20730.34  0.33352  -5.45166  192.688
108    1   0.45434  -6.08028  -31719.23  0.45434  -6.08028  192.688
109    1   0.68537  -5.28869  -41716.93  0.68537  -5.28869  192.688
110    1   0.80544  -3.84335  -37170.77  0.80544  -3.84335  192.688
111    1   0.86050  -2.94401  -31734.40  0.86050  -2.94401  192.688
112    1   0.91785  -1.84929  -22985.54  0.91785  -1.84929  192.688

Obs     e        den      predv    pseudo_y   _pseudoy       _b0

 97  0.02063   1.16211   165.808    275.634    43.1917   -.002828586
 98  0.01139   1.08950   176.858    264.488    37.1417   -.002828586
 99  0.71622   6.62702    29.076     13.552     0.9239   -.002828586
100  0.25435   2.99834    64.265     64.806   -15.2648   -.002828586
101  0.15287   2.20102    87.545    122.950    -6.5448   -.002828586
102  0.05843   1.45907   132.062    201.449    -7.0619   -.002828586
103  0.03075   1.24156   155.198    216.945   -13.1981   -.002828586
104  0.02063   1.16211   165.808    240.634     8.1917   -.002828586
105  0.01139   1.08950   176.858    227.488     0.1417   -.002828586
106  0.71622   6.62700    29.076     13.552     0.9239   -.002828585
107  0.25435   2.99833    64.265     73.806    -6.2649   -.002828585
108  0.15287   2.20102    87.545    128.950    -0.5448   -.002828585
109  0.05843   1.45907   132.062    191.449   -17.0618   -.002828585
110  0.03075   1.24156   155.198    194.945   -35.1980   -.002828585
111  0.02063   1.16211   165.808    208.634   -23.8081   -.002828585
112  0.01139   1.08950   176.858    195.487   -31.8581   -.002828585

Obs        _tol    _predl    _predu   _u0   _switch   _ni   _iter

 97  .000010028   166.125   165.488    .       2       0      0  
 98  .000010028   177.087   176.626    .       2       0      0  
 99  .000010028    29.105    29.047    .       2       0      0  
100  .000010028    64.473    64.057    .       2       0      0  
101  .000010028    87.863    87.227    .       2       0      0  
102  .000010028   132.479   131.643    .       2       0      0  
103  .000010028   155.569   154.824    .       2       0      0  
104  .000010028   166.125   165.488    .       2       0      0  
105  .000010028   177.087   176.626    .       2       0      0  
106  .000010028    29.105    29.047    .       2       1      1  
107  .000010028    64.473    64.057    .       2       1      1  
108  .000010028    87.863    87.227    .       2       1      1  
109  .000010028   132.479   131.643    .       2       1      1  
110  .000010028   155.569   154.824    .       2       1      1  
111  .000010028   166.125   165.488    .       2       1      1  
112  .000010028   177.087   176.626    .       2       1      1  
The SAS System                        13:06 Friday, October 25, 2002  10

Obs tree  time    x    y      b1       b2         b3            u1

113   2     1    118   33  192.688  7.85656  -.002828585    0.0000
114   2     2    484   69  192.688  7.85656  -.002828585    0.0000
115   2     3    664  111  192.688  7.85656  -.002828585    0.0000
116   2     4   1004  156  192.688  7.85656  -.002828585    0.0000
117   2     5   1231  172  192.688  7.85656  -.002828585    0.0000
118   2     6   1372  203  192.688  7.85656  -.002828585    0.0000
119   2     7   1582  203  192.688  7.85656  -.002828585    0.0000
120   3     1    118   30  192.688  7.85656  -.002828585    0.0000
121   3     2    484   51  192.688  7.85656  -.002828585    0.0000
122   3     3    664   75  192.688  7.85656  -.002828585    0.0000
123   3     4   1004  108  192.688  7.85656  -.002828585    0.0000
124   3     5   1231  115  192.688  7.85656  -.002828585    0.0000
125   3     6   1372  139  192.688  7.85656  -.002828585    0.0000
126   3     7   1582  140  192.688  7.85656  -.002828585    0.0000
127   4     1    118   32  192.688  7.85656  -.002828585    0.0000
128   4     2    484   62  192.688  7.85656  -.002828585    0.0000

Obs    u2     _one    d_b1     d_b2       d_b3      d_u1     d_u2

113  0.00000    1   0.15090  -3.14242   -2913.26  0.15090  -3.14242
114  0.00000    1   0.33352  -5.45166  -20730.34  0.33352  -5.45166
115  0.00000    1   0.45434  -6.08028  -31719.23  0.45434  -6.08028
116  0.00000    1   0.68537  -5.28869  -41716.93  0.68537  -5.28869
117  0.00000    1   0.80544  -3.84335  -37170.77  0.80544  -3.84335
118  0.00000    1   0.86050  -2.94401  -31734.40  0.86050  -2.94401
119  0.00000    1   0.91785  -1.84929  -22985.54  0.91785  -1.84929
120  0.00000    1   0.15090  -3.14242   -2913.26  0.15090  -3.14242
121  0.00000    1   0.33352  -5.45166  -20730.34  0.33352  -5.45166
122  0.00000    1   0.45434  -6.08028  -31719.23  0.45434  -6.08028
123  0.00000    1   0.68537  -5.28869  -41716.93  0.68537  -5.28869
124  0.00000    1   0.80544  -3.84335  -37170.77  0.80544  -3.84335
125  0.00000    1   0.86050  -2.94401  -31734.40  0.86050  -2.94401
126  0.00000    1   0.91785  -1.84929  -22985.54  0.91785  -1.84929
127  0.00000    1   0.15090  -3.14242   -2913.26  0.15090  -3.14242
128  0.00000    1   0.33352  -5.45166  -20730.34  0.33352  -5.45166

Obs   num       e       den     predv   pseudo_y  _pseudoy      _b0

113 192.688  0.71622  6.62700   29.076    16.552    3.9239  -.002828585
114 192.688  0.25435  2.99833   64.265    84.806    4.7351  -.002828585
115 192.688  0.15287  2.20102   87.545   152.950   23.4552  -.002828585
116 192.688  0.05843  1.45907  132.062   232.449   23.9382  -.002828585
117 192.688  0.03075  1.24156  155.198   246.945   16.8020  -.002828585
118 192.688  0.02063  1.16211  165.808   269.634   37.1919  -.002828585
119 192.688  0.01139  1.08950  176.858   253.487   26.1419  -.002828585
120 192.688  0.71622  6.62700   29.076    13.552    0.9239  -.002828585
121 192.688  0.25435  2.99833   64.265    66.806  -13.2649  -.002828585
122 192.688  0.15287  2.20102   87.545   116.950  -12.5448  -.002828585
123 192.688  0.05843  1.45907  132.062   184.449  -24.0618  -.002828585
124 192.688  0.03075  1.24156  155.198   189.945  -40.1980  -.002828585
125 192.688  0.02063  1.16211  165.808   205.634  -26.8081  -.002828585
126 192.688  0.01139  1.08950  176.858   190.487  -36.8581  -.002828585
127 192.688  0.71622  6.62700   29.076    15.552    2.9239  -.002828585
128 192.688  0.25435  2.99833   64.265    77.806   -2.2649  -.002828585

Obs       _tol    _predl    _predu   _u0   _switch   _ni   _iter

113 .000010028    29.105    29.047    .       2       1      1  
114 .000010028    64.473    64.057    .       2       1      1  
115 .000010028    87.863    87.227    .       2       1      1  
116 .000010028   132.479   131.643    .       2       1      1  
117 .000010028   155.569   154.824    .       2       1      1  
118 .000010028   166.125   165.488    .       2       1      1  
119 .000010028   177.087   176.626    .       2       1      1  
120 .000010028    29.105    29.047    .       2       1      1  
121 .000010028    64.473    64.057    .       2       1      1  
122 .000010028    87.863    87.227    .       2       1      1  
123 .000010028   132.479   131.643    .       2       1      1  
124 .000010028   155.569   154.824    .       2       1      1  
125 .000010028   166.125   165.488    .       2       1      1  
126 .000010028   177.087   176.626    .       2       1      1  
127 .000010028    29.105    29.047    .       2       1      1  
128 .000010028    64.473    64.057    .       2       1      1  
The SAS System                        13:06 Friday, October 25, 2002  11

Obs tree  time    x    y      b1       b2         b3            u1

129   4     3    664  112  192.688  7.85656  -.002828585    0.0000
130   4     4   1004  167  192.688  7.85656  -.002828585    0.0000
131   4     5   1231  179  192.688  7.85656  -.002828585    0.0000
132   4     6   1372  209  192.688  7.85656  -.002828585    0.0000
133   4     7   1582  214  192.688  7.85656  -.002828585    0.0000
134   5     1    118   30  192.688  7.85656  -.002828585    0.0000
135   5     2    484   49  192.688  7.85656  -.002828585    0.0000
136   5     3    664   81  192.688  7.85656  -.002828585    0.0000
137   5     4   1004  125  192.688  7.85656  -.002828585    0.0000
138   5     5   1231  142  192.688  7.85656  -.002828585    0.0000
139   5     6   1372  174  192.688  7.85656  -.002828585    0.0000
140   5     7   1582  177  192.688  7.85656  -.002828585    0.0000
141   1     1    118   30  192.688  7.85657  -.002828585    0.0000
142   1     2    484   58  192.688  7.85657  -.002828585    0.0000
143   1     3    664   87  192.688  7.85657  -.002828585    0.0000
144   1     4   1004  115  192.688  7.85657  -.002828585    0.0000

Obs    u2     _one    d_b1     d_b2       d_b3      d_u1     d_u2

129  0.00000    1   0.45434  -6.08028  -31719.23  0.45434  -6.08028
130  0.00000    1   0.68537  -5.28869  -41716.93  0.68537  -5.28869
131  0.00000    1   0.80544  -3.84335  -37170.77  0.80544  -3.84335
132  0.00000    1   0.86050  -2.94401  -31734.40  0.86050  -2.94401
133  0.00000    1   0.91785  -1.84929  -22985.54  0.91785  -1.84929
134  0.00000    1   0.15090  -3.14242   -2913.26  0.15090  -3.14242
135  0.00000    1   0.33352  -5.45166  -20730.34  0.33352  -5.45166
136  0.00000    1   0.45434  -6.08028  -31719.23  0.45434  -6.08028
137  0.00000    1   0.68537  -5.28869  -41716.93  0.68537  -5.28869
138  0.00000    1   0.80544  -3.84335  -37170.77  0.80544  -3.84335
139  0.00000    1   0.86050  -2.94401  -31734.40  0.86050  -2.94401
140  0.00000    1   0.91785  -1.84929  -22985.54  0.91785  -1.84929
141  0.00000    1   0.15090  -3.14242   -2913.26  0.15090  -3.14242
142  0.00000    1   0.33352  -5.45166  -20730.34  0.33352  -5.45166
143  0.00000    1   0.45434  -6.08028  -31719.23  0.45434  -6.08028
144  0.00000    1   0.68537  -5.28869  -41716.93  0.68537  -5.28869

Obs   num       e       den     predv   pseudo_y  _pseudoy      _b0

129 192.688  0.15287  2.20102   87.545   153.950   24.4552  -.002828585
130 192.688  0.05843  1.45907  132.062   243.449   34.9382  -.002828585
131 192.688  0.03075  1.24156  155.198   253.945   23.8020  -.002828585
132 192.688  0.02063  1.16211  165.808   275.634   43.1919  -.002828585
133 192.688  0.01139  1.08950  176.858   264.487   37.1419  -.002828585
134 192.688  0.71622  6.62700   29.076    13.552    0.9239  -.002828585
135 192.688  0.25435  2.99833   64.265    64.806  -15.2649  -.002828585
136 192.688  0.15287  2.20102   87.545   122.950   -6.5448  -.002828585
137 192.688  0.05843  1.45907  132.062   201.449   -7.0618  -.002828585
138 192.688  0.03075  1.24156  155.198   216.945  -13.1980  -.002828585
139 192.688  0.02063  1.16211  165.808   240.634    8.1919  -.002828585
140 192.688  0.01139  1.08950  176.858   227.487    0.1419  -.002828585
141 192.688  0.71622  6.62700   29.076    13.552    0.9239  -.002828585
142 192.688  0.25435  2.99833   64.265    73.806   -6.2649  -.002828585
143 192.688  0.15287  2.20102   87.545   128.950   -0.5448  -.002828585
144 192.688  0.05843  1.45907  132.062   191.449  -17.0618  -.002828585

Obs       _tol    _predl    _predu   _u0   _switch   _ni   _iter

129 .000010028    87.863    87.227    .       2       1      1  
130 .000010028   132.479   131.643    .       2       1      1  
131 .000010028   155.569   154.824    .       2       1      1  
132 .000010028   166.125   165.488    .       2       1      1  
133 .000010028   177.087   176.626    .       2       1      1  
134 .000010028    29.105    29.047    .       2       1      1  
135 .000010028    64.473    64.057    .       2       1      1  
136 .000010028    87.863    87.227    .       2       1      1  
137 .000010028   132.479   131.643    .       2       1      1  
138 .000010028   155.569   154.824    .       2       1      1  
139 .000010028   166.125   165.488    .       2       1      1  
140 .000010028   177.087   176.626    .       2       1      1  
141 .000010028    29.105    29.047    .       0       0      2  
142 .000010028    64.473    64.057    .       0       0      2  
143 .000010028    87.863    87.227    .       0       0      2  
144 .000010028   132.479   131.643    .       0       0      2  
The SAS System                        13:06 Friday, October 25, 2002  12

Obs tree  time    x    y      b1       b2         b3            u1

145   1     5   1231  120  192.688  7.85657  -.002828585    0.0000
146   1     6   1372  142  192.688  7.85657  -.002828585    0.0000
147   1     7   1582  145  192.688  7.85657  -.002828585    0.0000
148   2     1    118   33  192.688  7.85657  -.002828585    0.0000
149   2     2    484   69  192.688  7.85657  -.002828585    0.0000
150   2     3    664  111  192.688  7.85657  -.002828585    0.0000
151   2     4   1004  156  192.688  7.85657  -.002828585    0.0000
152   2     5   1231  172  192.688  7.85657  -.002828585    0.0000
153   2     6   1372  203  192.688  7.85657  -.002828585    0.0000
154   2     7   1582  203  192.688  7.85657  -.002828585    0.0000
155   3     1    118   30  192.688  7.85657  -.002828585    0.0000
156   3     2    484   51  192.688  7.85657  -.002828585    0.0000
157   3     3    664   75  192.688  7.85657  -.002828585    0.0000
158   3     4   1004  108  192.688  7.85657  -.002828585    0.0000
159   3     5   1231  115  192.688  7.85657  -.002828585    0.0000
160   3     6   1372  139  192.688  7.85657  -.002828585    0.0000

Obs    u2     _one    d_b1     d_b2       d_b3      d_u1     d_u2

145  0.00000    1   0.80544  -3.84335  -37170.77  0.80544  -3.84335
146  0.00000    1   0.86050  -2.94401  -31734.40  0.86050  -2.94401
147  0.00000    1   0.91785  -1.84929  -22985.54  0.91785  -1.84929
148  0.00000    1   0.15090  -3.14242   -2913.26  0.15090  -3.14242
149  0.00000    1   0.33352  -5.45166  -20730.34  0.33352  -5.45166
150  0.00000    1   0.45434  -6.08028  -31719.23  0.45434  -6.08028
151  0.00000    1   0.68537  -5.28869  -41716.93  0.68537  -5.28869
152  0.00000    1   0.80544  -3.84335  -37170.77  0.80544  -3.84335
153  0.00000    1   0.86050  -2.94401  -31734.40  0.86050  -2.94401
154  0.00000    1   0.91785  -1.84929  -22985.54  0.91785  -1.84929
155  0.00000    1   0.15090  -3.14242   -2913.26  0.15090  -3.14242
156  0.00000    1   0.33352  -5.45166  -20730.34  0.33352  -5.45166
157  0.00000    1   0.45434  -6.08028  -31719.23  0.45434  -6.08028
158  0.00000    1   0.68537  -5.28869  -41716.93  0.68537  -5.28869
159  0.00000    1   0.80544  -3.84335  -37170.77  0.80544  -3.84335
160  0.00000    1   0.86050  -2.94401  -31734.40  0.86050  -2.94401

Obs   num       e       den     predv   pseudo_y  _pseudoy      _b0

145 192.688  0.03075  1.24156  155.198   194.945  -35.1980  -.002828585
146 192.688  0.02063  1.16211  165.808   208.634  -23.8081  -.002828585
147 192.688  0.01139  1.08950  176.858   195.487  -31.8581  -.002828585
148 192.688  0.71622  6.62700   29.076    16.552    3.9239  -.002828585
149 192.688  0.25435  2.99833   64.265    84.806    4.7351  -.002828585
150 192.688  0.15287  2.20102   87.545   152.950   23.4552  -.002828585
151 192.688  0.05843  1.45907  132.062   232.449   23.9382  -.002828585
152 192.688  0.03075  1.24156  155.198   246.945   16.8020  -.002828585
153 192.688  0.02063  1.16211  165.808   269.634   37.1919  -.002828585
154 192.688  0.01139  1.08950  176.858   253.487   26.1419  -.002828585
155 192.688  0.71622  6.62700   29.076    13.552    0.9239  -.002828585
156 192.688  0.25435  2.99833   64.265    66.806  -13.2649  -.002828585
157 192.688  0.15287  2.20102   87.545   116.950  -12.5448  -.002828585
158 192.688  0.05843  1.45907  132.062   184.449  -24.0618  -.002828585
159 192.688  0.03075  1.24156  155.198   189.945  -40.1980  -.002828585
160 192.688  0.02063  1.16211  165.808   205.634  -26.8081  -.002828585

Obs       _tol    _predl    _predu   _u0   _switch   _ni   _iter

145 .000010028   155.569   154.824    .       0       0      2  
146 .000010028   166.125   165.488    .       0       0      2  
147 .000010028   177.087   176.626    .       0       0      2  
148 .000010028    29.105    29.047    .       0       0      2  
149 .000010028    64.473    64.057    .       0       0      2  
150 .000010028    87.863    87.227    .       0       0      2  
151 .000010028   132.479   131.643    .       0       0      2  
152 .000010028   155.569   154.824    .       0       0      2  
153 .000010028   166.125   165.488    .       0       0      2  
154 .000010028   177.087   176.626    .       0       0      2  
155 .000010028    29.105    29.047    .       0       0      2  
156 .000010028    64.473    64.057    .       0       0      2  
157 .000010028    87.863    87.227    .       0       0      2  
158 .000010028   132.479   131.643    .       0       0      2  
159 .000010028   155.569   154.824    .       0       0      2  
160 .000010028   166.125   165.488    .       0       0      2  
The SAS System                        13:06 Friday, October 25, 2002  13

Obs tree  time    x    y      b1       b2         b3            u1

161   3     7   1582  140  192.688  7.85657  -.002828585    0.0000
162   4     1    118   32  192.688  7.85657  -.002828585    0.0000
163   4     2    484   62  192.688  7.85657  -.002828585    0.0000
164   4     3    664  112  192.688  7.85657  -.002828585    0.0000
165   4     4   1004  167  192.688  7.85657  -.002828585    0.0000
166   4     5   1231  179  192.688  7.85657  -.002828585    0.0000
167   4     6   1372  209  192.688  7.85657  -.002828585    0.0000
168   4     7   1582  214  192.688  7.85657  -.002828585    0.0000
169   5     1    118   30  192.688  7.85657  -.002828585    0.0000
170   5     2    484   49  192.688  7.85657  -.002828585    0.0000
171   5     3    664   81  192.688  7.85657  -.002828585    0.0000
172   5     4   1004  125  192.688  7.85657  -.002828585    0.0000
173   5     5   1231  142  192.688  7.85657  -.002828585    0.0000
174   5     6   1372  174  192.688  7.85657  -.002828585    0.0000
175   5     7   1582  177  192.688  7.85657  -.002828585    0.0000
176   1     1    118   30  192.688  7.85657  -.002828585  -35.9050

Obs    u2     _one    d_b1     d_b2       d_b3      d_u1     d_u2

161  0.00000    1   0.91785  -1.84929  -22985.54  0.91785  -1.84929
162  0.00000    1   0.15090  -3.14242   -2913.26  0.15090  -3.14242
163  0.00000    1   0.33352  -5.45166  -20730.34  0.33352  -5.45166
164  0.00000    1   0.45434  -6.08028  -31719.23  0.45434  -6.08028
165  0.00000    1   0.68537  -5.28869  -41716.93  0.68537  -5.28869
166  0.00000    1   0.80544  -3.84335  -37170.77  0.80544  -3.84335
167  0.00000    1   0.86050  -2.94401  -31734.40  0.86050  -2.94401
168  0.00000    1   0.91785  -1.84929  -22985.54  0.91785  -1.84929
169  0.00000    1   0.15090  -3.14242   -2913.26  0.15090  -3.14242
170  0.00000    1   0.33352  -5.45166  -20730.34  0.33352  -5.45166
171  0.00000    1   0.45434  -6.08028  -31719.23  0.45434  -6.08028
172  0.00000    1   0.68537  -5.28869  -41716.93  0.68537  -5.28869
173  0.00000    1   0.80544  -3.84335  -37170.77  0.80544  -3.84335
174  0.00000    1   0.86050  -2.94401  -31734.40  0.86050  -2.94401
175  0.00000    1   0.91785  -1.84929  -22985.54  0.91785  -1.84929
176 -1.10767    1   0.17142  -3.29958   -2627.68  0.17142  -3.29958

Obs   num       e       den     predv   pseudo_y  _pseudoy      _b0

161 192.688  0.01139  1.08950  176.858   190.487  -36.8581  -.002828585
162 192.688  0.71622  6.62700   29.076    15.552    2.9239  -.002828585
163 192.688  0.25435  2.99833   64.265    77.806   -2.2649  -.002828585
164 192.688  0.15287  2.20102   87.545   153.950   24.4552  -.002828585
165 192.688  0.05843  1.45907  132.062   243.449   34.9382  -.002828585
166 192.688  0.03075  1.24156  155.198   253.945   23.8020  -.002828585
167 192.688  0.02063  1.16211  165.808   275.634   43.1919  -.002828585
168 192.688  0.01139  1.08950  176.858   264.487   37.1419  -.002828585
169 192.688  0.71622  6.62700   29.076    13.552    0.9239  -.002828585
170 192.688  0.25435  2.99833   64.265    64.806  -15.2649  -.002828585
171 192.688  0.15287  2.20102   87.545   122.950   -6.5448  -.002828585
172 192.688  0.05843  1.45907  132.062   201.449   -7.0618  -.002828585
173 192.688  0.03075  1.24156  155.198   216.945  -13.1980  -.002828585
174 192.688  0.02063  1.16211  165.808   240.634    8.1919  -.002828585
175 192.688  0.01139  1.08950  176.858   227.487    0.1419  -.002828585
176 156.783  0.71622  5.83367   26.875    15.164    3.1245  -.002828585

Obs       _tol    _predl    _predu   _u0   _switch   _ni   _iter

161 .000010028   177.087   176.626    .       0       0      2  
162 .000010028    29.105    29.047    .       0       0      2  
163 .000010028    64.473    64.057    .       0       0      2  
164 .000010028    87.863    87.227    .       0       0      2  
165 .000010028   132.479   131.643    .       0       0      2  
166 .000010028   155.569   154.824    .       0       0      2  
167 .000010028   166.125   165.488    .       0       0      2  
168 .000010028   177.087   176.626    .       0       0      2  
169 .000010028    29.105    29.047    .       0       0      2  
170 .000010028    64.473    64.057    .       0       0      2  
171 .000010028    87.863    87.227    .       0       0      2  
172 .000010028   132.479   131.643    .       0       0      2  
173 .000010028   155.569   154.824    .       0       0      2  
174 .000010028   166.125   165.488    .       0       0      2  
175 .000010028   177.087   176.626    .       0       0      2  
176 .000010028    26.902    26.849    .       0       1      3  
The SAS System                        13:06 Friday, October 25, 2002  14

Obs tree  time    x    y      b1       b2         b3         u1

177   1     2    484   58  192.688  7.85657  -.002828585  -35.9050
178   1     3    664   87  192.688  7.85657  -.002828585  -35.9050
179   1     4   1004  115  192.688  7.85657  -.002828585  -35.9050
180   1     5   1231  120  192.688  7.85657  -.002828585  -35.9050
181   1     6   1372  142  192.688  7.85657  -.002828585  -35.9050
182   1     7   1582  145  192.688  7.85657  -.002828585  -35.9050
183   2     1    118   33  192.688  7.85657  -.002828585   33.7186
184   2     2    484   69  192.688  7.85657  -.002828585   33.7186
185   2     3    664  111  192.688  7.85657  -.002828585   33.7186
186   2     4   1004  156  192.688  7.85657  -.002828585   33.7186
187   2     5   1231  172  192.688  7.85657  -.002828585   33.7186
188   2     6   1372  203  192.688  7.85657  -.002828585   33.7186
189   2     7   1582  203  192.688  7.85657  -.002828585   33.7186
190   3     1    118   30  192.688  7.85657  -.002828585  -41.5221
191   3     2    484   51  192.688  7.85657  -.002828585  -41.5221
192   3     3    664   75  192.688  7.85657  -.002828585  -41.5221

Obs    u2     _one    d_b1     d_b2       d_b3      d_u1     d_u2

177 -1.10767    1   0.36811  -5.40360  -17650.63  0.36811  -5.40360
178 -1.10767    1   0.49220  -5.80630  -26019.47  0.49220  -5.80630
179 -1.10767    1   0.71718  -4.71197  -31927.67  0.71718  -4.71197
180 -1.10767    1   0.82816  -3.30608  -27466.62  0.82816  -3.30608
181 -1.10767    1   0.87777  -2.49251  -23079.60  0.87777  -2.49251
182 -1.10767    1   0.92860  -1.54017  -16444.42  0.92860  -1.54017
183  0.36421    1   0.14518  -3.41794   -3315.58  0.14518  -3.41794
184  0.36421    1   0.32352  -6.02745  -23982.32  0.32352  -6.02745
185  0.36421    1   0.44313  -6.79610  -37097.03  0.44313  -6.79610
186  0.36421    1   0.67551  -6.03678  -49825.25  0.67551  -6.03678
187  0.36421    1   0.79824  -4.43553  -44886.62  0.79824  -4.43553
188  0.36421    1   0.85497  -3.41488  -38516.40  0.85497  -3.41488
189  0.36421    1   0.91437  -2.15645  -28045.78  0.91437  -2.15645
190 -0.76866    1   0.16457  -2.93220   -2452.41  0.16457  -2.93220
191 -0.76866    1   0.35678  -4.89437  -16790.33  0.35678  -4.89437
192 -0.76866    1   0.47996  -5.32325  -25053.07  0.47996  -5.32325

Obs   num       e       den     predv   pseudo_y  _pseudoy      _b0

177 156.783  0.25435  2.71660   57.713    71.458    0.2871  -.002828585
178 156.783  0.15287  2.03169   77.169   121.412    9.8315  -.002828585
179 156.783  0.05843  1.39435  112.441   173.510    2.5585  -.002828585
180 156.783  0.03075  1.20750  129.840   175.379   -9.8403  -.002828585
181 156.783  0.02063  1.13926  137.618   190.461    4.3817  -.002828585
182 156.783  0.01139  1.07689  145.589   181.120   -0.5889  -.002828585
183 226.406  0.71622  6.88785   32.870    14.280    0.1296  -.002828585
184 226.406  0.25435  3.09097   73.248    87.286   -4.2476  -.002828585
185 226.406  0.15287  2.25669  100.327   160.063   10.6734  -.002828585
186 226.406  0.05843  1.48035  152.941   247.308    3.0592  -.002828585
187 226.406  0.03075  1.25276  180.726   262.502   -8.7263  -.002828585
188 226.406  0.02063  1.16963  193.571   283.874    9.4287  -.002828585
189 226.406  0.01139  1.09365  207.018   264.602   -4.0183  -.002828585
190 151.166  0.71622  6.07647   24.877    16.154    5.1228  -.002828585
191 151.166  0.25435  2.80282   53.933    63.802   -2.9333  -.002828585
192 151.166  0.15287  2.08351   72.553   108.134    2.4468  -.002828585

Obs       _tol    _predl    _predu   _u0   _switch   _ni   _iter

177 .000010028    57.890    57.536    .       0       1      3  
178 .000010028    77.429    76.908    .       0       1      3  
179 .000010028   112.761   112.121    .       0       1      3  
180 .000010028   130.115   129.564    .       0       1      3  
181 .000010028   137.849   137.386    .       0       1      3  
182 .000010028   145.753   145.423    .       0       1      3  
183 .000010028    32.904    32.837    .       0       1      3  
184 .000010028    73.488    73.007    .       0       1      3  
185 .000010028   100.699    99.955    .       0       1      3  
186 .000010028   153.440   152.440    .       0       1      3  
187 .000010028   181.175   180.274    .       0       1      3  
188 .000010028   193.956   193.183    .       0       1      3  
189 .000010028   207.298   206.735    .       0       1      3  
190 .000010028    24.902    24.853    .       0       1      3  
191 .000010028    54.102    53.765    .       0       1      3  
192 .000010028    72.804    72.302    .       0       1      3  
The SAS System                        13:06 Friday, October 25, 2002  15

Obs tree  time    x    y      b1       b2         b3         u1

193   3     4   1004  108  192.688  7.85657  -.002828585  -41.5221
194   3     5   1231  115  192.688  7.85657  -.002828585  -41.5221
195   3     6   1372  139  192.688  7.85657  -.002828585  -41.5221
196   3     7   1582  140  192.688  7.85657  -.002828585  -41.5221
197   4     1    118   32  192.688  7.85657  -.002828585   45.0585
198   4     2    484   62  192.688  7.85657  -.002828585   45.0585
199   4     3    664  112  192.688  7.85657  -.002828585   45.0585
200   4     4   1004  167  192.688  7.85657  -.002828585   45.0585
201   4     5   1231  179  192.688  7.85657  -.002828585   45.0585
202   4     6   1372  209  192.688  7.85657  -.002828585   45.0585
203   4     7   1582  214  192.688  7.85657  -.002828585   45.0585
204   5     1    118   30  192.688  7.85657  -.002828585   -1.3500
205   5     2    484   49  192.688  7.85657  -.002828585   -1.3500
206   5     3    664   81  192.688  7.85657  -.002828585   -1.3500
207   5     4   1004  125  192.688  7.85657  -.002828585   -1.3500
208   5     5   1231  142  192.688  7.85657  -.002828585   -1.3500

Obs    u2     _one    d_b1     d_b2       d_b3      d_u1     d_u2

193 -0.76866    1   0.70714  -4.41677  -31430.72  0.70714  -4.41677
194 -0.76866    1   0.82107  -3.13330  -27338.80  0.82107  -3.13330
195 -0.76866    1   0.87241  -2.37397  -23086.13  0.87241  -2.37397
196 -0.76866    1   0.92529  -1.47440  -16532.89  0.92529  -1.47440
197  0.85807    1   0.13809  -3.24708   -3339.06  0.13809  -3.24708
198  0.85807    1   0.31089  -5.84465  -24652.02  0.31089  -5.84465
199  0.85807    1   0.42878  -6.68194  -38665.03  0.42878  -6.68194
200  0.85807    1   0.66260  -6.09904  -53363.20  0.66260  -6.09904
201  0.85807    1   0.78868  -4.54680  -48776.80  0.78868  -4.54680
202  0.85807    1   0.84759  -3.52424  -42137.81  0.84759  -3.52424
203  0.85807    1   0.90969  -2.24133  -30900.92  0.90969  -2.24133
204  0.65406    1   0.14094  -2.72198   -2733.56  0.14094  -2.72198
205  0.65406    1   0.31599  -4.85928  -20016.03  0.31599  -4.85928
206  0.65406    1   0.43459  -5.52437  -31218.41  0.43459  -5.52437
207  0.65406    1   0.66787  -4.98696  -42611.72  0.66787  -4.98696
208  0.65406    1   0.79260  -3.69573  -38718.66  0.79260  -3.69573

Obs   num       e       den     predv   pseudo_y  _pseudoy      _b0

193 151.166  0.05843  1.41416  106.894   165.599    1.1056  -.002828585
194 151.166  0.03075  1.21793  124.117   170.122   -9.1172  -.002828585
195 151.166  0.02063  1.14625  131.878   187.475    7.1218  -.002828585
196 151.166  0.01139  1.08075  139.871   176.314    0.1287  -.002828585
197 237.746  0.71622  7.24156   32.831    13.148   -0.8308  -.002828585
198 237.746  0.25435  3.21659   73.913    80.796  -11.9126  -.002828585
199 237.746  0.15287  2.33219  101.941   163.137   10.0588  -.002828585
200 237.746  0.05843  1.50921  157.530   264.791    9.4698  -.002828585
201 237.746  0.03075  1.26794  187.505   277.346   -8.5055  -.002828585
202 237.746  0.02063  1.17982  201.511   297.478    7.4890  -.002828585
203 237.746  0.01139  1.09928  216.274   281.873   -2.2745  -.002828585
204 191.338  0.71622  7.09545   26.966    14.566    3.0338  -.002828585
205 191.338  0.25435  3.16470   60.460    64.262  -11.4600  -.002828585
206 191.338  0.15287  2.30100   83.154   122.288   -2.1540  -.002828585
207 191.338  0.05843  1.49729  127.789   203.089   -2.7894  -.002828585
208 191.338  0.03075  1.26167  151.654   220.066   -9.6543  -.002828585

Obs       _tol    _predl    _predu   _u0   _switch   _ni   _iter

193 .000010028   107.209   106.579    .       0       1      3  
194 .000010028   124.390   123.842    .       0       1      3  
195 .000010028   132.109   131.645    .       0       1      3  
196 .000010028   140.036   139.704    .       0       1      3  
197 .000010028    32.864    32.797    .       0       1      3  
198 .000010028    74.160    73.666    .       0       1      3  
199 .000010028   102.329   101.554    .       0       1      3  
200 .000010028   158.064   156.994    .       0       1      3  
201 .000010028   187.993   187.015    .       0       1      3  
202 .000010028   201.932   201.086    .       0       1      3  
203 .000010028   216.582   215.963    .       0       1      3  
204 .000010028    26.994    26.939    .       0       1      3  
205 .000010028    60.661    60.259    .       0       1      3  
206 .000010028    83.467    82.841    .       0       1      3  
207 .000010028   128.216   127.361    .       0       1      3  
208 .000010028   152.041   151.265    .       0       1      3  
The SAS System                        13:06 Friday, October 25, 2002  16

Obs tree  time    x    y      b1       b2         b3         u1

209   5     6   1372  174  192.688  7.85657  -.002828585   -1.3500
210   5     7   1582  177  192.688  7.85657  -.002828585   -1.3500
211   1     1    118   30  190.554  7.91419  -.002898468  -34.9260
212   1     2    484   58  190.554  7.91419  -.002898468  -34.9260
213   1     3    664   87  190.554  7.91419  -.002898468  -34.9260
214   1     4   1004  115  190.554  7.91419  -.002898468  -34.9260
215   1     5   1231  120  190.554  7.91419  -.002898468  -34.9260
216   1     6   1372  142  190.554  7.91419  -.002898468  -34.9260
217   1     7   1582  145  190.554  7.91419  -.002898468  -34.9260
218   2     1    118   33  190.554  7.91419  -.002898468   32.7680
219   2     2    484   69  190.554  7.91419  -.002898468   32.7680
220   2     3    664  111  190.554  7.91419  -.002898468   32.7680
221   2     4   1004  156  190.554  7.91419  -.002898468   32.7680
222   2     5   1231  172  190.554  7.91419  -.002898468   32.7680
223   2     6   1372  203  190.554  7.91419  -.002898468   32.7680
224   2     7   1582  203  190.554  7.91419  -.002898468   32.7680

Obs    u2     _one    d_b1     d_b2       d_b3      d_u1     d_u2

209  0.65406    1   0.85062  -2.85665  -33356.16  0.85062  -2.85665
210  0.65406    1   0.91161  -1.81147  -24389.86  0.91161  -1.81147
211 -1.14400    1   0.17214  -3.27591   -2617.07  0.17214  -3.27591
212 -1.14400    1   0.37527  -5.38918  -17659.08  0.37527  -5.38918
213 -1.14400    1   0.50301  -5.74659  -25833.16  0.50301  -5.74659
214 -1.14400    1   0.73057  -4.52471  -30755.57  0.73057  -4.52471
215 -1.14400    1   0.83963  -3.09524  -25796.22  0.83963  -3.09524
216 -1.14400    1   0.88737  -2.29742  -21340.29  0.88737  -2.29742
217 -1.14400    1   0.93541  -1.38894  -14876.54  0.93541  -1.38894
218  0.34102    1   0.14569  -3.36701   -3279.85  0.14569  -3.36701
219  0.34102    1   0.33004  -5.98165  -23899.77  0.33004  -5.98165
220  0.34102    1   0.45357  -6.70473  -36751.59  0.45357  -6.70473
221  0.34102    1   0.68981  -5.78845  -47975.80  0.68981  -5.78845
222  0.34102    1   0.81110  -4.14486  -42120.89  0.81110  -4.14486
223  0.34102    1   0.86598  -3.13969  -35560.93  0.86598  -3.13969
224  0.34102    1   0.92234  -1.93779  -25307.65  0.92234  -1.93779

Obs   num       e       den     predv   pseudo_y  _pseudoy      _b0

209 191.338  0.02063  1.17561  162.756   244.039   11.2437  -.002828585
210 191.338  0.01139  1.09696  174.426   230.572    2.5739  -.002828585
211 155.628  0.71033  5.80910   26.790    15.407    3.2097  -.002898468
212 155.628  0.24589  2.66474   58.403    72.699   -0.4025  -.002898468
213 155.628  0.14594  1.98802   78.283   122.971    8.7172  -.002898468
214 155.628  0.05447  1.36879  113.697   173.511    1.3026  -.002898468
215 155.628  0.02821  1.19100  130.670   173.814  -10.6698  -.002898468
216 155.628  0.01875  1.12692  138.100   188.300    3.9004  -.002898468
217 155.628  0.01020  1.06906  145.575   178.716   -0.5749  -.002898468
218 223.322  0.71033  6.86396   32.535    14.711    0.4646  -.002898468
219 223.322  0.24589  3.02990   73.706    88.893   -4.7060  -.002898468
220 223.322  0.14594  2.20474  101.292   162.174    9.7083  -.002898468
221 223.322  0.05447  1.44968  154.049   247.271    1.9511  -.002898468
222 223.322  0.02821  1.23289  181.136   259.869   -9.1361  -.002898468
223 223.322  0.01875  1.15476  193.392   280.153    9.6084  -.002898468
224 223.322  0.01020  1.08420  205.978   260.357   -2.9779  -.002898468

Obs       _tol    _predl    _predu   _u0   _switch   _ni   _iter

209 .000010028   163.089   162.420    .       0       1      3  
210 .000010028   174.669   174.180    .       0       1      3  
211 .000010029    26.817    26.764    .       0       2      4  
212 .000010029    58.580    58.226    .       0       2      4  
213 .000010029    78.542    78.024    .       0       2      4  
214 .000010029   114.005   113.388    .       0       2      4  
215 .000010029   130.927   130.410    .       0       2      4  
216 .000010029   138.312   137.884    .       0       2      4  
217 .000010029   145.723   145.425    .       0       2      4  
218 .000010029    32.568    32.503    .       0       2      4  
219 .000010029    73.946    73.466    .       0       2      4  
220 .000010029   101.660   100.923    .       0       2      4  
221 .000010029   154.529   153.567    .       0       2      4  
222 .000010029   181.557   180.712    .       0       2      4  
223 .000010029   193.746   193.033    .       0       2      4  
224 .000010029   206.230   205.722    .       0       2      4  
The SAS System                        13:06 Friday, October 25, 2002  17

Obs tree  time    x    y      b1       b2         b3         u1

225   3     1    118   30  190.554  7.91419  -.002898468  -40.6488
226   3     2    484   51  190.554  7.91419  -.002898468  -40.6488
227   3     3    664   75  190.554  7.91419  -.002898468  -40.6488
228   3     4   1004  108  190.554  7.91419  -.002898468  -40.6488
229   3     5   1231  115  190.554  7.91419  -.002898468  -40.6488
230   3     6   1372  139  190.554  7.91419  -.002898468  -40.6488
231   3     7   1582  140  190.554  7.91419  -.002898468  -40.6488
232   4     1    118   32  190.554  7.91419  -.002898468   44.4120
233   4     2    484   62  190.554  7.91419  -.002898468   44.4120
234   4     3    664  112  190.554  7.91419  -.002898468   44.4120
235   4     4   1004  167  190.554  7.91419  -.002898468   44.4120
236   4     5   1231  179  190.554  7.91419  -.002898468   44.4120
237   4     6   1372  209  190.554  7.91419  -.002898468   44.4120
238   4     7   1582  214  190.554  7.91419  -.002898468   44.4120
239   5     1    118   30  190.554  7.91419  -.002898468   -1.6052
240   5     2    484   49  190.554  7.91419  -.002898468   -1.6052

Obs    u2     _one    d_b1     d_b2       d_b3      d_u1     d_u2

225 -0.78705    1   0.16494  -2.89703   -2436.41  0.16494  -2.89703
226 -0.78705    1   0.36330  -4.86522  -16782.74  0.36330  -4.86522
227 -0.78705    1   0.49017  -5.25621  -24874.49  0.49017  -5.25621
228 -0.78705    1   0.72034  -4.23709  -30319.02  0.72034  -4.23709
229 -0.78705    1   0.83259  -2.93164  -25720.87  0.83259  -2.93164
230 -0.78705    1   0.88213  -2.18689  -21384.57  0.88213  -2.18689
231 -0.78705    1   0.93223  -1.32880  -14982.75  0.93223  -1.32880
232  0.84803    1   0.13843  -3.19815   -3306.70  0.13843  -3.19815
233  0.84803    1   0.31700  -5.80592  -24622.36  0.31700  -5.80592
234  0.84803    1   0.43884  -6.60364  -38420.60  0.43884  -6.60364
235  0.84803    1   0.67691  -5.86468  -51592.85  0.67691  -5.86468
236  0.84803    1   0.80180  -4.26152  -45966.07  0.80180  -4.26152
237  0.84803    1   0.85891  -3.24967  -39067.14  0.85891  -3.24967
238  0.84803    1   0.91796  -2.01951  -27994.81  0.91796  -2.01951
239  0.74200    1   0.13988  -2.62628   -2682.56  0.13988  -2.62628
240  0.74200    1   0.31964  -4.74699  -19887.94  0.31964  -4.74699

Obs   num       e       den     predv   pseudo_y  _pseudoy      _b0

225 149.905  0.71033  6.06265   24.726    16.414    5.2740  -.002898468
226 149.905  0.24589  2.75251   54.461    64.969   -3.4611  -.002898468
227 149.905  0.14594  2.04011   73.479   109.636    1.5212  -.002898468
228 149.905  0.05447  1.38823  107.983   165.680    0.0175  -.002898468
229 149.905  0.02821  1.20107  124.809   168.657   -9.8094  -.002898468
230 149.905  0.01875  1.13362  132.236   185.396    6.7640  -.002898468
231 149.905  0.01020  1.07270  139.746   173.957    0.2542  -.002898468
232 234.966  0.71033  7.22411   32.525    13.561   -0.5252  -.002898468
233 234.966  0.24589  3.15457   74.484    82.494  -12.4842  -.002898468
234 234.966  0.14594  2.27873  103.113   165.498    8.8874  -.002898468
235 234.966  0.05447  1.47730  159.051   265.153    7.9491  -.002898468
236 234.966  0.02821  1.24720  188.395   274.891   -9.3948  -.002898468
237 234.966  0.01875  1.16427  201.814   293.760    7.1861  -.002898468
238 234.966  0.01020  1.08937  215.689   277.447   -1.6887  -.002898468
239 188.948  0.71033  7.14879   26.431    15.042    3.5692  -.002898468
240 188.948  0.24589  3.12850   60.396    65.554  -11.3959  -.002898468

Obs       _tol    _predl    _predu   _u0   _switch   _ni   _iter

225 .000010029    24.750    24.702    .       0       2      4  
226 .000010029    54.629    54.293    .       0       2      4  
227 .000010029    73.728    73.229    .       0       2      4  
228 .000010029   108.286   107.678    .       0       2      4  
229 .000010029   125.066   124.550    .       0       2      4  
230 .000010029   132.449   132.020    .       0       2      4  
231 .000010029   139.895   139.595    .       0       2      4  
232 .000010029    32.558    32.492    .       0       2      4  
233 .000010029    74.731    74.238    .       0       2      4  
234 .000010029   103.498   102.727    .       0       2      4  
235 .000010029   159.567   158.533    .       0       2      4  
236 .000010029   188.854   187.932    .       0       2      4  
237 .000010029   202.204   201.420    .       0       2      4  
238 .000010029   215.968   215.406    .       0       2      4  
239 .000010029    26.458    26.404    .       0       2      4  
240 .000010029    60.596    60.197    .       0       2      4  
The SAS System                        13:06 Friday, October 25, 2002  18

Obs tree  time    x    y      b1       b2         b3         u1

241   5     3    664   81  190.554  7.91419  -.002898468   -1.6052
242   5     4   1004  125  190.554  7.91419  -.002898468   -1.6052
243   5     5   1231  142  190.554  7.91419  -.002898468   -1.6052
244   5     6   1372  174  190.554  7.91419  -.002898468   -1.6052
245   5     7   1582  177  190.554  7.91419  -.002898468   -1.6052

Obs    u2     _one    d_b1     d_b2       d_b3      d_u1     d_u2

241  0.74200    1   0.44184  -5.38320  -30940.97  0.44184  -5.38320
242  0.74200    1   0.67957  -4.75319  -41308.91  0.67957  -4.75319
243  0.74200    1   0.80372  -3.44342  -36692.30  0.80372  -3.44342
244  0.74200    1   0.86038  -2.62218  -31142.08  0.86038  -2.62218
245  0.74200    1   0.91887  -1.62723  -22283.95  0.91887  -1.62723

Obs   num       e       den     predv   pseudo_y  _pseudoy      _b0

241 188.948  0.14594  2.26326   83.485   124.083   -2.4853  -.002898468
242 188.948  0.05447  1.47152  128.403   203.588   -3.4033  -.002898468
243 188.948  0.02821  1.24421  151.863   218.545   -9.8626  -.002898468
244 188.948  0.01875  1.16228  162.567   241.566   11.4331  -.002898468
245 188.948  0.01020  1.08829  173.619   227.504    3.3808  -.002898468

Obs       _tol    _predl    _predu   _u0   _switch   _ni   _iter

241 .000010029    83.796    83.175    .       0       2      4  
242 .000010029   128.817   127.988    .       0       2      4  
243 .000010029   152.229   151.493    .       0       2      4  
244 .000010029   162.878   162.253    .       0       2      4  
245 .000010029   173.841   173.394    .       0       2      4  
