                                                     The SAS System                   11:09 Monday, February 10, 2003   1

                                                   The Mixed Procedure

                                                   Model Information

                                 Data Set                     WORK._NLINMIX            
                                 Dependent Variable           PSEUDO_G_T               
                                 Weight Variable              _WEIGHT_                 
                                 Covariance Structure         Unstructured             
                                 Subject Effect               id                       
                                 Estimation Method            REML                     
                                 Residual Variance Method     Profile                  
                                 Fixed Effects SE Method      Model-Based              
                                 Degrees of Freedom Method    Containment              


                                                 Class Level Information
 
                                    Class    Levels    Values

                                    id           10    2 8 12 13 29 42 50 55 59 63   


                                                       Dimensions

                                           Covariance Parameters             7
                                           Columns in X                      5
                                           Columns in Z Per Subject          3
                                           Subjects                         10
                                           Max Obs Per Subject              30
                                           Observations Used               246
                                           Observations Not Used            54
                                           Total Observations              300


                                                     Parameter Search
 
     CovP1     CovP2     CovP3     CovP4     CovP5     CovP6     CovP7  Variance          Res Log Like  -2 Res Log Like

    1.2790   -0.2094    0.1106    0.1487  -0.03119   0.05349  0.006435  0.006434             -956.9073        1913.8147


                                                    Iteration History
 
                               Iteration    Evaluations    -2 Res Log Like       Criterion

                                       1              2      1913.81465732      0.00000000


                                               Convergence criteria met.                    


                                             Covariance Parameter Estimates
 
                                            Cov Parm     Subject    Estimate

                                            UN(1,1)      id           1.2795
                                            UN(2,1)      id          -0.2096
                                            UN(2,2)      id           0.1105
                                            UN(3,1)      id           0.1487
                                            UN(3,2)      id         -0.03123
                                            UN(3,3)      id          0.05342
                                            Residual                0.006435


                                                     Fit Statistics

                                       Res Log Likelihood                  -956.9
                                       Akaike's Information Criterion      -963.9
                                       Schwarz's Bayesian Criterion        -965.0
                                       -2 Res Log Likelihood               1913.8


                                            PARMS Model Likelihood Ratio Test
 
                                              DF    Chi-Square      Pr > ChiSq

                                               6          0.00          1.0000


                                               Solution for Fixed Effects
 
                                     Standard
           Effect        Estimate       Error      DF    t Value    Pr > |t|     Alpha       Lower       Upper

           D_BETA1         2.3470      0.3990     215       5.88      <.0001      0.05      1.5606      3.1334
           D_BETA2        -1.6479      0.1345     215     -12.25      <.0001      0.05     -1.9131     -1.3828
           D_BETA3        -3.4030     0.07939     215     -42.86      <.0001      0.05     -3.5595     -3.2465
           D_BETA4         2.7884     0.02210     215     126.15      <.0001      0.05      2.7448      2.8320
           D_BETA5        -0.2136      0.8599     215      -0.25      0.8040      0.05     -1.9085      1.4812


                                               Solution for Random Effects
 
                                       Std Err
          Effect    id    Estimate        Pred      DF    t Value    Pr > |t|     Alpha       Lower       Upper

          D_U1       2     -1.3090      0.4588     215      -2.85      0.0048      0.05     -2.2133     -0.4047
          D_U2       2      0.4750      0.1677     215       2.83      0.0051      0.05      0.1445      0.8056
                                                     The SAS System                   11:09 Monday, February 10, 2003   2

                                                   The Mixed Procedure

                                               Solution for Random Effects
 
                                       Std Err
          Effect    id    Estimate        Pred      DF    t Value    Pr > |t|     Alpha       Lower       Upper

          D_U3       2    -0.08518      0.1213     215      -0.70      0.4833      0.05     -0.3242      0.1539
          D_U1       8     -0.6434      0.4271     215      -1.51      0.1334      0.05     -1.4851      0.1984
          D_U2       8      0.1873      0.2433     215       0.77      0.4423      0.05     -0.2923      0.6669
          D_U3       8     -0.4632      0.1228     215      -3.77      0.0002      0.05     -0.7052     -0.2212
          D_U1      12     -1.2289      0.4299     215      -2.86      0.0047      0.05     -2.0761     -0.3816
          D_U2      12      0.3343      0.1555     215       2.15      0.0326      0.05     0.02788      0.6407
          D_U3      12     -0.1090     0.08798     215      -1.24      0.2167      0.05     -0.2824     0.06441
          D_U1      13      0.1627      0.4249     215       0.38      0.7022      0.05     -0.6748      1.0002
          D_U2      13     -0.3246      0.2163     215      -1.50      0.1348      0.05     -0.7509      0.1017
          D_U3      13      0.1057      0.1012     215       1.04      0.2978      0.05    -0.09390      0.3052
          D_U1      29      2.2146      0.4098     215       5.40      <.0001      0.05      1.4068      3.0223
          D_U2      29     -0.2962      0.1730     215      -1.71      0.0883      0.05     -0.6371     0.04477
          D_U3      29      0.1497      0.1003     215       1.49      0.1371      0.05    -0.04805      0.3474
          D_U1      42    -0.09809      0.4267     215      -0.23      0.8184      0.05     -0.9390      0.7429
          D_U2      42    -0.08694      0.1793     215      -0.48      0.6282      0.05     -0.4403      0.2664
          D_U3      42      0.2478     0.09435     215       2.63      0.0093      0.05     0.06179      0.4338
          D_U1      50      1.1307      0.4155     215       2.72      0.0070      0.05      0.3117      1.9498
          D_U2      50     -0.1468      0.2178     215      -0.67      0.5012      0.05     -0.5761      0.2826
          D_U3      50      0.1664      0.1147     215       1.45      0.1481      0.05    -0.05958      0.3925
          D_U1      55    -0.02914      0.4414     215      -0.07      0.9474      0.05     -0.8993      0.8410
          D_U2      55     -0.1730      0.1628     215      -1.06      0.2889      0.05     -0.4939      0.1478
          D_U3      55     0.03625      0.1457     215       0.25      0.8037      0.05     -0.2509      0.3234
          D_U1      59     -0.8429      0.4126     215      -2.04      0.0423      0.05     -1.6560    -0.02970
          D_U2      59     -0.2398      0.1745     215      -1.37      0.1706      0.05     -0.5837      0.1040
          D_U3      59     -0.1810      0.1178     215      -1.54      0.1258      0.05     -0.4132     0.05116
          D_U1      63      0.6433      0.4090     215       1.57      0.1172      0.05     -0.1628      1.4495
          D_U2      63      0.2707      0.1588     215       1.70      0.0897      0.05    -0.04226      0.5838
          D_U3      63      0.1326      0.1055     215       1.26      0.2102      0.05    -0.07538      0.3406
