                                                     The SAS System

                                                   The MEANS Procedure

                                              Analysis Variable : _PSEUDOY 
 
                                                               USS
                                                      ------------
                                                         323748.78
                                                      ------------
                                                     The SAS System

                                                  _       P
                                                  P       S                                               _
                                                  S       E                                               s
                                          P       E       U                                               w     _
           t t                       _    R       U       D       D        D        D                     i     i
         O r i                       o    E       D       O       _        _        _                D    t  _  t
         b e m           b   b   b   n    D       O       _       B        B        B                E    c  n  e
         s e e   x   y   1   2   3   e    V       Y       Y       1        2        3        E       N    h  i  r

         1 1 1  118  30 150 10 -.001 1 15.1715  14.829  17.972 0.10114 -1.36370  -1609.17 0.88806 9.88061 0 -9 -9
         2 1 2  484  58 150 10 -.001 1 20.9406  37.059  48.703 0.13960 -1.80172  -8720.32 0.61451 7.14510 0 -9 -9
         3 1 3  664  87 150 10 -.001 1 24.3987  62.601  80.136 0.16266 -2.04300 -13565.54 0.51272 6.12722 0 -9 -9
         4 1 4 1004 115 150 10 -.001 1 32.1605  82.840 115.101 0.21440 -2.52652 -25366.23 0.36419 4.64190 0 -9 -9
         5 1 5 1231 120 150 10 -.001 1 38.2653  81.735 126.584 0.25510 -2.85037 -35088.04 0.28983 3.89832 0 -9 -9
         6 1 6 1372 142 150 10 -.001 1 42.4209  99.579 153.318 0.28281 -3.04240 -41741.65 0.25150 3.51501 0 -9 -9
         7 1 7 1582 145 150 10 -.001 1 49.0896  95.910 164.220 0.32726 -3.30243 -52244.26 0.20360 3.03604 0 -9 -9
         8 2 1  118  33 150 10 -.001 1 15.1715  17.829  20.972 0.10114 -1.36370  -1609.17 0.88806 9.88061 0 -9 -9
         9 2 2  484  69 150 10 -.001 1 20.9406  48.059  59.703 0.13960 -1.80172  -8720.32 0.61451 7.14510 0 -9 -9
        10 2 3  664 111 150 10 -.001 1 24.3987  86.601 104.136 0.16266 -2.04300 -13565.54 0.51272 6.12722 0 -9 -9
        11 2 4 1004 156 150 10 -.001 1 32.1605 123.840 156.101 0.21440 -2.52652 -25366.23 0.36419 4.64190 0 -9 -9
        12 2 5 1231 172 150 10 -.001 1 38.2653 133.735 178.584 0.25510 -2.85037 -35088.04 0.28983 3.89832 0 -9 -9
        13 2 6 1372 203 150 10 -.001 1 42.4209 160.579 214.318 0.28281 -3.04240 -41741.65 0.25150 3.51501 0 -9 -9
        14 2 7 1582 203 150 10 -.001 1 49.0896 153.910 222.220 0.32726 -3.30243 -52244.26 0.20360 3.03604 0 -9 -9
        15 3 1  118  30 150 10 -.001 1 15.1715  14.829  17.972 0.10114 -1.36370  -1609.17 0.88806 9.88061 0 -9 -9
        16 3 2  484  51 150 10 -.001 1 20.9406  30.059  41.703 0.13960 -1.80172  -8720.32 0.61451 7.14510 0 -9 -9
        17 3 3  664  75 150 10 -.001 1 24.3987  50.601  68.136 0.16266 -2.04300 -13565.54 0.51272 6.12722 0 -9 -9
        18 3 4 1004 108 150 10 -.001 1 32.1605  75.840 108.101 0.21440 -2.52652 -25366.23 0.36419 4.64190 0 -9 -9
        19 3 5 1231 115 150 10 -.001 1 38.2653  76.735 121.584 0.25510 -2.85037 -35088.04 0.28983 3.89832 0 -9 -9
        20 3 6 1372 139 150 10 -.001 1 42.4209  96.579 150.318 0.28281 -3.04240 -41741.65 0.25150 3.51501 0 -9 -9
        21 3 7 1582 140 150 10 -.001 1 49.0896  90.910 159.220 0.32726 -3.30243 -52244.26 0.20360 3.03604 0 -9 -9
        22 4 1  118  32 150 10 -.001 1 15.1715  16.829  19.972 0.10114 -1.36370  -1609.17 0.88806 9.88061 0 -9 -9
        23 4 2  484  62 150 10 -.001 1 20.9406  41.059  52.703 0.13960 -1.80172  -8720.32 0.61451 7.14510 0 -9 -9
        24 4 3  664 112 150 10 -.001 1 24.3987  87.601 105.136 0.16266 -2.04300 -13565.54 0.51272 6.12722 0 -9 -9
        25 4 4 1004 167 150 10 -.001 1 32.1605 134.840 167.101 0.21440 -2.52652 -25366.23 0.36419 4.64190 0 -9 -9
        26 4 5 1231 179 150 10 -.001 1 38.2653 140.735 185.584 0.25510 -2.85037 -35088.04 0.28983 3.89832 0 -9 -9
        27 4 6 1372 209 150 10 -.001 1 42.4209 166.579 220.318 0.28281 -3.04240 -41741.65 0.25150 3.51501 0 -9 -9
        28 4 7 1582 214 150 10 -.001 1 49.0896 164.910 233.220 0.32726 -3.30243 -52244.26 0.20360 3.03604 0 -9 -9
        29 5 1  118  30 150 10 -.001 1 15.1715  14.829  17.972 0.10114 -1.36370  -1609.17 0.88806 9.88061 0 -9 -9
        30 5 2  484  49 150 10 -.001 1 20.9406  28.059  39.703 0.13960 -1.80172  -8720.32 0.61451 7.14510 0 -9 -9
                                                     The SAS System                    15:43 Friday, October 25, 2002   3

                                                   The MEANS Procedure

                                              Analysis Variable : _PSEUDOY 
 
                                                               USS
                                                      ------------
                                                          17480.23
                                                      ------------
                                                     The SAS System                    15:43 Friday, October 25, 2002   4

    Obs    tree    time      x      y     _one     PREDV     _PSEUDOY    PSEUDO_Y      D_B1       D_B2         D_B3

      1      1       1      118     30      1      29.076      0.9239      13.552    0.15090    -3.14242     -2913.26
      2      1       2      484     58      1      64.265     -6.2649      73.806    0.33352    -5.45166    -20730.36
      3      1       3      664     87      1      87.545     -0.5448     128.951    0.45434    -6.08028    -31719.30
      4      1       4     1004    115      1     132.062    -17.0618     191.449    0.68537    -5.28869    -41717.06
      5      1       5     1231    120      1     155.198    -35.1980     194.945    0.80544    -3.84335    -37170.74
      6      1       6     1372    142      1     165.808    -23.8081     208.633    0.86050    -2.94401    -31734.23
      7      1       7     1582    145      1     176.858    -31.8581     195.487    0.91785    -1.84929    -22985.21
      8      2       1      118     33      1      29.076      3.9239      16.552    0.15090    -3.14242     -2913.26
      9      2       2      484     69      1      64.265      4.7351      84.806    0.33352    -5.45166    -20730.36
     10      2       3      664    111      1      87.545     23.4552     152.951    0.45434    -6.08028    -31719.30
     11      2       4     1004    156      1     132.062     23.9382     232.449    0.68537    -5.28869    -41717.06
     12      2       5     1231    172      1     155.198     16.8020     246.945    0.80544    -3.84335    -37170.74
     13      2       6     1372    203      1     165.808     37.1919     269.633    0.86050    -2.94401    -31734.23
     14      2       7     1582    203      1     176.858     26.1419     253.487    0.91785    -1.84929    -22985.21
     15      3       1      118     30      1      29.076      0.9239      13.552    0.15090    -3.14242     -2913.26
     16      3       2      484     51      1      64.265    -13.2649      66.806    0.33352    -5.45166    -20730.36
     17      3       3      664     75      1      87.545    -12.5448     116.951    0.45434    -6.08028    -31719.30
     18      3       4     1004    108      1     132.062    -24.0618     184.449    0.68537    -5.28869    -41717.06
     19      3       5     1231    115      1     155.198    -40.1980     189.945    0.80544    -3.84335    -37170.74
     20      3       6     1372    139      1     165.808    -26.8081     205.633    0.86050    -2.94401    -31734.23
     21      3       7     1582    140      1     176.858    -36.8581     190.487    0.91785    -1.84929    -22985.21
     22      4       1      118     32      1      29.076      2.9239      15.552    0.15090    -3.14242     -2913.26
     23      4       2      484     62      1      64.265     -2.2649      77.806    0.33352    -5.45166    -20730.36
     24      4       3      664    112      1      87.545     24.4552     153.951    0.45434    -6.08028    -31719.30
     25      4       4     1004    167      1     132.062     34.9382     243.449    0.68537    -5.28869    -41717.06
     26      4       5     1231    179      1     155.198     23.8020     253.945    0.80544    -3.84335    -37170.74
     27      4       6     1372    209      1     165.808     43.1919     275.633    0.86050    -2.94401    -31734.23
     28      4       7     1582    214      1     176.858     37.1419     264.487    0.91785    -1.84929    -22985.21
     29      5       1      118     30      1      29.076      0.9239      13.552    0.15090    -3.14242     -2913.26
     30      5       2      484     49      1      64.265    -15.2649      64.806    0.33352    -5.45166    -20730.36

    Obs       E         DEN         b1         b2           b3        _switch    _ni    _iter

      1    0.71570    6.62298    192.688    7.85656    -.002828585       0       2.1     2.1 
      2    0.25361    2.99249    192.688    7.85656    -.002828585       0       2.1     2.1 
      3    0.15225    2.19620    192.688    7.85656    -.002828585       0       2.1     2.1 
      4    0.05808    1.45629    192.688    7.85656    -.002828585       0       2.1     2.1 
      5    0.03052    1.23977    192.688    7.85656    -.002828585       0       2.1     2.1 
      6    0.02046    1.16077    192.688    7.85656    -.002828585       0       2.1     2.1 
      7    0.01128    1.08865    192.688    7.85656    -.002828585       0       2.1     2.1 
      8    0.71570    6.62298    192.688    7.85656    -.002828585       0       2.1     2.1 
      9    0.25361    2.99249    192.688    7.85656    -.002828585       0       2.1     2.1 
     10    0.15225    2.19620    192.688    7.85656    -.002828585       0       2.1     2.1 
     11    0.05808    1.45629    192.688    7.85656    -.002828585       0       2.1     2.1 
     12    0.03052    1.23977    192.688    7.85656    -.002828585       0       2.1     2.1 
     13    0.02046    1.16077    192.688    7.85656    -.002828585       0       2.1     2.1 
     14    0.01128    1.08865    192.688    7.85656    -.002828585       0       2.1     2.1 
     15    0.71570    6.62298    192.688    7.85656    -.002828585       0       2.1     2.1 
     16    0.25361    2.99249    192.688    7.85656    -.002828585       0       2.1     2.1 
     17    0.15225    2.19620    192.688    7.85656    -.002828585       0       2.1     2.1 
     18    0.05808    1.45629    192.688    7.85656    -.002828585       0       2.1     2.1 
     19    0.03052    1.23977    192.688    7.85656    -.002828585       0       2.1     2.1 
     20    0.02046    1.16077    192.688    7.85656    -.002828585       0       2.1     2.1 
     21    0.01128    1.08865    192.688    7.85656    -.002828585       0       2.1     2.1 
     22    0.71570    6.62298    192.688    7.85656    -.002828585       0       2.1     2.1 
     23    0.25361    2.99249    192.688    7.85656    -.002828585       0       2.1     2.1 
     24    0.15225    2.19620    192.688    7.85656    -.002828585       0       2.1     2.1 
     25    0.05808    1.45629    192.688    7.85656    -.002828585       0       2.1     2.1 
     26    0.03052    1.23977    192.688    7.85656    -.002828585       0       2.1     2.1 
     27    0.02046    1.16077    192.688    7.85656    -.002828585       0       2.1     2.1 
     28    0.01128    1.08865    192.688    7.85656    -.002828585       0       2.1     2.1 
     29    0.71570    6.62298    192.688    7.85656    -.002828585       0       2.1     2.1 
     30    0.25361    2.99249    192.688    7.85656    -.002828585       0       2.1     2.1 
                                                     The SAS System                    15:43 Friday, October 25, 2002   5

                                                   The Mixed Procedure

                                                   Model Information

                                 Data Set                     WORK._NLINMIX            
                                 Dependent Variable           PSEUDO_Y                 
                                 Covariance Structure         Diagonal                 
                                 Estimation Method            REML                     
                                 Residual Variance Method     Profile                  
                                 Fixed Effects SE Method      Model-Based              
                                 Degrees of Freedom Method    Residual                 


                                                 Class Level Information
 
                                    Class    Levels    Values

                                    tree          5    1 2 3 4 5                     


                                                       Dimensions

                                           Covariance Parameters             1
                                           Columns in X                      3
                                           Columns in Z                      0
                                           Subjects                          1
                                           Max Obs Per Subject              35
                                           Observations Used                35
                                           Observations Not Used             0
                                           Total Observations               35


                                                  Covariance Parameter
                                                        Estimates
 
                                                  Cov Parm     Estimate

                                                  Residual       546.26


                                                     Fit Statistics

                                       Res Log Likelihood                  -160.8
                                       Akaike's Information Criterion      -161.8
                                       Schwarz's Bayesian Criterion        -162.6
                                       -2 Res Log Likelihood                321.7


                                               Solution for Fixed Effects
 
                                    Standard
            Effect      Estimate       Error      DF    t Value    Pr > |t|     Alpha       Lower       Upper

            D_B1          192.69     20.2443      32       9.52      <.0001      0.05      151.45      233.92
            D_B2          7.8566      2.4316      32       3.23      0.0029      0.05      2.9035     12.8096
            D_B3        -0.00283    0.000652      32      -4.34      0.0001      0.05    -0.00416    -0.00150
