                                                     The SAS System

                                                   The MEANS Procedure

                                              Analysis Variable : _PSEUDOY 
 
                                                               USS
                                                      ------------
                                                         323748.78
                                                      ------------
                                                     The SAS System

                                                        _        P
                                                        P        S                                            _
                                                        S        E                                            s
                                               P        E        U                                            w       _
     t  t                                _     R        U        D        D         D         D         D     i       i
  O  r  i                                o     E        D        O        _         _         _         _     t   _   t
  b  e  m              b    b    b    u  n     D        O        _        B         B         B         U     c   n   e
  s  e  e    x    y    1    2    3    1  e     V        Y        Y        1         2         3         1     h   i   r

  1  1  1   118   30  150  10  -.001  0  1  15.1715   14.829   17.972  0.10114  -1.36370   -1609.17  0.10114  0  -9  -9
  2  1  2   484   58  150  10  -.001  0  1  20.9406   37.059   48.703  0.13960  -1.80172   -8720.32  0.13960  0  -9  -9
  3  1  3   664   87  150  10  -.001  0  1  24.3987   62.601   80.136  0.16266  -2.04300  -13565.55  0.16266  0  -9  -9
  4  1  4  1004  115  150  10  -.001  0  1  32.1605   82.840  115.101  0.21440  -2.52652  -25366.23  0.21440  0  -9  -9
  5  1  5  1231  120  150  10  -.001  0  1  38.2653   81.735  126.584  0.25510  -2.85037  -35087.96  0.25510  0  -9  -9
  6  1  6  1372  142  150  10  -.001  0  1  42.4209   99.579  153.317  0.28281  -3.04240  -41741.47  0.28281  0  -9  -9
  7  1  7  1582  145  150  10  -.001  0  1  49.0896   95.910  164.219  0.32726  -3.30243  -52243.82  0.32726  0  -9  -9
  8  2  1   118   33  150  10  -.001  0  1  15.1715   17.829   20.972  0.10114  -1.36370   -1609.17  0.10114  0  -9  -9
  9  2  2   484   69  150  10  -.001  0  1  20.9406   48.059   59.703  0.13960  -1.80172   -8720.32  0.13960  0  -9  -9
 10  2  3   664  111  150  10  -.001  0  1  24.3987   86.601  104.136  0.16266  -2.04300  -13565.55  0.16266  0  -9  -9
 11  2  4  1004  156  150  10  -.001  0  1  32.1605  123.840  156.101  0.21440  -2.52652  -25366.23  0.21440  0  -9  -9
 12  2  5  1231  172  150  10  -.001  0  1  38.2653  133.735  178.584  0.25510  -2.85037  -35087.96  0.25510  0  -9  -9
 13  2  6  1372  203  150  10  -.001  0  1  42.4209  160.579  214.317  0.28281  -3.04240  -41741.47  0.28281  0  -9  -9
 14  2  7  1582  203  150  10  -.001  0  1  49.0896  153.910  222.219  0.32726  -3.30243  -52243.82  0.32726  0  -9  -9
 15  3  1   118   30  150  10  -.001  0  1  15.1715   14.829   17.972  0.10114  -1.36370   -1609.17  0.10114  0  -9  -9
 16  3  2   484   51  150  10  -.001  0  1  20.9406   30.059   41.703  0.13960  -1.80172   -8720.32  0.13960  0  -9  -9
 17  3  3   664   75  150  10  -.001  0  1  24.3987   50.601   68.136  0.16266  -2.04300  -13565.55  0.16266  0  -9  -9
 18  3  4  1004  108  150  10  -.001  0  1  32.1605   75.840  108.101  0.21440  -2.52652  -25366.23  0.21440  0  -9  -9
 19  3  5  1231  115  150  10  -.001  0  1  38.2653   76.735  121.584  0.25510  -2.85037  -35087.96  0.25510  0  -9  -9
 20  3  6  1372  139  150  10  -.001  0  1  42.4209   96.579  150.317  0.28281  -3.04240  -41741.47  0.28281  0  -9  -9
 21  3  7  1582  140  150  10  -.001  0  1  49.0896   90.910  159.219  0.32726  -3.30243  -52243.82  0.32726  0  -9  -9
 22  4  1   118   32  150  10  -.001  0  1  15.1715   16.829   19.972  0.10114  -1.36370   -1609.17  0.10114  0  -9  -9
 23  4  2   484   62  150  10  -.001  0  1  20.9406   41.059   52.703  0.13960  -1.80172   -8720.32  0.13960  0  -9  -9
 24  4  3   664  112  150  10  -.001  0  1  24.3987   87.601  105.136  0.16266  -2.04300  -13565.55  0.16266  0  -9  -9
 25  4  4  1004  167  150  10  -.001  0  1  32.1605  134.840  167.101  0.21440  -2.52652  -25366.23  0.21440  0  -9  -9
 26  4  5  1231  179  150  10  -.001  0  1  38.2653  140.735  185.584  0.25510  -2.85037  -35087.96  0.25510  0  -9  -9
 27  4  6  1372  209  150  10  -.001  0  1  42.4209  166.579  220.317  0.28281  -3.04240  -41741.47  0.28281  0  -9  -9
 28  4  7  1582  214  150  10  -.001  0  1  49.0896  164.910  233.219  0.32726  -3.30243  -52243.82  0.32726  0  -9  -9
 29  5  1   118   30  150  10  -.001  0  1  15.1715   14.829   17.972  0.10114  -1.36370   -1609.17  0.10114  0  -9  -9
 30  5  2   484   49  150  10  -.001  0  1  20.9406   28.059   39.703  0.13960  -1.80172   -8720.32  0.13960  0  -9  -9
                                                     The SAS System                    14:39 Monday, October 28, 2002   3

                                                   The MEANS Procedure

                                              Analysis Variable : _PSEUDOY 
 
                                                               USS
                                                      ------------
                                                           1850.95
                                                      ------------
                                                     The SAS System                    14:39 Monday, October 28, 2002   4

    Obs    tree    time      x      y     _one     PREDV     _PSEUDOY    PSEUDO_Y      D_B1       D_B2         D_B3

      1     1        1      118     30      1      23.812      6.1878      16.646    0.14728    -2.49047     -2396.00
      2     1        2      484     58      1      53.853      4.1471      72.516    0.33309    -4.40506    -17382.75
      3     1        3      664     87      1      73.902     13.0979     124.168    0.45710    -4.92098    -26640.36
      4     1        4     1004    115      1     112.048      2.9521     180.787    0.69305    -4.21848    -34531.02
      5     1        5     1231    120      1     131.524    -11.5236     183.071    0.81351    -3.00845    -30194.20
      6     1        6     1372    142      1     140.308      1.6915     197.265    0.86784    -2.27430    -25440.62
      7     1        7     1582    145      1     149.311     -4.3111     185.988    0.92353    -1.40046    -18063.81
      8     2        1      118     33      1      32.824      0.1756      14.592    0.14728    -3.43304     -3302.80
      9     2        2      484     69      1      74.235     -5.2345      89.010    0.33309    -6.07223    -23961.56
     10     2        3      664    111      1     101.872      9.1284     162.234    0.45710    -6.78341    -36722.86
     11     2        4     1004    156      1     154.454      1.5457     246.686    0.69305    -5.81503    -47599.89
     12     2        5     1231    172      1     181.301     -9.3010     258.941    0.81351    -4.14705    -41621.72
     13     2        6     1372    203      1     193.411      9.5894     279.182    0.86784    -3.13504    -35069.06
     14     2        7     1582    203      1     205.821     -2.8205     259.501    0.92353    -1.93049    -24900.37
     15     3        1      118     30      1      22.689      7.3105      17.276    0.14728    -2.37305     -2283.02
     16     3        2      484     51      1      51.314     -0.3137      64.831    0.33309    -4.19736    -16563.14
     17     3        3      664     75      1      70.418      4.5824     110.415    0.45710    -4.68895    -25384.25
     18     3        4     1004    108      1     106.765      1.2352     170.685    0.69305    -4.01957    -32902.86
     19     3        5     1231    115      1     125.322    -10.3222     175.097    0.81351    -2.86660    -28770.53
     20     3        6     1372    139      1     133.693      5.3072     191.660    0.86784    -2.16706    -24241.07
     21     3        7     1582    140      1     142.271     -2.2710     179.056    0.92353    -1.33443    -17212.09
     22     4        1      118     32      1      34.074     -2.0739      12.891    0.14728    -3.56372     -3428.53
     23     4        2      484     62      1      77.060    -15.0604      82.771    0.33309    -6.30338    -24873.71
     24     4        3      664    112      1     105.750      6.2504     165.185    0.45710    -7.04163    -38120.81
     25     4        4     1004    167      1     160.334      6.6660     261.138    0.69305    -6.03639    -49411.89
     26     4        5     1231    179      1     188.203     -9.2026     269.251    0.81351    -4.30491    -43206.16
     27     4        6     1372    209      1     200.773      8.2267     288.082    0.86784    -3.25439    -36404.05
     28     4        7     1582    214      1     213.656      0.3444     272.652    0.92353    -2.00397    -25848.26
     29     5        1      118     30      1      27.393      2.6067      14.638    0.14728    -2.86501     -2756.32
     30     5        2      484     49      1      61.952    -12.9518      65.699    0.33309    -5.06752    -19996.91

    Obs      D_U1        b1         b2           b3           u1       _switch    _ni    _iter

      1    0.14728    191.185    8.15309    -.002901188    -29.5104       0       6.1     6.1 
      2    0.33309    191.185    8.15309    -.002901188    -29.5104       0       6.1     6.1 
      3    0.45710    191.185    8.15309    -.002901188    -29.5104       0       6.1     6.1 
      4    0.69305    191.185    8.15309    -.002901188    -29.5104       0       6.1     6.1 
      5    0.81351    191.185    8.15309    -.002901188    -29.5104       0       6.1     6.1 
      6    0.86784    191.185    8.15309    -.002901188    -29.5104       0       6.1     6.1 
      7    0.92353    191.185    8.15309    -.002901188    -29.5104       0       6.1     6.1 
      8    0.14728    191.185    8.15309    -.002901188     31.6782       0       6.1     6.1 
      9    0.33309    191.185    8.15309    -.002901188     31.6782       0       6.1     6.1 
     10    0.45710    191.185    8.15309    -.002901188     31.6782       0       6.1     6.1 
     11    0.69305    191.185    8.15309    -.002901188     31.6782       0       6.1     6.1 
     12    0.81351    191.185    8.15309    -.002901188     31.6782       0       6.1     6.1 
     13    0.86784    191.185    8.15309    -.002901188     31.6782       0       6.1     6.1 
     14    0.92353    191.185    8.15309    -.002901188     31.6782       0       6.1     6.1 
     15    0.14728    191.185    8.15309    -.002901188    -37.1334       0       6.1     6.1 
     16    0.33309    191.185    8.15309    -.002901188    -37.1334       0       6.1     6.1 
     17    0.45710    191.185    8.15309    -.002901188    -37.1334       0       6.1     6.1 
     18    0.69305    191.185    8.15309    -.002901188    -37.1334       0       6.1     6.1 
     19    0.81351    191.185    8.15309    -.002901188    -37.1334       0       6.1     6.1 
     20    0.86784    191.185    8.15309    -.002901188    -37.1334       0       6.1     6.1 
     21    0.92353    191.185    8.15309    -.002901188    -37.1334       0       6.1     6.1 
     22    0.14728    191.185    8.15309    -.002901188     40.1620       0       6.1     6.1 
     23    0.33309    191.185    8.15309    -.002901188     40.1620       0       6.1     6.1 
     24    0.45710    191.185    8.15309    -.002901188     40.1620       0       6.1     6.1 
     25    0.69305    191.185    8.15309    -.002901188     40.1620       0       6.1     6.1 
     26    0.81351    191.185    8.15309    -.002901188     40.1620       0       6.1     6.1 
     27    0.86784    191.185    8.15309    -.002901188     40.1620       0       6.1     6.1 
     28    0.92353    191.185    8.15309    -.002901188     40.1620       0       6.1     6.1 
     29    0.14728    191.185    8.15309    -.002901188     -5.1965       0       6.1     6.1 
     30    0.33309    191.185    8.15309    -.002901188     -5.1965       0       6.1     6.1 
                                                     The SAS System                    14:39 Monday, October 28, 2002   5

                                                   The Mixed Procedure

                                                   Model Information

                                 Data Set                     WORK._NLINMIX            
                                 Dependent Variable           PSEUDO_Y                 
                                 Covariance Structure         Variance Components      
                                 Subject Effect               tree                     
                                 Estimation Method            REML                     
                                 Residual Variance Method     Profile                  
                                 Fixed Effects SE Method      Model-Based              
                                 Degrees of Freedom Method    Containment              


                                                 Class Level Information
 
                                    Class    Levels    Values

                                    tree          5    1 2 3 4 5                     


                                                       Dimensions

                                           Covariance Parameters             2
                                           Columns in X                      3
                                           Columns in Z Per Subject          1
                                           Subjects                          5
                                           Max Obs Per Subject               7
                                           Observations Used                35
                                           Observations Not Used             0
                                           Total Observations               35


                                                     Parameter Search
 
                          CovP1       CovP2    Variance            Res Log Like    -2 Res Log Like

                        1245.57     65.9372     65.9372               -135.1580           270.3160


                                                    Iteration History
 
                               Iteration    Evaluations    -2 Res Log Like       Criterion

                                       1              1       270.31599613      0.00000000


                                               Convergence criteria met.                    


                                             Covariance Parameter Estimates
 
                                            Cov Parm     Subject    Estimate

                                            D_U1         tree        1245.57
                                            Residual                 65.9372


                                                     Fit Statistics

                                       Res Log Likelihood                  -135.2
                                       Akaike's Information Criterion      -137.2
                                       Schwarz's Bayesian Criterion        -136.8
                                       -2 Res Log Likelihood                270.3


                                            PARMS Model Likelihood Ratio Test
 
                                              DF    Chi-Square      Pr > ChiSq

                                               1          0.00          1.0000


                                               Solution for Fixed Effects
 
                                    Standard
            Effect      Estimate       Error      DF    t Value    Pr > |t|     Alpha       Lower       Upper

            D_B1          191.19     17.1077      28      11.18      <.0001      0.05      156.14      226.23
            D_B2          8.1531      0.8937      28       9.12      <.0001      0.05      6.3223      9.9839
            D_B3        -0.00290    0.000227      28     -12.80      <.0001      0.05    -0.00337    -0.00244


                                               Solution for Random Effects
 
                                        Std Err
         Effect    tree    Estimate        Pred      DF    t Value    Pr > |t|     Alpha       Lower       Upper

         D_U1      1       -29.5104     16.3341      28      -1.81      0.0816      0.05    -62.9693      3.9485
         D_U1      2        31.6782     16.3383      28       1.94      0.0627      0.05     -1.7893     65.1457
         D_U1      3       -37.1334     16.3503      28      -2.27      0.0310      0.05    -70.6254     -3.6414
         D_U1      4        40.1620     16.3577      28       2.46      0.0206      0.05      6.6548     73.6693
         D_U1      5        -5.1965     16.3072      28      -0.32      0.7523      0.05    -38.6003     28.2074
                                                     The SAS System                    14:39 Monday, October 28, 2002   6

                                                                  _    P
                                                                  P    S                                       _
                                                                  S    E                                       s
                                                      P           E    U                                       w     _
      t t                                        _    R           U    D       D        D        D        D    i     i
   O  r i                                        o    E           D    O       _        _        _        _    t  _  t
   b  e m             b       b         b      u n    D           O    _       B        B        B        U    c  n  e
   s  e e   x   y     1       2         3      1 e    V           Y    Y       1        2        3        1    h  i  r

    1 1 1  118  30 150.000 10.0000 -.001000000 0 1  15.171   14.829  17.972 0.10114 -1.36370  -1609.17 0.10114 0 -9 -9
    2 1 2  484  58 150.000 10.0000 -.001000000 0 1  20.941   37.059  48.703 0.13960 -1.80172  -8720.32 0.13960 0 -9 -9
    3 1 3  664  87 150.000 10.0000 -.001000000 0 1  24.399   62.601  80.136 0.16266 -2.04300 -13565.55 0.16266 0 -9 -9
    4 1 4 1004 115 150.000 10.0000 -.001000000 0 1  32.160   82.840 115.101 0.21440 -2.52652 -25366.23 0.21440 0 -9 -9
    5 1 5 1231 120 150.000 10.0000 -.001000000 0 1  38.265   81.735 126.584 0.25510 -2.85037 -35087.96 0.25510 0 -9 -9
    6 1 6 1372 142 150.000 10.0000 -.001000000 0 1  42.421   99.579 153.317 0.28281 -3.04240 -41741.47 0.28281 0 -9 -9
    7 1 7 1582 145 150.000 10.0000 -.001000000 0 1  49.090   95.910 164.219 0.32726 -3.30243 -52243.82 0.32726 0 -9 -9
    8 2 1  118  33 150.000 10.0000 -.001000000 0 1  15.171   17.829  20.972 0.10114 -1.36370  -1609.17 0.10114 0 -9 -9
    9 2 2  484  69 150.000 10.0000 -.001000000 0 1  20.941   48.059  59.703 0.13960 -1.80172  -8720.32 0.13960 0 -9 -9
   10 2 3  664 111 150.000 10.0000 -.001000000 0 1  24.399   86.601 104.136 0.16266 -2.04300 -13565.55 0.16266 0 -9 -9
   11 2 4 1004 156 150.000 10.0000 -.001000000 0 1  32.160  123.840 156.101 0.21440 -2.52652 -25366.23 0.21440 0 -9 -9
   12 2 5 1231 172 150.000 10.0000 -.001000000 0 1  38.265  133.735 178.584 0.25510 -2.85037 -35087.96 0.25510 0 -9 -9
   13 2 6 1372 203 150.000 10.0000 -.001000000 0 1  42.421  160.579 214.317 0.28281 -3.04240 -41741.47 0.28281 0 -9 -9
   14 2 7 1582 203 150.000 10.0000 -.001000000 0 1  49.090  153.910 222.219 0.32726 -3.30243 -52243.82 0.32726 0 -9 -9
   15 3 1  118  30 150.000 10.0000 -.001000000 0 1  15.171   14.829  17.972 0.10114 -1.36370  -1609.17 0.10114 0 -9 -9
   16 3 2  484  51 150.000 10.0000 -.001000000 0 1  20.941   30.059  41.703 0.13960 -1.80172  -8720.32 0.13960 0 -9 -9
   17 3 3  664  75 150.000 10.0000 -.001000000 0 1  24.399   50.601  68.136 0.16266 -2.04300 -13565.55 0.16266 0 -9 -9
   18 3 4 1004 108 150.000 10.0000 -.001000000 0 1  32.160   75.840 108.101 0.21440 -2.52652 -25366.23 0.21440 0 -9 -9
   19 3 5 1231 115 150.000 10.0000 -.001000000 0 1  38.265   76.735 121.584 0.25510 -2.85037 -35087.96 0.25510 0 -9 -9
   20 3 6 1372 139 150.000 10.0000 -.001000000 0 1  42.421   96.579 150.317 0.28281 -3.04240 -41741.47 0.28281 0 -9 -9
   21 3 7 1582 140 150.000 10.0000 -.001000000 0 1  49.090   90.910 159.219 0.32726 -3.30243 -52243.82 0.32726 0 -9 -9
   22 4 1  118  32 150.000 10.0000 -.001000000 0 1  15.171   16.829  19.972 0.10114 -1.36370  -1609.17 0.10114 0 -9 -9
   23 4 2  484  62 150.000 10.0000 -.001000000 0 1  20.941   41.059  52.703 0.13960 -1.80172  -8720.32 0.13960 0 -9 -9
   24 4 3  664 112 150.000 10.0000 -.001000000 0 1  24.399   87.601 105.136 0.16266 -2.04300 -13565.55 0.16266 0 -9 -9
   25 4 4 1004 167 150.000 10.0000 -.001000000 0 1  32.160  134.840 167.101 0.21440 -2.52652 -25366.23 0.21440 0 -9 -9
   26 4 5 1231 179 150.000 10.0000 -.001000000 0 1  38.265  140.735 185.584 0.25510 -2.85037 -35087.96 0.25510 0 -9 -9
   27 4 6 1372 209 150.000 10.0000 -.001000000 0 1  42.421  166.579 220.317 0.28281 -3.04240 -41741.47 0.28281 0 -9 -9
   28 4 7 1582 214 150.000 10.0000 -.001000000 0 1  49.090  164.910 233.219 0.32726 -3.30243 -52243.82 0.32726 0 -9 -9
   29 5 1  118  30 150.000 10.0000 -.001000000 0 1  15.171   14.829  17.972 0.10114 -1.36370  -1609.17 0.10114 0 -9 -9
   30 5 2  484  49 150.000 10.0000 -.001000000 0 1  20.941   28.059  39.703 0.13960 -1.80172  -8720.32 0.13960 0 -9 -9
   31 5 3  664  81 150.000 10.0000 -.001000000 0 1  24.399   56.601  74.136 0.16266 -2.04300 -13565.55 0.16266 0 -9 -9
   32 5 4 1004 125 150.000 10.0000 -.001000000 0 1  32.160   92.840 125.101 0.21440 -2.52652 -25366.23 0.21440 0 -9 -9
   33 5 5 1231 142 150.000 10.0000 -.001000000 0 1  38.265  103.735 148.584 0.25510 -2.85037 -35087.96 0.25510 0 -9 -9
   34 5 6 1372 174 150.000 10.0000 -.001000000 0 1  42.421  131.579 185.317 0.28281 -3.04240 -41741.47 0.28281 0 -9 -9
   35 5 7 1582 177 150.000 10.0000 -.001000000 0 1  49.090  127.910 196.219 0.32726 -3.30243 -52243.82 0.32726 0 -9 -9
   36 1 1  118  30 192.688  7.8566 -.002828579 0 1  29.076    0.924  13.552 0.15090 -3.14243  -2913.26 0.15090 0 -8 -8
   37 1 2  484  58 192.688  7.8566 -.002828579 0 1  64.265   -6.265  73.806 0.33352 -5.45168 -20730.36 0.33352 0 -8 -8
   38 1 3  664  87 192.688  7.8566 -.002828579 0 1  87.545   -0.545 128.950 0.45433 -6.08029 -31719.25 0.45433 0 -8 -8
   39 1 4 1004 115 192.688  7.8566 -.002828579 0 1 132.062  -17.062 191.449 0.68537 -5.28871 -41717.03 0.68537 0 -8 -8
   40 1 5 1231 120 192.688  7.8566 -.002828579 0 1 155.198  -35.198 194.945 0.80544 -3.84338 -37170.93 0.80544 0 -8 -8
   41 1 6 1372 142 192.688  7.8566 -.002828579 0 1 165.808  -23.808 208.634 0.86050 -2.94403 -31734.57 0.86050 0 -8 -8
   42 1 7 1582 145 192.688  7.8566 -.002828579 0 1 176.858  -31.858 195.488 0.91785 -1.84931 -22985.71 0.91785 0 -8 -8
   43 2 1  118  33 192.688  7.8566 -.002828579 0 1  29.076    3.924  16.552 0.15090 -3.14243  -2913.26 0.15090 0 -8 -8
   44 2 2  484  69 192.688  7.8566 -.002828579 0 1  64.265    4.735  84.806 0.33352 -5.45168 -20730.36 0.33352 0 -8 -8
   45 2 3  664 111 192.688  7.8566 -.002828579 0 1  87.545   23.455 152.950 0.45433 -6.08029 -31719.25 0.45433 0 -8 -8
   46 2 4 1004 156 192.688  7.8566 -.002828579 0 1 132.062   23.938 232.449 0.68537 -5.28871 -41717.03 0.68537 0 -8 -8
   47 2 5 1231 172 192.688  7.8566 -.002828579 0 1 155.198   16.802 246.945 0.80544 -3.84338 -37170.93 0.80544 0 -8 -8
   48 2 6 1372 203 192.688  7.8566 -.002828579 0 1 165.808   37.192 269.634 0.86050 -2.94403 -31734.57 0.86050 0 -8 -8
   49 2 7 1582 203 192.688  7.8566 -.002828579 0 1 176.858   26.142 253.488 0.91785 -1.84931 -22985.71 0.91785 0 -8 -8
   50 3 1  118  30 192.688  7.8566 -.002828579 0 1  29.076    0.924  13.552 0.15090 -3.14243  -2913.26 0.15090 0 -8 -8
   51 3 2  484  51 192.688  7.8566 -.002828579 0 1  64.265  -13.265  66.806 0.33352 -5.45168 -20730.36 0.33352 0 -8 -8
   52 3 3  664  75 192.688  7.8566 -.002828579 0 1  87.545  -12.545 116.950 0.45433 -6.08029 -31719.25 0.45433 0 -8 -8
   53 3 4 1004 108 192.688  7.8566 -.002828579 0 1 132.062  -24.062 184.449 0.68537 -5.28871 -41717.03 0.68537 0 -8 -8
   54 3 5 1231 115 192.688  7.8566 -.002828579 0 1 155.198  -40.198 189.945 0.80544 -3.84338 -37170.93 0.80544 0 -8 -8
   55 3 6 1372 139 192.688  7.8566 -.002828579 0 1 165.808  -26.808 205.634 0.86050 -2.94403 -31734.57 0.86050 0 -8 -8
   56 3 7 1582 140 192.688  7.8566 -.002828579 0 1 176.858  -36.858 190.488 0.91785 -1.84931 -22985.71 0.91785 0 -8 -8
   57 4 1  118  32 192.688  7.8566 -.002828579 0 1  29.076    2.924  15.552 0.15090 -3.14243  -2913.26 0.15090 0 -8 -8
   58 4 2  484  62 192.688  7.8566 -.002828579 0 1  64.265   -2.265  77.806 0.33352 -5.45168 -20730.36 0.33352 0 -8 -8
   59 4 3  664 112 192.688  7.8566 -.002828579 0 1  87.545   24.455 153.950 0.45433 -6.08029 -31719.25 0.45433 0 -8 -8
   60 4 4 1004 167 192.688  7.8566 -.002828579 0 1 132.062   34.938 243.449 0.68537 -5.28871 -41717.03 0.68537 0 -8 -8
   61 4 5 1231 179 192.688  7.8566 -.002828579 0 1 155.198   23.802 253.945 0.80544 -3.84338 -37170.93 0.80544 0 -8 -8
   62 4 6 1372 209 192.688  7.8566 -.002828579 0 1 165.808   43.192 275.634 0.86050 -2.94403 -31734.57 0.86050 0 -8 -8
   63 4 7 1582 214 192.688  7.8566 -.002828579 0 1 176.858   37.142 264.488 0.91785 -1.84931 -22985.71 0.91785 0 -8 -8
   64 5 1  118  30 192.688  7.8566 -.002828579 0 1  29.076    0.924  13.552 0.15090 -3.14243  -2913.26 0.15090 0 -8 -8
   65 5 2  484  49 192.688  7.8566 -.002828579 0 1  64.265  -15.265  64.806 0.33352 -5.45168 -20730.36 0.33352 0 -8 -8
   66 5 3  664  81 192.688  7.8566 -.002828579 0 1  87.545   -6.545 122.950 0.45433 -6.08029 -31719.25 0.45433 0 -8 -8
   67 5 4 1004 125 192.688  7.8566 -.002828579 0 1 132.062   -7.062 201.449 0.68537 -5.28871 -41717.03 0.68537 0 -8 -8
   68 5 5 1231 142 192.688  7.8566 -.002828579 0 1 155.198  -13.198 216.945 0.80544 -3.84338 -37170.93 0.80544 0 -8 -8
   69 5 6 1372 174 192.688  7.8566 -.002828579 0 1 165.808    8.192 240.634 0.86050 -2.94403 -31734.57 0.86050 0 -8 -8
   70 5 7 1582 177 192.688  7.8566 -.002828579 0 1 176.858    0.142 227.488 0.91785 -1.84931 -22985.71 0.91785 0 -8 -8
   71 1 1  118  30 192.688  7.8566 -.002828579 0 1  29.076    0.924  13.552 0.15090 -3.14243  -2913.26 0.15090 0  0  0
   72 1 2  484  58 192.688  7.8566 -.002828579 0 1  64.265   -6.265  73.806 0.33352 -5.45168 -20730.36 0.33352 0  0  0
   73 1 3  664  87 192.688  7.8566 -.002828579 0 1  87.545   -0.545 128.950 0.45433 -6.08029 -31719.25 0.45433 0  0  0
   74 1 4 1004 115 192.688  7.8566 -.002828579 0 1 132.062  -17.062 191.449 0.68537 -5.28871 -41717.03 0.68537 0  0  0
   75 1 5 1231 120 192.688  7.8566 -.002828579 0 1 155.198  -35.198 194.945 0.80544 -3.84338 -37170.93 0.80544 0  0  0
   76 1 6 1372 142 192.688  7.8566 -.002828579 0 1 165.808  -23.808 208.634 0.86050 -2.94403 -31734.57 0.86050 0  0  0
   77 1 7 1582 145 192.688  7.8566 -.002828579 0 1 176.858  -31.858 195.488 0.91785 -1.84931 -22985.71 0.91785 0  0  0
   78 2 1  118  33 192.688  7.8566 -.002828579 0 1  29.076    3.924  16.552 0.15090 -3.14243  -2913.26 0.15090 0  0  0
   79 2 2  484  69 192.688  7.8566 -.002828579 0 1  64.265    4.735  84.806 0.33352 -5.45168 -20730.36 0.33352 0  0  0
   80 2 3  664 111 192.688  7.8566 -.002828579 0 1  87.545   23.455 152.950 0.45433 -6.08029 -31719.25 0.45433 0  0  0
   81 2 4 1004 156 192.688  7.8566 -.002828579 0 1 132.062   23.938 232.449 0.68537 -5.28871 -41717.03 0.68537 0  0  0
   82 2 5 1231 172 192.688  7.8566 -.002828579 0 1 155.198   16.802 246.945 0.80544 -3.84338 -37170.93 0.80544 0  0  0
   83 2 6 1372 203 192.688  7.8566 -.002828579 0 1 165.808   37.192 269.634 0.86050 -2.94403 -31734.57 0.86050 0  0  0
   84 2 7 1582 203 192.688  7.8566 -.002828579 0 1 176.858   26.142 253.488 0.91785 -1.84931 -22985.71 0.91785 0  0  0
   85 3 1  118  30 192.688  7.8566 -.002828579 0 1  29.076    0.924  13.552 0.15090 -3.14243  -2913.26 0.15090 0  0  0
   86 3 2  484  51 192.688  7.8566 -.002828579 0 1  64.265  -13.265  66.806 0.33352 -5.45168 -20730.36 0.33352 0  0  0
   87 3 3  664  75 192.688  7.8566 -.002828579 0 1  87.545  -12.545 116.950 0.45433 -6.08029 -31719.25 0.45433 0  0  0
   88 3 4 1004 108 192.688  7.8566 -.002828579 0 1 132.062  -24.062 184.449 0.68537 -5.28871 -41717.03 0.68537 0  0  0
   89 3 5 1231 115 192.688  7.8566 -.002828579 0 1 155.198  -40.198 189.945 0.80544 -3.84338 -37170.93 0.80544 0  0  0
                                                     The SAS System                    14:39 Monday, October 28, 2002   7

                                                                    _       P
                                                                    P       S                                       _
                                                                    S       E                                       s
                                                           P        E       U                                       w   _
    t t                                               _    R        U       D       D        D        D        D    i   i
 O  r i                                               o    E        D       O       _        _        _        _    t _ t
 b  e m             b       b         b          u    n    D        O       _       B        B        B        U    c n e
 s  e e   x   y     1       2         3          1    e    V        Y       Y       1        2        3        1    h i r

 90 3 6 1372 139 192.688 7.85655 -.002828579   0.0000 1 165.808 -26.8081 205.634 0.86050 -2.94403 -31734.57 0.86050 0 0 0
 91 3 7 1582 140 192.688 7.85655 -.002828579   0.0000 1 176.858 -36.8581 190.488 0.91785 -1.84931 -22985.71 0.91785 0 0 0
 92 4 1  118  32 192.688 7.85655 -.002828579   0.0000 1  29.076   2.9238  15.552 0.15090 -3.14243  -2913.26 0.15090 0 0 0
 93 4 2  484  62 192.688 7.85655 -.002828579   0.0000 1  64.265  -2.2649  77.806 0.33352 -5.45168 -20730.36 0.33352 0 0 0
 94 4 3  664 112 192.688 7.85655 -.002828579   0.0000 1  87.545  24.4552 153.950 0.45433 -6.08029 -31719.25 0.45433 0 0 0
 95 4 4 1004 167 192.688 7.85655 -.002828579   0.0000 1 132.062  34.9382 243.449 0.68537 -5.28871 -41717.03 0.68537 0 0 0
 96 4 5 1231 179 192.688 7.85655 -.002828579   0.0000 1 155.198  23.8020 253.945 0.80544 -3.84338 -37170.93 0.80544 0 0 0
 97 4 6 1372 209 192.688 7.85655 -.002828579   0.0000 1 165.808  43.1919 275.634 0.86050 -2.94403 -31734.57 0.86050 0 0 0
 98 4 7 1582 214 192.688 7.85655 -.002828579   0.0000 1 176.858  37.1419 264.488 0.91785 -1.84931 -22985.71 0.91785 0 0 0
 99 5 1  118  30 192.688 7.85655 -.002828579   0.0000 1  29.076   0.9238  13.552 0.15090 -3.14243  -2913.26 0.15090 0 0 0
100 5 2  484  49 192.688 7.85655 -.002828579   0.0000 1  64.265 -15.2649  64.806 0.33352 -5.45168 -20730.36 0.33352 0 0 0
101 5 3  664  81 192.688 7.85655 -.002828579   0.0000 1  87.545  -6.5448 122.950 0.45433 -6.08029 -31719.25 0.45433 0 0 0
102 5 4 1004 125 192.688 7.85655 -.002828579   0.0000 1 132.062  -7.0618 201.449 0.68537 -5.28871 -41717.03 0.68537 0 0 0
103 5 5 1231 142 192.688 7.85655 -.002828579   0.0000 1 155.198 -13.1980 216.945 0.80544 -3.84338 -37170.93 0.80544 0 0 0
104 5 6 1372 174 192.688 7.85655 -.002828579   0.0000 1 165.808   8.1919 240.634 0.86050 -2.94403 -31734.57 0.86050 0 0 0
105 5 7 1582 177 192.688 7.85655 -.002828579   0.0000 1 176.858   0.1419 227.488 0.91785 -1.84931 -22985.71 0.91785 0 0 0
106 1 1  118  30 192.688 7.85656 -.002828585 -29.7236 1  24.591   5.4091  16.089 0.15090 -2.65768  -2463.86 0.15090 0 1 1
107 1 2  484  58 192.688 7.85656 -.002828585 -29.7236 1  54.351   3.6485  71.368 0.33352 -4.61070 -17532.52 0.33352 0 1 1
108 1 3  664  87 192.688 7.85656 -.002828585 -29.7236 1  74.040  12.9597 122.479 0.45434 -5.14235 -26826.28 0.45434 0 1 1
109 1 4 1004 115 192.688 7.85656 -.002828585 -29.7236 1 111.690   3.3098 179.656 0.68537 -4.47287 -35281.76 0.68537 0 1 1
110 1 5 1231 120 192.688 7.85656 -.002828585 -29.7236 1 131.257 -11.2575 183.384 0.80544 -3.25048 -31436.88 0.80544 0 1 1
111 1 6 1372 142 192.688 7.85656 -.002828585 -29.7236 1 140.231   1.7691 198.355 0.86050 -2.48988 -26839.12 0.86050 0 1 1
112 1 7 1582 145 192.688 7.85656 -.002828585 -29.7236 1 149.576  -4.5763 187.699 0.91785 -1.56402 -19439.84 0.91785 0 1 1
113 2 1  118  33 192.688 7.85656 -.002828585  31.9202 1  33.893  -0.8928  13.827 0.15090 -3.66298  -3395.86 0.15090 0 1 1
114 2 2  484  69 192.688 7.85656 -.002828585  31.9202 1  74.911  -5.9108  87.425 0.33352 -6.35477 -24164.49 0.33352 0 1 1
115 2 3  664 111 192.688 7.85656 -.002828585  31.9202 1 102.047   8.9527 159.900 0.45434 -7.08752 -36973.76 0.45434 0 1 1
116 2 4 1004 156 192.688 7.85656 -.002828585  31.9202 1 153.939   2.0611 245.113 0.68537 -6.16480 -48627.66 0.68537 0 1 1
117 2 5 1231 172 192.688 7.85656 -.002828585  31.9202 1 180.908  -8.9078 259.360 0.80544 -4.48003 -43328.40 0.80544 0 1 1
118 2 6 1372 203 192.688 7.85656 -.002828585  31.9202 1 193.276   9.7245 280.672 0.86050 -3.43171 -36991.46 0.86050 0 1 1
119 2 7 1582 203 192.688 7.85656 -.002828585  31.9202 1 206.156  -3.1560 261.851 0.91785 -2.15564 -26793.28 0.91785 0 1 1
120 3 1  118  30 192.688 7.85656 -.002828585 -37.4098 1  23.431   6.5689  16.745 0.15090 -2.53233  -2347.65 0.15090 0 1 1
121 3 2  484  51 192.688 7.85656 -.002828585 -37.4098 1  51.788  -0.7880  63.737 0.33352 -4.39324 -16705.60 0.33352 0 1 1
122 3 3  664  75 192.688 7.85656 -.002828585 -37.4098 1  70.548   4.4518 108.806 0.45434 -4.89981 -25561.02 0.45434 0 1 1
123 3 4 1004 108 192.688 7.85656 -.002828585 -37.4098 1 106.422   1.5777 169.607 0.68537 -4.26190 -33617.69 0.68537 0 1 1
124 3 5 1231 115 192.688 7.85656 -.002828585 -37.4098 1 125.067 -10.0667 175.395 0.80544 -3.09718 -29954.16 0.80544 0 1 1
125 3 6 1372 139 192.688 7.85656 -.002828585 -37.4098 1 133.617   5.3831 192.697 0.86050 -2.37244 -25573.25 0.86050 0 1 1
126 3 7 1582 140 192.688 7.85656 -.002828585 -37.4098 1 142.522  -2.5215 180.685 0.91785 -1.49026 -18522.96 0.91785 0 1 1
127 4 1  118  32 192.688 7.85656 -.002828585  40.4542 1  35.181  -3.1806  12.099 0.15090 -3.80216  -3524.89 0.15090 0 1 1
128 4 2  484  62 192.688 7.85656 -.002828585  40.4542 1  77.757 -15.7571  81.125 0.33352 -6.59622 -25082.62 0.33352 0 1 1
129 4 3  664 112 192.688 7.85656 -.002828585  40.4542 1 105.925   6.0755 162.758 0.45434 -7.35681 -38378.58 0.45434 0 1 1
130 4 4 1004 167 192.688 7.85656 -.002828585  40.4542 1 159.788   7.2122 259.499 0.68537 -6.39903 -50475.27 0.68537 0 1 1
131 4 5 1231 179 192.688 7.85656 -.002828585  40.4542 1 187.781  -8.7814 269.680 0.80544 -4.65025 -44974.67 0.80544 0 1 1
132 4 6 1372 209 192.688 7.85656 -.002828585  40.4542 1 200.619   8.3810 289.623 0.86050 -3.56210 -38396.95 0.86050 0 1 1
133 4 7 1582 214 192.688 7.85656 -.002828585  40.4542 1 213.989   0.0111 275.087 0.91785 -2.23755 -27811.29 0.91785 0 1 1
134 5 1  118  30 192.688 7.85656 -.002828585  -5.2409 1  28.285   1.7147  13.999 0.15090 -3.05695  -2834.02 0.15090 0 1 1
135 5 2  484  49 192.688 7.85656 -.002828585  -5.2409 1  62.517 -13.5169  64.376 0.33352 -5.30338 -20166.50 0.33352 0 1 1
136 5 3  664  81 192.688 7.85656 -.002828585  -5.2409 1  85.164  -4.1637 121.809 0.45434 -5.91490 -30856.50 0.45434 0 1 1
137 5 4 1004 125 192.688 7.85656 -.002828585  -5.2409 1 128.470  -3.4699 199.370 0.68537 -5.14484 -40582.28 0.68537 0 1 1
138 5 5 1231 142 192.688 7.85656 -.002828585  -5.2409 1 150.977  -8.9768 214.907 0.80544 -3.73882 -36159.78 0.80544 0 1 1
139 5 6 1372 174 192.688 7.85656 -.002828585  -5.2409 1 161.298  12.7017 238.821 0.86050 -2.86394 -30871.27 0.86050 0 1 1
140 5 7 1582 177 192.688 7.85656 -.002828585  -5.2409 1 172.048   4.9523 226.114 0.91785 -1.79899 -22360.37 0.91785 0 1 1
141 1 1  118  30 191.194 8.13700 -.002898754 -29.4909 1  23.851   6.1492  16.622 0.14750 -2.49881  -2399.28 0.14750 0 2 2
142 1 2  484  58 191.194 8.13700 -.002898754 -29.4909 1  53.891   4.1088  72.480 0.33327 -4.41573 -17390.47 0.33327 0 2 2
143 1 3  664  87 191.194 8.13700 -.002898754 -29.4909 1  73.930  13.0704 124.110 0.45719 -4.93174 -26645.92 0.45719 0 2 2
144 1 4 1004 115 191.194 8.13700 -.002898754 -29.4909 1 112.052   2.9483 180.727 0.69295 -4.22833 -34543.40 0.69295 0 2 2
145 1 5 1231 120 191.194 8.13700 -.002898754 -29.4909 1 131.522 -11.5219 183.049 0.81335 -3.01686 -30218.89 0.81335 0 2 2
146 1 6 1372 142 191.194 8.13700 -.002898754 -29.4909 1 140.308   1.6919 197.269 0.86769 -2.28149 -25470.67 0.86769 0 2 2
147 1 7 1582 145 191.194 8.13700 -.002898754 -29.4909 1 149.316  -4.3163 186.017 0.92340 -1.40571 -18095.72 0.92340 0 2 2
148 2 1  118  33 191.194 8.13700 -.002898754  31.6703 1  32.872   0.1281  14.562 0.14750 -3.44394  -3306.76 0.14750 0 2 2
149 2 2  484  69 191.194 8.13700 -.002898754  31.6703 1  74.274  -5.2745  88.957 0.33327 -6.08589 -23968.08 0.33327 0 2 2
150 2 3  664 111 191.194 8.13700 -.002898754  31.6703 1 101.892   9.1079 162.147 0.45719 -6.79707 -36724.23 0.45719 0 2 2
151 2 4 1004 156 191.194 8.13700 -.002898754  31.6703 1 154.433   1.5669 246.587 0.69295 -5.82762 -47608.79 0.69295 0 2 2
152 2 5 1231 172 191.194 8.13700 -.002898754  31.6703 1 181.268  -9.2676 258.896 0.81335 -4.15793 -41648.61 0.81335 0 2 2
153 2 6 1372 203 191.194 8.13700 -.002898754  31.6703 1 193.377   9.6230 279.173 0.86769 -3.14441 -35104.46 0.86769 0 2 2
154 2 7 1582 203 191.194 8.13700 -.002898754  31.6703 1 205.792  -2.7923 259.531 0.92340 -1.93739 -24940.08 0.92340 0 2 2
155 3 1  118  30 191.194 8.13700 -.002898754 -37.1170 1  22.726   7.2740  17.253 0.14750 -2.38097  -2286.13 0.14750 0 2 2
156 3 2  484  51 191.194 8.13700 -.002898754 -37.1170 1  51.350  -0.3496  64.797 0.33327 -4.20748 -16570.32 0.33327 0 2 2
157 3 3  664  75 191.194 8.13700 -.002898754 -37.1170 1  70.443   4.5569 110.360 0.45719 -4.69915 -25389.28 0.45719 0 2 2
158 3 4 1004 108 191.194 8.13700 -.002898754 -37.1170 1 106.767   1.2327 170.627 0.69295 -4.02892 -32914.31 0.69295 0 2 2
159 3 5 1231 115 191.194 8.13700 -.002898754 -37.1170 1 125.319 -10.3193 175.076 0.81335 -2.87458 -28793.75 0.81335 0 2 2
160 3 6 1372 139 191.194 8.13700 -.002898754 -37.1170 1 133.691   5.3089 191.662 0.86769 -2.17389 -24269.45 0.86769 0 2 2
161 3 7 1582 140 191.194 8.13700 -.002898754 -37.1170 1 142.274  -2.2744 179.082 0.92340 -1.33941 -17242.31 0.92340 0 2 2
162 4 1  118  32 191.194 8.13700 -.002898754  40.1375 1  34.121  -2.1208  12.862 0.14750 -3.57479  -3432.39 0.14750 0 2 2
163 4 2  484  62 191.194 8.13700 -.002898754  40.1375 1  77.096 -15.0964  82.715 0.33327 -6.31711 -24878.69 0.33327 0 2 2
164 4 3  664 112 191.194 8.13700 -.002898754  40.1375 1 105.763   6.2367 165.090 0.45719 -7.05531 -38119.47 0.45719 0 2 2
165 4 4 1004 167 191.194 8.13700 -.002898754  40.1375 1 160.300   6.6996 261.028 0.69295 -6.04902 -49417.56 0.69295 0 2 2
166 4 5 1231 179 191.194 8.13700 -.002898754  40.1375 1 188.154  -9.1544 269.197 0.81335 -4.31590 -43230.95 0.81335 0 2 2
167 4 6 1372 209 191.194 8.13700 -.002898754  40.1375 1 200.724   8.2762 288.067 0.86769 -3.26388 -36438.17 0.86769 0 2 2
168 4 7 1582 214 191.194 8.13700 -.002898754  40.1375 1 213.611   0.3891 272.678 0.92340 -2.01099 -25887.62 0.92340 0 2 2
169 5 1  118  30 191.194 8.13700 -.002898754  -5.1999 1  27.434   2.5664  14.612 0.14750 -2.87419  -2759.70 0.14750 0 2 2
170 5 2  484  49 191.194 8.13700 -.002898754  -5.1999 1  61.987 -12.9867  65.655 0.33327 -5.07906 -20002.87 0.33327 0 2 2
171 5 3  664  81 191.194 8.13700 -.002898754  -5.1999 1  85.035  -4.0354 123.685 0.45719 -5.67258 -30648.67 0.45719 0 2 2
172 5 4 1004 125 191.194 8.13700 -.002898754  -5.1999 1 128.884  -3.8841 200.600 0.69295 -4.86351 -39732.51 0.69295 0 2 2
173 5 5 1231 142 191.194 8.13700 -.002898754  -5.1999 1 151.279  -9.2791 214.520 0.81335 -3.47005 -34758.37 0.81335 0 2 2
174 5 6 1372 174 191.194 8.13700 -.002898754  -5.1999 1 161.385  12.6148 237.571 0.86769 -2.62421 -29296.87 0.86769 0 2 2
175 5 7 1582 177 191.194 8.13700 -.002898754  -5.1999 1 171.747   5.2535 224.178 0.92340 -1.61687 -20814.06 0.92340 0 2 2
176 1 1  118  30 191.187 8.15274 -.002901093 -29.5092 1  23.813   6.1866  16.645 0.14729 -2.49069  -2396.10 0.14729 0 3 3
177 1 2  484  58 191.187 8.15274 -.002901093 -29.5092 1  53.854   4.1460  72.514 0.33309 -4.40534 -17383.11 0.33309 0 3 3
178 1 3  664  87 191.187 8.15274 -.002901093 -29.5092 1  73.903  13.0971 124.166 0.45710 -4.92129 -26640.88 0.45710 0 3 3
                                                     The SAS System                    14:39 Monday, October 28, 2002   8

                                                                    _       P
                                                                    P       S                                       _
                                                                    S       E                                       s
                                                           P        E       U                                       w   _
    t t                                               _    R        U       D       D        D        D        D    i   i
 O  r i                                               o    E        D       O       _        _        _        _    t _ t
 b  e m             b       b         b          u    n    D        O       _       B        B        B        U    c n e
 s  e e   x   y     1       2         3          1    e    V        Y       Y       1        2        3        1    h i r

179 1 4 1004 115 191.187 8.15274 -.002901093 -29.5092 1 112.048   2.9515 180.787 0.69303 -4.21883 -34532.45 0.69303 0 3 3
180 1 5 1231 120 191.187 8.15274 -.002901093 -29.5092 1 131.525 -11.5246 183.072 0.81350 -3.00878 -30196.24 0.81350 0 3 3
181 1 6 1372 142 191.187 8.15274 -.002901093 -29.5092 1 140.310   1.6902 197.268 0.86783 -2.27459 -25442.78 0.86783 0 3 3
182 1 7 1582 145 191.187 8.15274 -.002901093 -29.5092 1 149.313  -4.3131 185.991 0.92352 -1.40068 -18065.83 0.92352 0 3 3
183 2 1  118  33 191.187 8.15274 -.002901093  31.6785 1  32.826   0.1743  14.591 0.14729 -3.43330  -3302.91 0.14729 0 3 3
184 2 2  484  69 191.187 8.15274 -.002901093  31.6785 1  74.235  -5.2352  89.008 0.33309 -6.07255 -23961.81 0.33309 0 3 3
185 2 3  664 111 191.187 8.15274 -.002901093  31.6785 1 101.872   9.1283 162.231 0.45710 -6.78377 -36723.22 0.45710 0 3 3
186 2 4 1004 156 191.187 8.15274 -.002901093  31.6785 1 154.454   1.5464 246.684 0.69303 -5.81547 -47601.39 0.69303 0 3 3
187 2 5 1231 172 191.187 8.15274 -.002901093  31.6785 1 181.301  -9.3005 258.942 0.81350 -4.14746 -41624.11 0.81350 0 3 3
188 2 6 1372 203 191.187 8.15274 -.002901093  31.6785 1 193.411   9.5894 279.184 0.86783 -3.13541 -35071.70 0.86783 0 3 3
189 2 7 1582 203 191.187 8.15274 -.002901093  31.6785 1 205.821  -2.8212 259.505 0.92352 -1.93077 -24902.90 0.92352 0 3 3
190 3 1  118  30 191.187 8.15274 -.002901093 -37.1330 1  22.690   7.3095  17.275 0.14729 -2.37324  -2283.11 0.14729 0 3 3
191 3 2  484  51 191.187 8.15274 -.002901093 -37.1330 1  51.315  -0.3145  64.830 0.33309 -4.19761 -16563.42 0.33309 0 3 3
192 3 3  664  75 191.187 8.15274 -.002901093 -37.1330 1  70.418   4.5820 110.413 0.45710 -4.68923 -25384.65 0.45710 0 3 3
193 3 4 1004 108 191.187 8.15274 -.002901093 -37.1330 1 106.765   1.2351 170.685 0.69303 -4.01990 -32904.10 0.69303 0 3 3
194 3 5 1231 115 191.187 8.15274 -.002901093 -37.1330 1 125.323 -10.3226 175.098 0.81350 -2.86690 -28772.35 0.81350 0 3 3
195 3 6 1372 139 191.187 8.15274 -.002901093 -37.1330 1 133.694   5.3064 191.662 0.86783 -2.16733 -24243.04 0.86783 0 3 3
196 3 7 1582 140 191.187 8.15274 -.002901093 -37.1330 1 142.272  -2.2723 179.058 0.92352 -1.33463 -17213.94 0.92352 0 3 3
197 4 1  118  32 191.187 8.15274 -.002901093  40.1614 1  34.075  -2.0751  12.891 0.14729 -3.56398  -3428.63 0.14729 0 3 3
198 4 2  484  62 191.187 8.15274 -.002901093  40.1614 1  77.061 -15.0608  82.769 0.33309 -6.30369 -24873.86 0.33309 0 3 3
199 4 3  664 112 191.187 8.15274 -.002901093  40.1614 1 105.749   6.2508 165.181 0.45710 -7.04198 -38121.01 0.45710 0 3 3
200 4 4 1004 167 191.187 8.15274 -.002901093  40.1614 1 160.333   6.6674 261.136 0.69303 -6.03682 -49413.23 0.69303 0 3 3
201 4 5 1231 179 191.187 8.15274 -.002901093  40.1614 1 188.201  -9.2014 269.252 0.81350 -4.30533 -43208.45 0.81350 0 3 3
202 4 6 1372 209 191.187 8.15274 -.002901093  40.1614 1 200.772   8.2276 288.084 0.86783 -3.25476 -36406.63 0.86783 0 3 3
203 4 7 1582 214 191.187 8.15274 -.002901093  40.1614 1 213.655   0.3447 272.655 0.92352 -2.00426 -25850.78 0.92352 0 3 3
204 5 1  118  30 191.187 8.15274 -.002901093  -5.1976 1  27.394   2.6058  14.637 0.14729 -2.86522  -2756.40 0.14729 0 3 3
205 5 2  484  49 191.187 8.15274 -.002901093  -5.1976 1  61.952 -12.9521  65.697 0.33309 -5.06777 -19997.02 0.33309 0 3 3
206 5 3  664  81 191.187 8.15274 -.002901093  -5.1976 1  85.016  -4.0157 123.754 0.45710 -5.66130 -30646.89 0.45710 0 3 3
207 5 4 1004 125 191.187 8.15274 -.002901093  -5.1976 1 128.897  -3.8973 200.679 0.69303 -4.85322 -39725.12 0.69303 0 3 3
208 5 5 1231 142 191.187 8.15274 -.002901093  -5.1976 1 151.302  -9.3020 214.557 0.81350 -3.46121 -34736.87 0.81350 0 3 3
209 5 6 1372 174 191.187 8.15274 -.002901093  -5.1976 1 161.408  12.5917 237.578 0.86783 -2.61662 -29268.63 0.86783 0 3 3
210 5 7 1582 177 191.187 8.15274 -.002901093  -5.1976 1 171.765   5.2346 224.155 0.92352 -1.61130 -20782.39 0.92352 0 3 3
211 1 1  118  30 191.185 8.15307 -.002901184 -29.5104 1  23.812   6.1877  16.646 0.14729 -2.49048  -2396.00 0.14729 0 4 4
212 1 2  484  58 191.185 8.15307 -.002901184 -29.5104 1  53.853   4.1470  72.516 0.33309 -4.40507 -17382.76 0.33309 0 4 4
213 1 3  664  87 191.185 8.15307 -.002901184 -29.5104 1  73.902  13.0979 124.167 0.45710 -4.92099 -26640.37 0.45710 0 4 4
214 1 4 1004 115 191.185 8.15307 -.002901184 -29.5104 1 112.048   2.9521 180.787 0.69305 -4.21849 -34531.07 0.69305 0 4 4
215 1 5 1231 120 191.185 8.15307 -.002901184 -29.5104 1 131.524 -11.5236 183.071 0.81351 -3.00846 -30194.27 0.81351 0 4 4
216 1 6 1372 142 191.185 8.15307 -.002901184 -29.5104 1 140.308   1.6915 197.266 0.86784 -2.27431 -25440.69 0.86784 0 4 4
217 1 7 1582 145 191.185 8.15307 -.002901184 -29.5104 1 149.311  -4.3112 185.989 0.92353 -1.40047 -18063.88 0.92353 0 4 4
218 2 1  118  33 191.185 8.15307 -.002901184  31.6782 1  32.824   0.1756  14.592 0.14729 -3.43305  -3302.81 0.14729 0 4 4
219 2 2  484  69 191.185 8.15307 -.002901184  31.6782 1  74.235  -5.2346  89.009 0.33309 -6.07224 -23961.57 0.33309 0 4 4
220 2 3  664 111 191.185 8.15307 -.002901184  31.6782 1 101.872   9.1284 162.234 0.45710 -6.78342 -36722.88 0.45710 0 4 4
221 2 4 1004 156 191.185 8.15307 -.002901184  31.6782 1 154.454   1.5457 246.686 0.69305 -5.81505 -47599.94 0.69305 0 4 4
222 2 5 1231 172 191.185 8.15307 -.002901184  31.6782 1 181.301  -9.3009 258.941 0.81351 -4.14706 -41621.81 0.81351 0 4 4
223 2 6 1372 203 191.185 8.15307 -.002901184  31.6782 1 193.411   9.5894 279.182 0.86784 -3.13506 -35069.16 0.86784 0 4 4
224 2 7 1582 203 191.185 8.15307 -.002901184  31.6782 1 205.821  -2.8205 259.501 0.92353 -1.93050 -24900.47 0.92353 0 4 4
225 3 1  118  30 191.185 8.15307 -.002901184 -37.1334 1  22.690   7.3105  17.276 0.14729 -2.37306  -2283.03 0.14729 0 4 4
226 3 2  484  51 191.185 8.15307 -.002901184 -37.1334 1  51.314  -0.3138  64.831 0.33309 -4.19737 -16563.15 0.33309 0 4 4
227 3 3  664  75 191.185 8.15307 -.002901184 -37.1334 1  70.418   4.5824 110.415 0.45710 -4.68896 -25384.26 0.45710 0 4 4
228 3 4 1004 108 191.185 8.15307 -.002901184 -37.1334 1 106.765   1.2352 170.685 0.69305 -4.01959 -32902.91 0.69305 0 4 4
229 3 5 1231 115 191.185 8.15307 -.002901184 -37.1334 1 125.322 -10.3222 175.097 0.81351 -2.86661 -28770.60 0.81351 0 4 4
230 3 6 1372 139 191.185 8.15307 -.002901184 -37.1334 1 133.693   5.3072 191.660 0.86784 -2.16707 -24241.15 0.86784 0 4 4
231 3 7 1582 140 191.185 8.15307 -.002901184 -37.1334 1 142.271  -2.2711 179.056 0.92353 -1.33443 -17212.16 0.92353 0 4 4
232 4 1  118  32 191.185 8.15307 -.002901184  40.1620 1  34.074  -2.0740  12.891 0.14729 -3.56374  -3428.54 0.14729 0 4 4
233 4 2  484  62 191.185 8.15307 -.002901184  40.1620 1  77.060 -15.0605  82.771 0.33309 -6.30340 -24873.72 0.33309 0 4 4
234 4 3  664 112 191.185 8.15307 -.002901184  40.1620 1 105.750   6.2504 165.184 0.45710 -7.04165 -38120.82 0.45710 0 4 4
235 4 4 1004 167 191.185 8.15307 -.002901184  40.1620 1 160.334   6.6660 261.138 0.69305 -6.03641 -49411.94 0.69305 0 4 4
236 4 5 1231 179 191.185 8.15307 -.002901184  40.1620 1 188.203  -9.2026 269.251 0.81351 -4.30493 -43206.25 0.81351 0 4 4
237 4 6 1372 209 191.185 8.15307 -.002901184  40.1620 1 200.773   8.2268 288.082 0.86784 -3.25440 -36404.15 0.86784 0 4 4
238 4 7 1582 214 191.185 8.15307 -.002901184  40.1620 1 213.656   0.3444 272.652 0.92353 -2.00399 -25848.36 0.92353 0 4 4
239 5 1  118  30 191.185 8.15307 -.002901184  -5.1965 1  27.393   2.6066  14.638 0.14729 -2.86502  -2756.33 0.14729 0 4 4
240 5 2  484  49 191.185 8.15307 -.002901184  -5.1965 1  61.952 -12.9518  65.699 0.33309 -5.06754 -19996.92 0.33309 0 4 4
241 5 3  664  81 191.185 8.15307 -.002901184  -5.1965 1  85.016  -4.0161 123.757 0.45710 -5.66105 -30646.76 0.45710 0 4 4
242 5 4 1004 125 191.185 8.15307 -.002901184  -5.1965 1 128.899  -3.8985 200.681 0.69305 -4.85290 -39724.12 0.69305 0 4 4
243 5 5 1231 142 191.185 8.15307 -.002901184  -5.1965 1 151.303  -9.3031 214.556 0.81351 -3.46090 -34735.12 0.81351 0 4 4
244 5 6 1372 174 191.185 8.15307 -.002901184  -5.1965 1 161.409  12.5909 237.577 0.86784 -2.61634 -29266.66 0.86784 0 4 4
245 5 7 1582 177 191.185 8.15307 -.002901184  -5.1965 1 171.766   5.2343 224.153 0.92353 -1.61108 -20780.47 0.92353 0 4 4
246 1 1  118  30 191.185 8.15309 -.002901188 -29.5104 1  23.812   6.1878  16.646 0.14728 -2.49047  -2396.00 0.14728 0 5 5
247 1 2  484  58 191.185 8.15309 -.002901188 -29.5104 1  53.853   4.1471  72.516 0.33309 -4.40506 -17382.75 0.33309 0 5 5
248 1 3  664  87 191.185 8.15309 -.002901188 -29.5104 1  73.902  13.0979 124.168 0.45710 -4.92098 -26640.36 0.45710 0 5 5
249 1 4 1004 115 191.185 8.15309 -.002901188 -29.5104 1 112.048   2.9521 180.787 0.69305 -4.21848 -34531.03 0.69305 0 5 5
250 1 5 1231 120 191.185 8.15309 -.002901188 -29.5104 1 131.524 -11.5236 183.071 0.81351 -3.00845 -30194.21 0.81351 0 5 5
251 1 6 1372 142 191.185 8.15309 -.002901188 -29.5104 1 140.308   1.6915 197.265 0.86784 -2.27430 -25440.62 0.86784 0 5 5
252 1 7 1582 145 191.185 8.15309 -.002901188 -29.5104 1 149.311  -4.3111 185.988 0.92353 -1.40046 -18063.81 0.92353 0 5 5
253 2 1  118  33 191.185 8.15309 -.002901188  31.6782 1  32.824   0.1756  14.592 0.14728 -3.43304  -3302.80 0.14728 0 5 5
254 2 2  484  69 191.185 8.15309 -.002901188  31.6782 1  74.235  -5.2345  89.010 0.33309 -6.07223 -23961.56 0.33309 0 5 5
255 2 3  664 111 191.185 8.15309 -.002901188  31.6782 1 101.872   9.1284 162.234 0.45710 -6.78341 -36722.86 0.45710 0 5 5
256 2 4 1004 156 191.185 8.15309 -.002901188  31.6782 1 154.454   1.5457 246.686 0.69305 -5.81503 -47599.89 0.69305 0 5 5
257 2 5 1231 172 191.185 8.15309 -.002901188  31.6782 1 181.301  -9.3010 258.941 0.81351 -4.14705 -41621.73 0.81351 0 5 5
258 2 6 1372 203 191.185 8.15309 -.002901188  31.6782 1 193.411   9.5894 279.182 0.86784 -3.13504 -35069.06 0.86784 0 5 5
259 2 7 1582 203 191.185 8.15309 -.002901188  31.6782 1 205.821  -2.8205 259.501 0.92353 -1.93049 -24900.37 0.92353 0 5 5
260 3 1  118  30 191.185 8.15309 -.002901188 -37.1334 1  22.689   7.3105  17.276 0.14728 -2.37305  -2283.02 0.14728 0 5 5
261 3 2  484  51 191.185 8.15309 -.002901188 -37.1334 1  51.314  -0.3137  64.831 0.33309 -4.19736 -16563.14 0.33309 0 5 5
262 3 3  664  75 191.185 8.15309 -.002901188 -37.1334 1  70.418   4.5824 110.415 0.45710 -4.68895 -25384.25 0.45710 0 5 5
263 3 4 1004 108 191.185 8.15309 -.002901188 -37.1334 1 106.765   1.2352 170.685 0.69305 -4.01957 -32902.87 0.69305 0 5 5
264 3 5 1231 115 191.185 8.15309 -.002901188 -37.1334 1 125.322 -10.3222 175.097 0.81351 -2.86660 -28770.53 0.81351 0 5 5
265 3 6 1372 139 191.185 8.15309 -.002901188 -37.1334 1 133.693   5.3072 191.660 0.86784 -2.16706 -24241.08 0.86784 0 5 5
266 3 7 1582 140 191.185 8.15309 -.002901188 -37.1334 1 142.271  -2.2710 179.056 0.92353 -1.33443 -17212.09 0.92353 0 5 5
267 4 1  118  32 191.185 8.15309 -.002901188  40.1620 1  34.074  -2.0739  12.891 0.14728 -3.56372  -3428.53 0.14728 0 5 5
                                                     The SAS System                    14:39 Monday, October 28, 2002   9

   Obs    tree    time      x      y        b1         b2           b3           u1       _one     PREDV     _PSEUDOY

   268      4       2      484     62    191.185    8.15309    -.002901188     40.1620      1      77.060    -15.0604
   269      4       3      664    112    191.185    8.15309    -.002901188     40.1620      1     105.750      6.2504
   270      4       4     1004    167    191.185    8.15309    -.002901188     40.1620      1     160.334      6.6660
   271      4       5     1231    179    191.185    8.15309    -.002901188     40.1620      1     188.203     -9.2026
   272      4       6     1372    209    191.185    8.15309    -.002901188     40.1620      1     200.773      8.2267
   273      4       7     1582    214    191.185    8.15309    -.002901188     40.1620      1     213.656      0.3444
   274      5       1      118     30    191.185    8.15309    -.002901188     -5.1965      1      27.393      2.6067
   275      5       2      484     49    191.185    8.15309    -.002901188     -5.1965      1      61.952    -12.9518
   276      5       3      664     81    191.185    8.15309    -.002901188     -5.1965      1      85.016     -4.0161
   277      5       4     1004    125    191.185    8.15309    -.002901188     -5.1965      1     128.899     -3.8985
   278      5       5     1231    142    191.185    8.15309    -.002901188     -5.1965      1     151.303     -9.3031
   279      5       6     1372    174    191.185    8.15309    -.002901188     -5.1965      1     161.409     12.5909
   280      5       7     1582    177    191.185    8.15309    -.002901188     -5.1965      1     171.766      5.2343
   281      1       1      118     30    191.185    8.15309    -.002901188    -29.5104      1      23.812      6.1878
   282      1       2      484     58    191.185    8.15309    -.002901188    -29.5104      1      53.853      4.1471
   283      1       3      664     87    191.185    8.15309    -.002901188    -29.5104      1      73.902     13.0979
   284      1       4     1004    115    191.185    8.15309    -.002901188    -29.5104      1     112.048      2.9521
   285      1       5     1231    120    191.185    8.15309    -.002901188    -29.5104      1     131.524    -11.5236
   286      1       6     1372    142    191.185    8.15309    -.002901188    -29.5104      1     140.308      1.6915
   287      1       7     1582    145    191.185    8.15309    -.002901188    -29.5104      1     149.311     -4.3111
   288      2       1      118     33    191.185    8.15309    -.002901188     31.6782      1      32.824      0.1756
   289      2       2      484     69    191.185    8.15309    -.002901188     31.6782      1      74.235     -5.2345
   290      2       3      664    111    191.185    8.15309    -.002901188     31.6782      1     101.872      9.1284
   291      2       4     1004    156    191.185    8.15309    -.002901188     31.6782      1     154.454      1.5457
   292      2       5     1231    172    191.185    8.15309    -.002901188     31.6782      1     181.301     -9.3010
   293      2       6     1372    203    191.185    8.15309    -.002901188     31.6782      1     193.411      9.5894
   294      2       7     1582    203    191.185    8.15309    -.002901188     31.6782      1     205.821     -2.8205
   295      3       1      118     30    191.185    8.15309    -.002901188    -37.1334      1      22.689      7.3105
   296      3       2      484     51    191.185    8.15309    -.002901188    -37.1334      1      51.314     -0.3137
   297      3       3      664     75    191.185    8.15309    -.002901188    -37.1334      1      70.418      4.5824
   298      3       4     1004    108    191.185    8.15309    -.002901188    -37.1334      1     106.765      1.2352
   299      3       5     1231    115    191.185    8.15309    -.002901188    -37.1334      1     125.322    -10.3222
   300      3       6     1372    139    191.185    8.15309    -.002901188    -37.1334      1     133.693      5.3072
   301      3       7     1582    140    191.185    8.15309    -.002901188    -37.1334      1     142.271     -2.2710
   302      4       1      118     32    191.185    8.15309    -.002901188     40.1620      1      34.074     -2.0739
   303      4       2      484     62    191.185    8.15309    -.002901188     40.1620      1      77.060    -15.0604
   304      4       3      664    112    191.185    8.15309    -.002901188     40.1620      1     105.750      6.2504
   305      4       4     1004    167    191.185    8.15309    -.002901188     40.1620      1     160.334      6.6660
   306      4       5     1231    179    191.185    8.15309    -.002901188     40.1620      1     188.203     -9.2026
   307      4       6     1372    209    191.185    8.15309    -.002901188     40.1620      1     200.773      8.2267
   308      4       7     1582    214    191.185    8.15309    -.002901188     40.1620      1     213.656      0.3444
   309      5       1      118     30    191.185    8.15309    -.002901188     -5.1965      1      27.393      2.6067
   310      5       2      484     49    191.185    8.15309    -.002901188     -5.1965      1      61.952    -12.9518
   311      5       3      664     81    191.185    8.15309    -.002901188     -5.1965      1      85.016     -4.0161
   312      5       4     1004    125    191.185    8.15309    -.002901188     -5.1965      1     128.899     -3.8985
   313      5       5     1231    142    191.185    8.15309    -.002901188     -5.1965      1     151.303     -9.3031

   Obs    PSEUDO_Y      D_B1       D_B2         D_B3        D_U1     _switch    _ni    _iter

   268      82.771    0.33309    -6.30338    -24873.71    0.33309       0       5.0     5.0 
   269     165.185    0.45710    -7.04163    -38120.81    0.45710       0       5.0     5.0 
   270     261.138    0.69305    -6.03640    -49411.90    0.69305       0       5.0     5.0 
   271     269.251    0.81351    -4.30491    -43206.16    0.81351       0       5.0     5.0 
   272     288.082    0.86784    -3.25439    -36404.05    0.86784       0       5.0     5.0 
   273     272.652    0.92353    -2.00397    -25848.26    0.92353       0       5.0     5.0 
   274      14.638    0.14728    -2.86501     -2756.33    0.14728       0       5.0     5.0 
   275      65.699    0.33309    -5.06752    -19996.91    0.33309       0       5.0     5.0 
   276     123.757    0.45710    -5.66103    -30646.75    0.45710       0       5.0     5.0 
   277     200.681    0.69305    -4.85288    -39724.07    0.69305       0       5.0     5.0 
   278     214.556    0.81351    -3.46088    -34735.05    0.81351       0       5.0     5.0 
   279     237.577    0.86784    -2.61632    -29266.58    0.86784       0       5.0     5.0 
   280     224.153    0.92353    -1.61107    -20780.39    0.92353       0       5.0     5.0 
   281      16.646    0.14728    -2.49047     -2396.00    0.14728       0       6.0     6.0 
   282      72.516    0.33309    -4.40506    -17382.75    0.33309       0       6.0     6.0 
   283     124.168    0.45710    -4.92098    -26640.36    0.45710       0       6.0     6.0 
   284     180.787    0.69305    -4.21848    -34531.02    0.69305       0       6.0     6.0 
   285     183.071    0.81351    -3.00845    -30194.20    0.81351       0       6.0     6.0 
   286     197.265    0.86784    -2.27430    -25440.62    0.86784       0       6.0     6.0 
   287     185.988    0.92353    -1.40046    -18063.81    0.92353       0       6.0     6.0 
   288      14.592    0.14728    -3.43304     -3302.80    0.14728       0       6.0     6.0 
   289      89.010    0.33309    -6.07223    -23961.56    0.33309       0       6.0     6.0 
   290     162.234    0.45710    -6.78341    -36722.86    0.45710       0       6.0     6.0 
   291     246.686    0.69305    -5.81503    -47599.89    0.69305       0       6.0     6.0 
   292     258.941    0.81351    -4.14705    -41621.72    0.81351       0       6.0     6.0 
   293     279.182    0.86784    -3.13504    -35069.06    0.86784       0       6.0     6.0 
   294     259.501    0.92353    -1.93049    -24900.37    0.92353       0       6.0     6.0 
   295      17.276    0.14728    -2.37305     -2283.02    0.14728       0       6.0     6.0 
   296      64.831    0.33309    -4.19736    -16563.14    0.33309       0       6.0     6.0 
   297     110.415    0.45710    -4.68895    -25384.25    0.45710       0       6.0     6.0 
   298     170.685    0.69305    -4.01957    -32902.86    0.69305       0       6.0     6.0 
   299     175.097    0.81351    -2.86660    -28770.53    0.81351       0       6.0     6.0 
   300     191.660    0.86784    -2.16706    -24241.07    0.86784       0       6.0     6.0 
   301     179.056    0.92353    -1.33443    -17212.09    0.92353       0       6.0     6.0 
   302      12.891    0.14728    -3.56372     -3428.53    0.14728       0       6.0     6.0 
   303      82.771    0.33309    -6.30338    -24873.71    0.33309       0       6.0     6.0 
   304     165.185    0.45710    -7.04163    -38120.81    0.45710       0       6.0     6.0 
   305     261.138    0.69305    -6.03639    -49411.89    0.69305       0       6.0     6.0 
   306     269.251    0.81351    -4.30491    -43206.16    0.81351       0       6.0     6.0 
   307     288.082    0.86784    -3.25439    -36404.05    0.86784       0       6.0     6.0 
   308     272.652    0.92353    -2.00397    -25848.26    0.92353       0       6.0     6.0 
   309      14.638    0.14728    -2.86501     -2756.32    0.14728       0       6.0     6.0 
   310      65.699    0.33309    -5.06752    -19996.91    0.33309       0       6.0     6.0 
   311     123.757    0.45710    -5.66103    -30646.74    0.45710       0       6.0     6.0 
   312     200.681    0.69305    -4.85288    -39724.07    0.69305       0       6.0     6.0 
   313     214.556    0.81351    -3.46088    -34735.04    0.81351       0       6.0     6.0 
                                                     The SAS System                    14:39 Monday, October 28, 2002  10

   Obs    tree    time      x      y        b1         b2           b3           u1       _one     PREDV     _PSEUDOY

   314      5       6     1372    174    191.185    8.15309    -.002901188     -5.1965      1     161.409     12.5909
   315      5       7     1582    177    191.185    8.15309    -.002901188     -5.1965      1     171.766      5.2343
   316      1       1      118     30    191.185    8.15309    -.002901188    -29.5104      1      23.812      6.1878
   317      1       2      484     58    191.185    8.15309    -.002901188    -29.5104      1      53.853      4.1471
   318      1       3      664     87    191.185    8.15309    -.002901188    -29.5104      1      73.902     13.0979
   319      1       4     1004    115    191.185    8.15309    -.002901188    -29.5104      1     112.048      2.9521
   320      1       5     1231    120    191.185    8.15309    -.002901188    -29.5104      1     131.524    -11.5236
   321      1       6     1372    142    191.185    8.15309    -.002901188    -29.5104      1     140.308      1.6915
   322      1       7     1582    145    191.185    8.15309    -.002901188    -29.5104      1     149.311     -4.3111
   323      2       1      118     33    191.185    8.15309    -.002901188     31.6782      1      32.824      0.1756
   324      2       2      484     69    191.185    8.15309    -.002901188     31.6782      1      74.235     -5.2345
   325      2       3      664    111    191.185    8.15309    -.002901188     31.6782      1     101.872      9.1284
   326      2       4     1004    156    191.185    8.15309    -.002901188     31.6782      1     154.454      1.5457
   327      2       5     1231    172    191.185    8.15309    -.002901188     31.6782      1     181.301     -9.3010
   328      2       6     1372    203    191.185    8.15309    -.002901188     31.6782      1     193.411      9.5894
   329      2       7     1582    203    191.185    8.15309    -.002901188     31.6782      1     205.821     -2.8205
   330      3       1      118     30    191.185    8.15309    -.002901188    -37.1334      1      22.689      7.3105
   331      3       2      484     51    191.185    8.15309    -.002901188    -37.1334      1      51.314     -0.3137
   332      3       3      664     75    191.185    8.15309    -.002901188    -37.1334      1      70.418      4.5824
   333      3       4     1004    108    191.185    8.15309    -.002901188    -37.1334      1     106.765      1.2352
   334      3       5     1231    115    191.185    8.15309    -.002901188    -37.1334      1     125.322    -10.3222
   335      3       6     1372    139    191.185    8.15309    -.002901188    -37.1334      1     133.693      5.3072
   336      3       7     1582    140    191.185    8.15309    -.002901188    -37.1334      1     142.271     -2.2710
   337      4       1      118     32    191.185    8.15309    -.002901188     40.1620      1      34.074     -2.0739
   338      4       2      484     62    191.185    8.15309    -.002901188     40.1620      1      77.060    -15.0604
   339      4       3      664    112    191.185    8.15309    -.002901188     40.1620      1     105.750      6.2504
   340      4       4     1004    167    191.185    8.15309    -.002901188     40.1620      1     160.334      6.6660
   341      4       5     1231    179    191.185    8.15309    -.002901188     40.1620      1     188.203     -9.2026
   342      4       6     1372    209    191.185    8.15309    -.002901188     40.1620      1     200.773      8.2267
   343      4       7     1582    214    191.185    8.15309    -.002901188     40.1620      1     213.656      0.3444
   344      5       1      118     30    191.185    8.15309    -.002901188     -5.1965      1      27.393      2.6067
   345      5       2      484     49    191.185    8.15309    -.002901188     -5.1965      1      61.952    -12.9518
   346      5       3      664     81    191.185    8.15309    -.002901188     -5.1965      1      85.016     -4.0161
   347      5       4     1004    125    191.185    8.15309    -.002901188     -5.1965      1     128.899     -3.8985
   348      5       5     1231    142    191.185    8.15309    -.002901188     -5.1965      1     151.303     -9.3031
   349      5       6     1372    174    191.185    8.15309    -.002901188     -5.1965      1     161.409     12.5909
   350      5       7     1582    177    191.185    8.15309    -.002901188     -5.1965      1     171.766      5.2343

   Obs    PSEUDO_Y      D_B1       D_B2         D_B3        D_U1     _switch    _ni    _iter

   314     237.577    0.86784    -2.61632    -29266.57    0.86784       0       6.0     6.0 
   315     224.153    0.92353    -1.61107    -20780.38    0.92353       0       6.0     6.0 
   316      16.646    0.14728    -2.49047     -2396.00    0.14728       0       6.1     6.1 
   317      72.516    0.33309    -4.40506    -17382.75    0.33309       0       6.1     6.1 
   318     124.168    0.45710    -4.92098    -26640.36    0.45710       0       6.1     6.1 
   319     180.787    0.69305    -4.21848    -34531.02    0.69305       0       6.1     6.1 
   320     183.071    0.81351    -3.00845    -30194.20    0.81351       0       6.1     6.1 
   321     197.265    0.86784    -2.27430    -25440.62    0.86784       0       6.1     6.1 
   322     185.988    0.92353    -1.40046    -18063.81    0.92353       0       6.1     6.1 
   323      14.592    0.14728    -3.43304     -3302.80    0.14728       0       6.1     6.1 
   324      89.010    0.33309    -6.07223    -23961.56    0.33309       0       6.1     6.1 
   325     162.234    0.45710    -6.78341    -36722.86    0.45710       0       6.1     6.1 
   326     246.686    0.69305    -5.81503    -47599.89    0.69305       0       6.1     6.1 
   327     258.941    0.81351    -4.14705    -41621.72    0.81351       0       6.1     6.1 
   328     279.182    0.86784    -3.13504    -35069.06    0.86784       0       6.1     6.1 
   329     259.501    0.92353    -1.93049    -24900.37    0.92353       0       6.1     6.1 
   330      17.276    0.14728    -2.37305     -2283.02    0.14728       0       6.1     6.1 
   331      64.831    0.33309    -4.19736    -16563.14    0.33309       0       6.1     6.1 
   332     110.415    0.45710    -4.68895    -25384.25    0.45710       0       6.1     6.1 
   333     170.685    0.69305    -4.01957    -32902.86    0.69305       0       6.1     6.1 
   334     175.097    0.81351    -2.86660    -28770.53    0.81351       0       6.1     6.1 
   335     191.660    0.86784    -2.16706    -24241.07    0.86784       0       6.1     6.1 
   336     179.056    0.92353    -1.33443    -17212.09    0.92353       0       6.1     6.1 
   337      12.891    0.14728    -3.56372     -3428.53    0.14728       0       6.1     6.1 
   338      82.771    0.33309    -6.30338    -24873.71    0.33309       0       6.1     6.1 
   339     165.185    0.45710    -7.04163    -38120.81    0.45710       0       6.1     6.1 
   340     261.138    0.69305    -6.03639    -49411.89    0.69305       0       6.1     6.1 
   341     269.251    0.81351    -4.30491    -43206.16    0.81351       0       6.1     6.1 
   342     288.082    0.86784    -3.25439    -36404.05    0.86784       0       6.1     6.1 
   343     272.652    0.92353    -2.00397    -25848.26    0.92353       0       6.1     6.1 
   344      14.638    0.14728    -2.86501     -2756.32    0.14728       0       6.1     6.1 
   345      65.699    0.33309    -5.06752    -19996.91    0.33309       0       6.1     6.1 
   346     123.757    0.45710    -5.66103    -30646.74    0.45710       0       6.1     6.1 
   347     200.681    0.69305    -4.85288    -39724.07    0.69305       0       6.1     6.1 
   348     214.556    0.81351    -3.46088    -34735.04    0.81351       0       6.1     6.1 
   349     237.577    0.86784    -2.61632    -29266.57    0.86784       0       6.1     6.1 
   350     224.153    0.92353    -1.61107    -20780.38    0.92353       0       6.1     6.1 
