                                                     The SAS System

                                                _B                            _U

                                               150        10    -0.001         0


                                        PREDV      _DBU

                                    15.171498 0.1011433   -1.3637 -1609.166 0.1011506
                                    20.940561 0.1396037 -1.801717 -8720.325 0.1396153
                                    24.398652 0.1626577 -2.043001 -13565.55 0.1626731
                                    32.160486 0.2144032 -2.526515 -25366.23 0.2144222
                                    38.265264 0.2551017 -2.850371 -35087.96 0.2551266
                                    42.420904 0.2828059 -3.042399 -41741.47 0.2828487
                                    49.089623 0.3272641 -3.302434 -52243.82 0.3272946


                                                _B                            _U

                                               150        10    -0.001         0


                                        PREDV      _DBU

                                    15.171498 0.1011433   -1.3637 -1609.166 0.1011506
                                    20.940561 0.1396037 -1.801717 -8720.325 0.1396153
                                    24.398652 0.1626577 -2.043001 -13565.55 0.1626731
                                    32.160486 0.2144032 -2.526515 -25366.23 0.2144222
                                    38.265264 0.2551017 -2.850371 -35087.96 0.2551266
                                    42.420904 0.2828059 -3.042399 -41741.47 0.2828487
                                    49.089623 0.3272641 -3.302434 -52243.82 0.3272946


                                                _B                            _U

                                               150        10    -0.001         0


                                        PREDV      _DBU

                                    15.171498 0.1011433   -1.3637 -1609.166 0.1011506
                                    20.940561 0.1396037 -1.801717 -8720.325 0.1396153
                                    24.398652 0.1626577 -2.043001 -13565.55 0.1626731
                                    32.160486 0.2144032 -2.526515 -25366.23 0.2144222
                                    38.265264 0.2551017 -2.850371 -35087.96 0.2551266
                                    42.420904 0.2828059 -3.042399 -41741.47 0.2828487
                                    49.089623 0.3272641 -3.302434 -52243.82 0.3272946


                                                _B                            _U

                                               150        10    -0.001         0


                                        PREDV      _DBU

                                    15.171498 0.1011433   -1.3637 -1609.166 0.1011506
                                    20.940561 0.1396037 -1.801717 -8720.325 0.1396153
                                    24.398652 0.1626577 -2.043001 -13565.55 0.1626731
                                    32.160486 0.2144032 -2.526515 -25366.23 0.2144222
                                    38.265264 0.2551017 -2.850371 -35087.96 0.2551266
                                    42.420904 0.2828059 -3.042399 -41741.47 0.2828487
                                    49.089623 0.3272641 -3.302434 -52243.82 0.3272946


                                                _B                            _U

                                               150        10    -0.001         0


                                        PREDV      _DBU

                                    15.171498 0.1011433   -1.3637 -1609.166 0.1011506
                                    20.940561 0.1396037 -1.801717 -8720.325 0.1396153
                                    24.398652 0.1626577 -2.043001 -13565.55 0.1626731
                                    32.160486 0.2144032 -2.526515 -25366.23 0.2144222
                                    38.265264 0.2551017 -2.850371 -35087.96 0.2551266
                                    42.420904 0.2828059 -3.042399 -41741.47 0.2828487
                                    49.089623 0.3272641 -3.302434 -52243.82 0.3272946
                                                     The SAS System

                                                   The MEANS Procedure

                                              Analysis Variable : _PSEUDOY 
 
                                                               USS
                                                      ------------
                                                         323748.78
                                                      ------------
                                                     The SAS System

                                                        _        P
                                                        P        S                                            _
                                                        S        E                                            s
                                               P        E        U                                            w       _
     t  t                                _     R        U        D        D         D         D         D     i       i
  O  r  i                                o     E        D        O        _         _         _         _     t   _   t
  b  e  m              b    b    b    u  n     D        O        _        B         B         B         U     c   n   e
  s  e  e    x    y    1    2    3    1  e     V        Y        Y        1         2         3         1     h   i   r

  1  1  1   118   30  150  10  -.001  0  1  15.1715   14.829   17.972  0.10114  -1.36370   -1609.17  0.10115  0  -9  -9
  2  1  2   484   58  150  10  -.001  0  1  20.9406   37.059   48.703  0.13960  -1.80172   -8720.32  0.13962  0  -9  -9
  3  1  3   664   87  150  10  -.001  0  1  24.3987   62.601   80.136  0.16266  -2.04300  -13565.55  0.16267  0  -9  -9
  4  1  4  1004  115  150  10  -.001  0  1  32.1605   82.840  115.101  0.21440  -2.52652  -25366.23  0.21442  0  -9  -9
  5  1  5  1231  120  150  10  -.001  0  1  38.2653   81.735  126.584  0.25510  -2.85037  -35087.96  0.25513  0  -9  -9
  6  1  6  1372  142  150  10  -.001  0  1  42.4209   99.579  153.317  0.28281  -3.04240  -41741.47  0.28285  0  -9  -9
  7  1  7  1582  145  150  10  -.001  0  1  49.0896   95.910  164.219  0.32726  -3.30243  -52243.82  0.32729  0  -9  -9
  8  2  1   118   33  150  10  -.001  0  1  15.1715   17.829   20.972  0.10114  -1.36370   -1609.17  0.10115  0  -9  -9
  9  2  2   484   69  150  10  -.001  0  1  20.9406   48.059   59.703  0.13960  -1.80172   -8720.32  0.13962  0  -9  -9
 10  2  3   664  111  150  10  -.001  0  1  24.3987   86.601  104.136  0.16266  -2.04300  -13565.55  0.16267  0  -9  -9
 11  2  4  1004  156  150  10  -.001  0  1  32.1605  123.840  156.101  0.21440  -2.52652  -25366.23  0.21442  0  -9  -9
 12  2  5  1231  172  150  10  -.001  0  1  38.2653  133.735  178.584  0.25510  -2.85037  -35087.96  0.25513  0  -9  -9
 13  2  6  1372  203  150  10  -.001  0  1  42.4209  160.579  214.317  0.28281  -3.04240  -41741.47  0.28285  0  -9  -9
 14  2  7  1582  203  150  10  -.001  0  1  49.0896  153.910  222.219  0.32726  -3.30243  -52243.82  0.32729  0  -9  -9
 15  3  1   118   30  150  10  -.001  0  1  15.1715   14.829   17.972  0.10114  -1.36370   -1609.17  0.10115  0  -9  -9
 16  3  2   484   51  150  10  -.001  0  1  20.9406   30.059   41.703  0.13960  -1.80172   -8720.32  0.13962  0  -9  -9
 17  3  3   664   75  150  10  -.001  0  1  24.3987   50.601   68.136  0.16266  -2.04300  -13565.55  0.16267  0  -9  -9
 18  3  4  1004  108  150  10  -.001  0  1  32.1605   75.840  108.101  0.21440  -2.52652  -25366.23  0.21442  0  -9  -9
 19  3  5  1231  115  150  10  -.001  0  1  38.2653   76.735  121.584  0.25510  -2.85037  -35087.96  0.25513  0  -9  -9
 20  3  6  1372  139  150  10  -.001  0  1  42.4209   96.579  150.317  0.28281  -3.04240  -41741.47  0.28285  0  -9  -9
 21  3  7  1582  140  150  10  -.001  0  1  49.0896   90.910  159.219  0.32726  -3.30243  -52243.82  0.32729  0  -9  -9
 22  4  1   118   32  150  10  -.001  0  1  15.1715   16.829   19.972  0.10114  -1.36370   -1609.17  0.10115  0  -9  -9
 23  4  2   484   62  150  10  -.001  0  1  20.9406   41.059   52.703  0.13960  -1.80172   -8720.32  0.13962  0  -9  -9
 24  4  3   664  112  150  10  -.001  0  1  24.3987   87.601  105.136  0.16266  -2.04300  -13565.55  0.16267  0  -9  -9
 25  4  4  1004  167  150  10  -.001  0  1  32.1605  134.840  167.101  0.21440  -2.52652  -25366.23  0.21442  0  -9  -9
 26  4  5  1231  179  150  10  -.001  0  1  38.2653  140.735  185.584  0.25510  -2.85037  -35087.96  0.25513  0  -9  -9
 27  4  6  1372  209  150  10  -.001  0  1  42.4209  166.579  220.317  0.28281  -3.04240  -41741.47  0.28285  0  -9  -9
 28  4  7  1582  214  150  10  -.001  0  1  49.0896  164.910  233.219  0.32726  -3.30243  -52243.82  0.32729  0  -9  -9
 29  5  1   118   30  150  10  -.001  0  1  15.1715   14.829   17.972  0.10114  -1.36370   -1609.17  0.10115  0  -9  -9
 30  5  2   484   49  150  10  -.001  0  1  20.9406   28.059   39.703  0.13960  -1.80172   -8720.32  0.13962  0  -9  -9
                                                     The SAS System                    15:45 Friday, October 25, 2002   4

                                                _B                            _U

                                         191.18536 8.1530858 -0.002901 -29.51068


                                        PREDV      _DBU

                                    23.812246 0.1472849 -2.490476 -2395.997 0.1472849
                                    53.852959 0.3330946 -4.405059 -17382.76 0.3330944
                                    73.902093 0.4571038 -4.920979 -26640.36 0.4571035
                                    112.04789 0.6930453 -4.218473 -34531.03 0.6930445
                                    131.52359 0.8135074 -3.008449 -30194.22 0.8135085
                                    140.30847 0.8678443 -2.274297 -25440.63 0.8678442
                                    149.31116 0.9235283 -1.400468 -18063.82 0.9235278


                                                _B                            _U

                                         191.18536 8.1530858 -0.002901 31.677895


                                        PREDV      _DBU

                                    32.824401 0.1472849 -3.433039 -3302.804 0.1472849
                                    74.234538 0.3330948 -6.072231 -23961.56 0.3330948
                                    101.87161 0.4571039 -6.783409 -36722.87 0.4571047
                                    154.45435 0.6930463  -5.81503  -47599.9 0.6930457
                                    181.30096 0.8135084  -4.14706 -41621.74 0.8135052
                                    193.41063 0.8678452  -3.13506 -35069.07 0.8678432
                                    205.82054 0.9235294 -1.930498 -24900.38 0.9235306


                                                _B                            _U

                                         191.18536 8.1530858 -0.002901 -37.13375


                                        PREDV      _DBU

                                    22.689482 0.1472849 -2.373048 -2283.024 0.1472849
                                    51.313753 0.3330944 -4.197359 -16563.15 0.3330946
                                    70.417557 0.4571038 -4.688955 -25384.25 0.4571038
                                    106.76475 0.6930454 -4.019576 -32902.87 0.6930469
                                    125.32216 0.8135077   -2.8666 -28770.54 0.8135107
                                    133.69283 0.8678445 -2.167068 -24241.08 0.8678467
                                    142.27103 0.9235288 -1.334438  -17212.1 0.9235298


                                                _B                            _U

                                         191.18536 8.1530858 -0.002901  40.16171


                                        PREDV      _DBU

                                    34.073939 0.1472849 -3.563726 -3428.533 0.1472849
                                    77.060451 0.3330945 -6.303384 -24873.71 0.3330946
                                     105.7496 0.4571041 -7.041638 -38120.81 0.4571057
                                    160.33402 0.6930463 -6.036399  -49411.9  0.693043
                                    188.20261 0.8135091 -4.304934 -43206.17 0.8135068
                                    200.77326 0.8678456 -3.254401 -36404.06 0.8678429
                                    213.65558 0.9235292 -2.003983 -25848.27 0.9235267


                                                _B                            _U

                                         191.18536 8.1530858 -0.002901 -5.196821


                                        PREDV      _DBU

                                    27.393311  0.147285 -2.865012 -2756.325 0.1472856
                                    61.951771 0.3330946 -5.067525  -19996.9 0.3330967
                                    85.016046 0.4571041 -5.661032 -30646.74 0.4571118
                                     128.8985 0.6930457 -4.852886 -39724.07 0.6930623
                                     151.3031 0.8135083 -3.460883 -34735.05 0.8135271
                                    161.40911 0.8678448 -2.616325 -29266.58 0.8678607
                                    171.76569 0.9235287 -1.611063 -20780.39  0.923538
                                                     The SAS System                    15:45 Friday, October 25, 2002   5

                                                   The MEANS Procedure

                                              Analysis Variable : _PSEUDOY 
 
                                                               USS
                                                      ------------
                                                           1850.95
                                                      ------------
                                                     The SAS System                    15:45 Friday, October 25, 2002   6

    Obs    tree    time      x      y     _one     PREDV     _PSEUDOY    PSEUDO_Y      D_B1       D_B2         D_B3

      1     1        1      118     30      1      23.812      6.1878      16.646    0.14728    -2.49048     -2396.00
      2     1        2      484     58      1      53.853      4.1470      72.516    0.33309    -4.40506    -17382.76
      3     1        3      664     87      1      73.902     13.0979     124.168    0.45710    -4.92098    -26640.36
      4     1        4     1004    115      1     112.048      2.9521     180.787    0.69305    -4.21847    -34531.03
      5     1        5     1231    120      1     131.524    -11.5236     183.071    0.81351    -3.00845    -30194.22
      6     1        6     1372    142      1     140.308      1.6915     197.265    0.86784    -2.27430    -25440.63
      7     1        7     1582    145      1     149.311     -4.3112     185.988    0.92353    -1.40047    -18063.82
      8     2        1      118     33      1      32.824      0.1756      14.592    0.14728    -3.43304     -3302.80
      9     2        2      484     69      1      74.235     -5.2345      89.010    0.33309    -6.07223    -23961.56
     10     2        3      664    111      1     101.872      9.1284     162.234    0.45710    -6.78341    -36722.87
     11     2        4     1004    156      1     154.454      1.5457     246.686    0.69305    -5.81503    -47599.90
     12     2        5     1231    172      1     181.301     -9.3010     258.941    0.81351    -4.14706    -41621.74
     13     2        6     1372    203      1     193.411      9.5894     279.182    0.86785    -3.13506    -35069.07
     14     2        7     1582    203      1     205.821     -2.8205     259.501    0.92353    -1.93050    -24900.38
     15     3        1      118     30      1      22.689      7.3105      17.276    0.14728    -2.37305     -2283.02
     16     3        2      484     51      1      51.314     -0.3138      64.831    0.33309    -4.19736    -16563.15
     17     3        3      664     75      1      70.418      4.5824     110.415    0.45710    -4.68896    -25384.25
     18     3        4     1004    108      1     106.765      1.2352     170.685    0.69305    -4.01958    -32902.87
     19     3        5     1231    115      1     125.322    -10.3222     175.097    0.81351    -2.86660    -28770.54
     20     3        6     1372    139      1     133.693      5.3072     191.660    0.86784    -2.16707    -24241.08
     21     3        7     1582    140      1     142.271     -2.2710     179.056    0.92353    -1.33444    -17212.10
     22     4        1      118     32      1      34.074     -2.0739      12.891    0.14728    -3.56373     -3428.53
     23     4        2      484     62      1      77.060    -15.0605      82.771    0.33309    -6.30338    -24873.71
     24     4        3      664    112      1     105.750      6.2504     165.185    0.45710    -7.04164    -38120.81
     25     4        4     1004    167      1     160.334      6.6660     261.138    0.69305    -6.03640    -49411.90
     26     4        5     1231    179      1     188.203     -9.2026     269.251    0.81351    -4.30493    -43206.17
     27     4        6     1372    209      1     200.773      8.2267     288.082    0.86785    -3.25440    -36404.06
     28     4        7     1582    214      1     213.656      0.3444     272.652    0.92353    -2.00398    -25848.27
     29     5        1      118     30      1      27.393      2.6067      14.638    0.14728    -2.86501     -2756.33
     30     5        2      484     49      1      61.952    -12.9518      65.699    0.33309    -5.06752    -19996.90

    Obs      D_U1        b1         b2           b3           u1       _switch    _ni    _iter

      1    0.14728    191.185    8.15309    -.002901187    -29.5107       0       4.1     4.1 
      2    0.33309    191.185    8.15309    -.002901187    -29.5107       0       4.1     4.1 
      3    0.45710    191.185    8.15309    -.002901187    -29.5107       0       4.1     4.1 
      4    0.69304    191.185    8.15309    -.002901187    -29.5107       0       4.1     4.1 
      5    0.81351    191.185    8.15309    -.002901187    -29.5107       0       4.1     4.1 
      6    0.86784    191.185    8.15309    -.002901187    -29.5107       0       4.1     4.1 
      7    0.92353    191.185    8.15309    -.002901187    -29.5107       0       4.1     4.1 
      8    0.14728    191.185    8.15309    -.002901187     31.6779       0       4.1     4.1 
      9    0.33309    191.185    8.15309    -.002901187     31.6779       0       4.1     4.1 
     10    0.45710    191.185    8.15309    -.002901187     31.6779       0       4.1     4.1 
     11    0.69305    191.185    8.15309    -.002901187     31.6779       0       4.1     4.1 
     12    0.81351    191.185    8.15309    -.002901187     31.6779       0       4.1     4.1 
     13    0.86784    191.185    8.15309    -.002901187     31.6779       0       4.1     4.1 
     14    0.92353    191.185    8.15309    -.002901187     31.6779       0       4.1     4.1 
     15    0.14728    191.185    8.15309    -.002901187    -37.1338       0       4.1     4.1 
     16    0.33309    191.185    8.15309    -.002901187    -37.1338       0       4.1     4.1 
     17    0.45710    191.185    8.15309    -.002901187    -37.1338       0       4.1     4.1 
     18    0.69305    191.185    8.15309    -.002901187    -37.1338       0       4.1     4.1 
     19    0.81351    191.185    8.15309    -.002901187    -37.1338       0       4.1     4.1 
     20    0.86785    191.185    8.15309    -.002901187    -37.1338       0       4.1     4.1 
     21    0.92353    191.185    8.15309    -.002901187    -37.1338       0       4.1     4.1 
     22    0.14728    191.185    8.15309    -.002901187     40.1617       0       4.1     4.1 
     23    0.33309    191.185    8.15309    -.002901187     40.1617       0       4.1     4.1 
     24    0.45711    191.185    8.15309    -.002901187     40.1617       0       4.1     4.1 
     25    0.69304    191.185    8.15309    -.002901187     40.1617       0       4.1     4.1 
     26    0.81351    191.185    8.15309    -.002901187     40.1617       0       4.1     4.1 
     27    0.86784    191.185    8.15309    -.002901187     40.1617       0       4.1     4.1 
     28    0.92353    191.185    8.15309    -.002901187     40.1617       0       4.1     4.1 
     29    0.14729    191.185    8.15309    -.002901187     -5.1968       0       4.1     4.1 
     30    0.33310    191.185    8.15309    -.002901187     -5.1968       0       4.1     4.1 
                                                     The SAS System                    15:45 Friday, October 25, 2002   7

                                                   The Mixed Procedure

                                                   Model Information

                                 Data Set                     WORK._NLINMIX            
                                 Dependent Variable           PSEUDO_Y                 
                                 Covariance Structure         Variance Components      
                                 Subject Effect               tree                     
                                 Estimation Method            REML                     
                                 Residual Variance Method     Profile                  
                                 Fixed Effects SE Method      Model-Based              
                                 Degrees of Freedom Method    Containment              


                                                 Class Level Information
 
                                    Class    Levels    Values

                                    tree          5    1 2 3 4 5                     


                                                       Dimensions

                                           Covariance Parameters             2
                                           Columns in X                      3
                                           Columns in Z Per Subject          1
                                           Subjects                          5
                                           Max Obs Per Subject               7
                                           Observations Used                35
                                           Observations Not Used             0
                                           Total Observations               35


                                                     Parameter Search
 
                          CovP1       CovP2    Variance            Res Log Like    -2 Res Log Like

                        1245.57     65.9372     65.9372               -135.1580           270.3160


                                                    Iteration History
 
                               Iteration    Evaluations    -2 Res Log Like       Criterion

                                       1              1       270.31602574      0.00000000


                                               Convergence criteria met.                    


                                             Covariance Parameter Estimates
 
                                            Cov Parm     Subject    Estimate

                                            D_U1         tree        1245.57
                                            Residual                 65.9372


                                                     Fit Statistics

                                       Res Log Likelihood                  -135.2
                                       Akaike's Information Criterion      -137.2
                                       Schwarz's Bayesian Criterion        -136.8
                                       -2 Res Log Likelihood                270.3


                                            PARMS Model Likelihood Ratio Test
 
                                              DF    Chi-Square      Pr > ChiSq

                                               1          0.00          1.0000


                                               Solution for Fixed Effects
 
                                    Standard
            Effect      Estimate       Error      DF    t Value    Pr > |t|     Alpha       Lower       Upper

            D_B1          191.19     17.1078      27      11.18      <.0001      0.05      156.08      226.29
            D_B2          8.1531      0.8937      27       9.12      <.0001      0.05      6.3193      9.9869
            D_B3        -0.00290    0.000227      27     -12.80      <.0001      0.05    -0.00337    -0.00244


                                               Solution for Random Effects
 
                                        Std Err
         Effect    tree    Estimate        Pred      DF    t Value    Pr > |t|     Alpha       Lower       Upper

         D_U1      1       -29.5107     16.3341      27      -1.81      0.0820      0.05    -63.0256      4.0042
         D_U1      2        31.6779     16.3384      27       1.94      0.0630      0.05     -1.8457     65.2015
         D_U1      3       -37.1338     16.3503      27      -2.27      0.0313      0.05    -70.6817     -3.5858
         D_U1      4        40.1617     16.3578      27       2.46      0.0208      0.05      6.5983     73.7251
         D_U1      5        -5.1968     16.3070      27      -0.32      0.7524      0.05    -38.6560     28.2624
