                                                     The SAS System

                                                _B                            _U

                                               150        10    -0.001         0


                                        PREDV      _DBU

                                    15.171498 0.1011554   -1.3637 -1609.166 0.1011554
                                    20.940561 0.1396227 -1.801718 -8720.319 0.1396227
                                    24.398652 0.1626814    -2.043 -13565.54 0.1626814
                                    32.160486 0.2144378 -2.526514 -25366.23 0.2144378
                                    38.265264 0.2551271 -2.850379 -35088.04 0.2551271
                                    42.420904 0.2828371 -3.042401 -41741.65 0.2828371
                                    49.089623 0.3272925 -3.302433 -52244.26 0.3272925
                                                     The SAS System

                                                   The MEANS Procedure

                                              Analysis Variable : _PSEUDOY 
 
                                                               USS
                                                      ------------
                                                         323748.78
                                                      ------------
                                                     The SAS System

                                                        _        P
                                                        P        S                                            _
                                                        S        E                                            s
                                               P        E        U                                            w       _
     t  t                                _     R        U        D        D         D         D         D     i       i
  O  r  i                                o     E        D        O        _         _         _         _     t   _   t
  b  e  m              b    b    b    u  n     D        O        _        B         B         B         U     c   n   e
  s  e  e    x    y    1    2    3    1  e     V        Y        Y        1         2         3         1     h   i   r

  1  1  1   118   30  150  10  -.001  0  1  15.1715   14.829   17.974  0.10116  -1.36370   -1609.17  0.10116  0  -9  -9
  2  1  2   484   58  150  10  -.001  0  1  20.9406   37.059   48.706  0.13962  -1.80172   -8720.32  0.13962  0  -9  -9
  3  1  3   664   87  150  10  -.001  0  1  24.3987   62.601   80.139  0.16268  -2.04300  -13565.54  0.16268  0  -9  -9
  4  1  4  1004  115  150  10  -.001  0  1  32.1605   82.840  115.106  0.21444  -2.52651  -25366.23  0.21444  0  -9  -9
  5  1  5  1231  120  150  10  -.001  0  1  38.2653   81.735  126.588  0.25513  -2.85038  -35088.04  0.25513  0  -9  -9
  6  1  6  1372  142  150  10  -.001  0  1  42.4209   99.579  153.322  0.28284  -3.04240  -41741.65  0.28284  0  -9  -9
  7  1  7  1582  145  150  10  -.001  0  1  49.0896   95.910  164.224  0.32729  -3.30243  -52244.26  0.32729  0  -9  -9
  8  2  1   118   33  150  10  -.001  0  1  15.1715   17.829   20.974  0.10116  -1.36370   -1609.17  0.10116  0  -9  -9
  9  2  2   484   69  150  10  -.001  0  1  20.9406   48.059   59.706  0.13962  -1.80172   -8720.32  0.13962  0  -9  -9
 10  2  3   664  111  150  10  -.001  0  1  24.3987   86.601  104.139  0.16268  -2.04300  -13565.54  0.16268  0  -9  -9
 11  2  4  1004  156  150  10  -.001  0  1  32.1605  123.840  156.106  0.21444  -2.52651  -25366.23  0.21444  0  -9  -9
 12  2  5  1231  172  150  10  -.001  0  1  38.2653  133.735  178.588  0.25513  -2.85038  -35088.04  0.25513  0  -9  -9
 13  2  6  1372  203  150  10  -.001  0  1  42.4209  160.579  214.322  0.28284  -3.04240  -41741.65  0.28284  0  -9  -9
 14  2  7  1582  203  150  10  -.001  0  1  49.0896  153.910  222.224  0.32729  -3.30243  -52244.26  0.32729  0  -9  -9
 15  3  1   118   30  150  10  -.001  0  1  15.1715   14.829   17.974  0.10116  -1.36370   -1609.17  0.10116  0  -9  -9
 16  3  2   484   51  150  10  -.001  0  1  20.9406   30.059   41.706  0.13962  -1.80172   -8720.32  0.13962  0  -9  -9
 17  3  3   664   75  150  10  -.001  0  1  24.3987   50.601   68.139  0.16268  -2.04300  -13565.54  0.16268  0  -9  -9
 18  3  4  1004  108  150  10  -.001  0  1  32.1605   75.840  108.106  0.21444  -2.52651  -25366.23  0.21444  0  -9  -9
 19  3  5  1231  115  150  10  -.001  0  1  38.2653   76.735  121.588  0.25513  -2.85038  -35088.04  0.25513  0  -9  -9
 20  3  6  1372  139  150  10  -.001  0  1  42.4209   96.579  150.322  0.28284  -3.04240  -41741.65  0.28284  0  -9  -9
 21  3  7  1582  140  150  10  -.001  0  1  49.0896   90.910  159.224  0.32729  -3.30243  -52244.26  0.32729  0  -9  -9
 22  4  1   118   32  150  10  -.001  0  1  15.1715   16.829   19.974  0.10116  -1.36370   -1609.17  0.10116  0  -9  -9
 23  4  2   484   62  150  10  -.001  0  1  20.9406   41.059   52.706  0.13962  -1.80172   -8720.32  0.13962  0  -9  -9
 24  4  3   664  112  150  10  -.001  0  1  24.3987   87.601  105.139  0.16268  -2.04300  -13565.54  0.16268  0  -9  -9
 25  4  4  1004  167  150  10  -.001  0  1  32.1605  134.840  167.106  0.21444  -2.52651  -25366.23  0.21444  0  -9  -9
 26  4  5  1231  179  150  10  -.001  0  1  38.2653  140.735  185.588  0.25513  -2.85038  -35088.04  0.25513  0  -9  -9
 27  4  6  1372  209  150  10  -.001  0  1  42.4209  166.579  220.322  0.28284  -3.04240  -41741.65  0.28284  0  -9  -9
 28  4  7  1582  214  150  10  -.001  0  1  49.0896  164.910  233.224  0.32729  -3.30243  -52244.26  0.32729  0  -9  -9
 29  5  1   118   30  150  10  -.001  0  1  15.1715   14.829   17.974  0.10116  -1.36370   -1609.17  0.10116  0  -9  -9
 30  5  2   484   49  150  10  -.001  0  1  20.9406   28.059   39.706  0.13962  -1.80172   -8720.32  0.13962  0  -9  -9
                                                     The SAS System                    15:44 Friday, October 25, 2002   4

                                                _B                            _U

                                         191.18591 8.1530603 -0.002901 -29.51115


                                        PREDV      _DBU

                                    23.812266 0.1472849 -2.490485 -2395.999 0.1472849
                                    53.852702  0.333096  -4.40512 -17382.73  0.333096
                                     73.90165 0.4570911 -4.921073 -26640.41 0.4570911
                                    112.04727 0.6930191 -4.218738 -34531.41 0.6930191
                                    131.52304 0.8134536 -3.008679 -30194.65 0.8134536
                                    140.30801 0.8677464 -2.274446    -25441 0.8677464
                                    149.31085 0.9234494 -1.400415 -18064.05 0.9234494
                                                     The SAS System                    15:44 Friday, October 25, 2002   5

                                                   The MEANS Procedure

                                              Analysis Variable : _PSEUDOY 
 
                                                               USS
                                                      ------------
                                                           1850.95
                                                      ------------
                                                     The SAS System                    15:44 Friday, October 25, 2002   6

    Obs    tree    time      x      y     _one     PREDV     _PSEUDOY    PSEUDO_Y      D_B1       D_B2         D_B3

      1     1        1      118     30      1      23.812      6.1877      16.646    0.14728    -2.49049     -2396.00
      2     1        2      484     58      1      53.853      4.1473      72.515    0.33310    -4.40512    -17382.73
      3     1        3      664     87      1      73.902     13.0984     124.165    0.45709    -4.92107    -26640.41
      4     1        4     1004    115      1     112.047      2.9527     180.782    0.69302    -4.21874    -34531.41
      5     1        5     1231    120      1     131.523    -11.5230     183.062    0.81345    -3.00868    -30194.65
      6     1        6     1372    142      1     140.308      1.6920     197.250    0.86775    -2.27445    -25441.00
      7     1        7     1582    145      1     149.311     -4.3109     185.977    0.92345    -1.40041    -18064.05
      8     2        1      118     33      1      32.825      0.1754      14.592    0.14729    -3.43307     -3302.82
      9     2        2      484     69      1      74.234     -5.2345      88.999    0.33304    -6.07221    -23961.62
     10     2        3      664    111      1     101.871      9.1286     162.201    0.45695    -6.78340    -36723.07
     11     2        4     1004    156      1     154.454      1.5459     246.628    0.69278    -5.81513    -47600.60
     12     2        5     1231    172      1     181.301     -9.3009     258.925    0.81344    -4.14734    -41622.49
     13     2        6     1372    203      1     193.411      9.5893     279.165    0.86777    -3.13522    -35069.72
     14     2        7     1582    203      1     205.821     -2.8209     259.483    0.92345    -1.93061    -24900.79
     15     3        1      118     30      1      22.690      7.3104      17.278    0.14730    -2.37305     -2283.04
     16     3        2      484     51      1      51.314     -0.3137      64.837    0.33313    -4.19739    -16563.19
     17     3        3      664     75      1      70.417      4.5826     110.415    0.45711    -4.68906    -25384.40
     18     3        4     1004    108      1     106.765      1.2354     170.696    0.69312    -4.01981    -32903.37
     19     3        5     1231    115      1     125.322    -10.3222     175.107    0.81357    -2.86670    -28771.07
     20     3        6     1372    139      1     133.693      5.3070     191.663    0.86786    -2.16713    -24241.54
     21     3        7     1582    140      1     142.271     -2.2713     179.068    0.92360    -1.33436    -17212.39
     22     4        1      118     32      1      34.074     -2.0741      12.891    0.14728    -3.56374     -3428.55
     23     4        2      484     62      1      77.060    -15.0603      82.775    0.33311    -6.30339    -24873.76
     24     4        3      664    112      1     105.749      6.2507     165.186    0.45711    -7.04163    -38121.01
     25     4        4     1004    167      1     160.334      6.6663     261.161    0.69314    -6.03638    -49412.61
     26     4        5     1231    179      1     188.202     -9.2025     269.298    0.81370    -4.30473    -43206.94
     27     4        6     1372    209      1     200.773      8.2267     288.109    0.86795    -3.25431    -36404.72
     28     4        7     1582    214      1     213.656      0.3441     272.603    0.92331    -2.00398    -25848.69
     29     5        1      118     30      1      27.394      2.6064      14.637    0.14728    -2.86504     -2756.35
     30     5        2      484     49      1      61.952    -12.9520      65.684    0.33301    -5.06751    -19997.06

    Obs      D_U1        b1         b2           b3           u1       _switch    _ni    _iter

      1    0.14728    191.186    8.15306    -.002901165    -29.5112       0       4.1     4.1 
      2    0.33310    191.186    8.15306    -.002901165    -29.5112       0       4.1     4.1 
      3    0.45709    191.186    8.15306    -.002901165    -29.5112       0       4.1     4.1 
      4    0.69302    191.186    8.15306    -.002901165    -29.5112       0       4.1     4.1 
      5    0.81345    191.186    8.15306    -.002901165    -29.5112       0       4.1     4.1 
      6    0.86775    191.186    8.15306    -.002901165    -29.5112       0       4.1     4.1 
      7    0.92345    191.186    8.15306    -.002901165    -29.5112       0       4.1     4.1 
      8    0.14729    191.186    8.15306    -.002901165     31.6783       0       4.1     4.1 
      9    0.33304    191.186    8.15306    -.002901165     31.6783       0       4.1     4.1 
     10    0.45695    191.186    8.15306    -.002901165     31.6783       0       4.1     4.1 
     11    0.69278    191.186    8.15306    -.002901165     31.6783       0       4.1     4.1 
     12    0.81344    191.186    8.15306    -.002901165     31.6783       0       4.1     4.1 
     13    0.86777    191.186    8.15306    -.002901165     31.6783       0       4.1     4.1 
     14    0.92345    191.186    8.15306    -.002901165     31.6783       0       4.1     4.1 
     15    0.14730    191.186    8.15306    -.002901165    -37.1336       0       4.1     4.1 
     16    0.33313    191.186    8.15306    -.002901165    -37.1336       0       4.1     4.1 
     17    0.45711    191.186    8.15306    -.002901165    -37.1336       0       4.1     4.1 
     18    0.69312    191.186    8.15306    -.002901165    -37.1336       0       4.1     4.1 
     19    0.81357    191.186    8.15306    -.002901165    -37.1336       0       4.1     4.1 
     20    0.86786    191.186    8.15306    -.002901165    -37.1336       0       4.1     4.1 
     21    0.92360    191.186    8.15306    -.002901165    -37.1336       0       4.1     4.1 
     22    0.14728    191.186    8.15306    -.002901165     40.1620       0       4.1     4.1 
     23    0.33311    191.186    8.15306    -.002901165     40.1620       0       4.1     4.1 
     24    0.45711    191.186    8.15306    -.002901165     40.1620       0       4.1     4.1 
     25    0.69314    191.186    8.15306    -.002901165     40.1620       0       4.1     4.1 
     26    0.81370    191.186    8.15306    -.002901165     40.1620       0       4.1     4.1 
     27    0.86795    191.186    8.15306    -.002901165     40.1620       0       4.1     4.1 
     28    0.92331    191.186    8.15306    -.002901165     40.1620       0       4.1     4.1 
     29    0.14728    191.186    8.15306    -.002901165     -5.1956       0       4.1     4.1 
     30    0.33301    191.186    8.15306    -.002901165     -5.1956       0       4.1     4.1 
                                                     The SAS System                    15:44 Friday, October 25, 2002   7

                                                   The Mixed Procedure

                                                   Model Information

                                 Data Set                     WORK._NLINMIX            
                                 Dependent Variable           PSEUDO_Y                 
                                 Covariance Structure         Variance Components      
                                 Subject Effect               tree                     
                                 Estimation Method            REML                     
                                 Residual Variance Method     Profile                  
                                 Fixed Effects SE Method      Model-Based              
                                 Degrees of Freedom Method    Containment              


                                                 Class Level Information
 
                                    Class    Levels    Values

                                    tree          5    1 2 3 4 5                     


                                                       Dimensions

                                           Covariance Parameters             2
                                           Columns in X                      3
                                           Columns in Z Per Subject          1
                                           Subjects                          5
                                           Max Obs Per Subject               7
                                           Observations Used                35
                                           Observations Not Used             0
                                           Total Observations               35


                                                     Parameter Search
 
                          CovP1       CovP2    Variance            Res Log Like    -2 Res Log Like

                        1245.58     65.9372     65.9372               -135.1576           270.3151


                                                    Iteration History
 
                               Iteration    Evaluations    -2 Res Log Like       Criterion

                                       1              2       270.31513002      0.00000000


                                               Convergence criteria met.                    


                                             Covariance Parameter Estimates
 
                                            Cov Parm     Subject    Estimate

                                            D_U1         tree        1245.54
                                            Residual                 65.9374


                                                     Fit Statistics

                                       Res Log Likelihood                  -135.2
                                       Akaike's Information Criterion      -137.2
                                       Schwarz's Bayesian Criterion        -136.8
                                       -2 Res Log Likelihood                270.3


                                            PARMS Model Likelihood Ratio Test
 
                                              DF    Chi-Square      Pr > ChiSq

                                               1          0.00          1.0000


                                               Solution for Fixed Effects
 
                                    Standard
            Effect      Estimate       Error      DF    t Value    Pr > |t|     Alpha       Lower       Upper

            D_B1          191.18     17.1080      28      11.18      <.0001      0.05      156.14      226.23
            D_B2          8.1532      0.8938      28       9.12      <.0001      0.05      6.3224      9.9839
            D_B3        -0.00290    0.000227      28     -12.80      <.0001      0.05    -0.00337    -0.00244


                                               Solution for Random Effects
 
                                        Std Err
         Effect    tree    Estimate        Pred      DF    t Value    Pr > |t|     Alpha       Lower       Upper

         D_U1      1       -29.5098     16.3341      28      -1.81      0.0816      0.05    -62.9686      3.9490
         D_U1      2        31.6777     16.3383      28       1.94      0.0627      0.05     -1.7899     65.1453
         D_U1      3       -37.1332     16.3502      28      -2.27      0.0310      0.05    -70.6250     -3.6414
         D_U1      4        40.1618     16.3575      28       2.46      0.0205      0.05      6.6549     73.6686
         D_U1      5        -5.1964     16.3073      28      -0.32      0.7524      0.05    -38.6004     28.2076
