                                                     The SAS System

                                                   The MEANS Procedure

                                              Analysis Variable : _PSEUDOY 
 
                                                               USS
                                                      ------------
                                                         323748.78
                                                      ------------
                                                     The SAS System

                                                        _        P
                                                        P        S                                            _
                                                        S        E                                            s
                                               P        E        U                                            w       _
     t  t                                _     R        U        D        D         D         D         D     i       i
  O  r  i                                o     E        D        O        _         _         _         _     t   _   t
  b  e  m              b    b    b    u  n     D        O        _        B         B         B         U     c   n   e
  s  e  e    x    y    1    2    3    1  e     V        Y        Y        1         2         3         1     h   i   r

  1  1  1   118   30  150  10  -.001  0  1  15.1715   14.829   17.972  0.10114  -1.36370   -1609.17  0.10114  0  -9  -9
  2  1  2   484   58  150  10  -.001  0  1  20.9406   37.059   48.703  0.13960  -1.80172   -8720.32  0.13960  0  -9  -9
  3  1  3   664   87  150  10  -.001  0  1  24.3987   62.601   80.136  0.16266  -2.04300  -13565.54  0.16266  0  -9  -9
  4  1  4  1004  115  150  10  -.001  0  1  32.1605   82.840  115.101  0.21440  -2.52652  -25366.23  0.21440  0  -9  -9
  5  1  5  1231  120  150  10  -.001  0  1  38.2653   81.735  126.584  0.25510  -2.85037  -35088.09  0.25510  0  -9  -9
  6  1  6  1372  142  150  10  -.001  0  1  42.4209   99.579  153.318  0.28281  -3.04240  -41741.75  0.28281  0  -9  -9
  7  1  7  1582  145  150  10  -.001  0  1  49.0896   95.910  164.220  0.32726  -3.30243  -52244.52  0.32726  0  -9  -9
  8  2  1   118   33  150  10  -.001  0  1  15.1715   17.829   20.972  0.10114  -1.36370   -1609.17  0.10114  0  -9  -9
  9  2  2   484   69  150  10  -.001  0  1  20.9406   48.059   59.703  0.13960  -1.80172   -8720.32  0.13960  0  -9  -9
 10  2  3   664  111  150  10  -.001  0  1  24.3987   86.601  104.136  0.16266  -2.04300  -13565.54  0.16266  0  -9  -9
 11  2  4  1004  156  150  10  -.001  0  1  32.1605  123.840  156.101  0.21440  -2.52652  -25366.23  0.21440  0  -9  -9
 12  2  5  1231  172  150  10  -.001  0  1  38.2653  133.735  178.584  0.25510  -2.85037  -35088.09  0.25510  0  -9  -9
 13  2  6  1372  203  150  10  -.001  0  1  42.4209  160.579  214.318  0.28281  -3.04240  -41741.75  0.28281  0  -9  -9
 14  2  7  1582  203  150  10  -.001  0  1  49.0896  153.910  222.220  0.32726  -3.30243  -52244.52  0.32726  0  -9  -9
 15  3  1   118   30  150  10  -.001  0  1  15.1715   14.829   17.972  0.10114  -1.36370   -1609.17  0.10114  0  -9  -9
 16  3  2   484   51  150  10  -.001  0  1  20.9406   30.059   41.703  0.13960  -1.80172   -8720.32  0.13960  0  -9  -9
 17  3  3   664   75  150  10  -.001  0  1  24.3987   50.601   68.136  0.16266  -2.04300  -13565.54  0.16266  0  -9  -9
 18  3  4  1004  108  150  10  -.001  0  1  32.1605   75.840  108.101  0.21440  -2.52652  -25366.23  0.21440  0  -9  -9
 19  3  5  1231  115  150  10  -.001  0  1  38.2653   76.735  121.584  0.25510  -2.85037  -35088.09  0.25510  0  -9  -9
 20  3  6  1372  139  150  10  -.001  0  1  42.4209   96.579  150.318  0.28281  -3.04240  -41741.75  0.28281  0  -9  -9
 21  3  7  1582  140  150  10  -.001  0  1  49.0896   90.910  159.220  0.32726  -3.30243  -52244.52  0.32726  0  -9  -9
 22  4  1   118   32  150  10  -.001  0  1  15.1715   16.829   19.972  0.10114  -1.36370   -1609.17  0.10114  0  -9  -9
 23  4  2   484   62  150  10  -.001  0  1  20.9406   41.059   52.703  0.13960  -1.80172   -8720.32  0.13960  0  -9  -9
 24  4  3   664  112  150  10  -.001  0  1  24.3987   87.601  105.136  0.16266  -2.04300  -13565.54  0.16266  0  -9  -9
 25  4  4  1004  167  150  10  -.001  0  1  32.1605  134.840  167.101  0.21440  -2.52652  -25366.23  0.21440  0  -9  -9
 26  4  5  1231  179  150  10  -.001  0  1  38.2653  140.735  185.584  0.25510  -2.85037  -35088.09  0.25510  0  -9  -9
 27  4  6  1372  209  150  10  -.001  0  1  42.4209  166.579  220.318  0.28281  -3.04240  -41741.75  0.28281  0  -9  -9
 28  4  7  1582  214  150  10  -.001  0  1  49.0896  164.910  233.220  0.32726  -3.30243  -52244.52  0.32726  0  -9  -9
 29  5  1   118   30  150  10  -.001  0  1  15.1715   14.829   17.972  0.10114  -1.36370   -1609.17  0.10114  0  -9  -9
 30  5  2   484   49  150  10  -.001  0  1  20.9406   28.059   39.703  0.13960  -1.80172   -8720.32  0.13960  0  -9  -9
                                                     The SAS System                    15:43 Friday, October 25, 2002   3

                                                   The MEANS Procedure

                                              Analysis Variable : _PSEUDOY 
 
                                                               USS
                                                      ------------
                                                           1850.95
                                                      ------------
                                                     The SAS System                    15:43 Friday, October 25, 2002   4

    Obs    tree    time      x      y     _one     PREDV     _PSEUDOY    PSEUDO_Y      D_B1       D_B2         D_B3

      1     1        1      118     30      1      23.812      6.1878      16.646    0.14728    -2.49048     -2396.00
      2     1        2      484     58      1      53.853      4.1470      72.516    0.33309    -4.40506    -17382.78
      3     1        3      664     87      1      73.902     13.0979     124.168    0.45710    -4.92098    -26640.46
      4     1        4     1004    115      1     112.048      2.9521     180.788    0.69305    -4.21848    -34531.20
      5     1        5     1231    120      1     131.524    -11.5236     183.071    0.81351    -3.00845    -30194.16
      6     1        6     1372    142      1     140.308      1.6915     197.265    0.86784    -2.27430    -25440.39
      7     1        7     1582    145      1     149.311     -4.3112     185.987    0.92353    -1.40046    -18063.40
      8     2        1      118     33      1      32.824      0.1756      14.592    0.14728    -3.43304     -3302.80
      9     2        2      484     69      1      74.235     -5.2345      89.010    0.33309    -6.07223    -23961.59
     10     2        3      664    111      1     101.872      9.1284     162.235    0.45710    -6.78341    -36723.00
     11     2        4     1004    156      1     154.454      1.5457     246.686    0.69305    -5.81504    -47600.13
     12     2        5     1231    172      1     181.301     -9.3009     258.941    0.81351    -4.14705    -41621.66
     13     2        6     1372    203      1     193.411      9.5894     279.181    0.86784    -3.13505    -35068.75
     14     2        7     1582    203      1     205.821     -2.8205     259.500    0.92353    -1.93049    -24899.80
     15     3        1      118     30      1      22.689      7.3105      17.276    0.14728    -2.37305     -2283.02
     16     3        2      484     51      1      51.314     -0.3137      64.831    0.33309    -4.19736    -16563.17
     17     3        3      664     75      1      70.418      4.5825     110.415    0.45710    -4.68895    -25384.35
     18     3        4     1004    108      1     106.765      1.2353     170.686    0.69305    -4.01958    -32903.03
     19     3        5     1231    115      1     125.322    -10.3222     175.097    0.81351    -2.86660    -28770.49
     20     3        6     1372    139      1     133.693      5.3072     191.659    0.86784    -2.16707    -24240.86
     21     3        7     1582    140      1     142.271     -2.2710     179.055    0.92353    -1.33443    -17211.70
     22     4        1      118     32      1      34.074     -2.0739      12.891    0.14728    -3.56373     -3428.53
     23     4        2      484     62      1      77.060    -15.0605      82.771    0.33309    -6.30339    -24873.75
     24     4        3      664    112      1     105.750      6.2504     165.185    0.45710    -7.04164    -38120.95
     25     4        4     1004    167      1     160.334      6.6660     261.139    0.69305    -6.03640    -49412.15
     26     4        5     1231    179      1     188.203     -9.2026     269.251    0.81351    -4.30492    -43206.10
     27     4        6     1372    209      1     200.773      8.2267     288.081    0.86784    -3.25439    -36403.73
     28     4        7     1582    214      1     213.656      0.3444     272.650    0.92353    -2.00398    -25847.68
     29     5        1      118     30      1      27.393      2.6067      14.638    0.14728    -2.86501     -2756.33
     30     5        2      484     49      1      61.952    -12.9518      65.699    0.33309    -5.06753    -19996.93

    Obs      D_U1        b1         b2           b3           u1       _switch    _ni    _iter

      1    0.14728    191.185    8.15309    -.002901187    -29.5104       0       6.1     6.1 
      2    0.33309    191.185    8.15309    -.002901187    -29.5104       0       6.1     6.1 
      3    0.45710    191.185    8.15309    -.002901187    -29.5104       0       6.1     6.1 
      4    0.69305    191.185    8.15309    -.002901187    -29.5104       0       6.1     6.1 
      5    0.81351    191.185    8.15309    -.002901187    -29.5104       0       6.1     6.1 
      6    0.86784    191.185    8.15309    -.002901187    -29.5104       0       6.1     6.1 
      7    0.92353    191.185    8.15309    -.002901187    -29.5104       0       6.1     6.1 
      8    0.14728    191.185    8.15309    -.002901187     31.6782       0       6.1     6.1 
      9    0.33309    191.185    8.15309    -.002901187     31.6782       0       6.1     6.1 
     10    0.45710    191.185    8.15309    -.002901187     31.6782       0       6.1     6.1 
     11    0.69305    191.185    8.15309    -.002901187     31.6782       0       6.1     6.1 
     12    0.81351    191.185    8.15309    -.002901187     31.6782       0       6.1     6.1 
     13    0.86784    191.185    8.15309    -.002901187     31.6782       0       6.1     6.1 
     14    0.92353    191.185    8.15309    -.002901187     31.6782       0       6.1     6.1 
     15    0.14728    191.185    8.15309    -.002901187    -37.1334       0       6.1     6.1 
     16    0.33309    191.185    8.15309    -.002901187    -37.1334       0       6.1     6.1 
     17    0.45710    191.185    8.15309    -.002901187    -37.1334       0       6.1     6.1 
     18    0.69305    191.185    8.15309    -.002901187    -37.1334       0       6.1     6.1 
     19    0.81351    191.185    8.15309    -.002901187    -37.1334       0       6.1     6.1 
     20    0.86784    191.185    8.15309    -.002901187    -37.1334       0       6.1     6.1 
     21    0.92353    191.185    8.15309    -.002901187    -37.1334       0       6.1     6.1 
     22    0.14728    191.185    8.15309    -.002901187     40.1621       0       6.1     6.1 
     23    0.33309    191.185    8.15309    -.002901187     40.1621       0       6.1     6.1 
     24    0.45710    191.185    8.15309    -.002901187     40.1621       0       6.1     6.1 
     25    0.69305    191.185    8.15309    -.002901187     40.1621       0       6.1     6.1 
     26    0.81351    191.185    8.15309    -.002901187     40.1621       0       6.1     6.1 
     27    0.86784    191.185    8.15309    -.002901187     40.1621       0       6.1     6.1 
     28    0.92353    191.185    8.15309    -.002901187     40.1621       0       6.1     6.1 
     29    0.14728    191.185    8.15309    -.002901187     -5.1965       0       6.1     6.1 
     30    0.33309    191.185    8.15309    -.002901187     -5.1965       0       6.1     6.1 
                                                     The SAS System                    15:43 Friday, October 25, 2002   5

                                                   The Mixed Procedure

                                                   Model Information

                                 Data Set                     WORK._NLINMIX            
                                 Dependent Variable           PSEUDO_Y                 
                                 Covariance Structure         Variance Components      
                                 Subject Effect               tree                     
                                 Estimation Method            REML                     
                                 Residual Variance Method     Profile                  
                                 Fixed Effects SE Method      Model-Based              
                                 Degrees of Freedom Method    Containment              


                                                 Class Level Information
 
                                    Class    Levels    Values

                                    tree          5    1 2 3 4 5                     


                                                       Dimensions

                                           Covariance Parameters             2
                                           Columns in X                      3
                                           Columns in Z Per Subject          1
                                           Subjects                          5
                                           Max Obs Per Subject               7
                                           Observations Used                35
                                           Observations Not Used             0
                                           Total Observations               35


                                                     Parameter Search
 
                          CovP1       CovP2    Variance            Res Log Like    -2 Res Log Like

                        1245.57     65.9372     65.9372               -135.1580           270.3160


                                                    Iteration History
 
                               Iteration    Evaluations    -2 Res Log Like       Criterion

                                       1              1       270.31603524      0.00000000


                                               Convergence criteria met.                    


                                             Covariance Parameter Estimates
 
                                            Cov Parm     Subject    Estimate

                                            D_U1         tree        1245.57
                                            Residual                 65.9372


                                                     Fit Statistics

                                       Res Log Likelihood                  -135.2
                                       Akaike's Information Criterion      -137.2
                                       Schwarz's Bayesian Criterion        -136.8
                                       -2 Res Log Likelihood                270.3


                                            PARMS Model Likelihood Ratio Test
 
                                              DF    Chi-Square      Pr > ChiSq

                                               1          0.00          1.0000


                                               Solution for Fixed Effects
 
                                    Standard
            Effect      Estimate       Error      DF    t Value    Pr > |t|     Alpha       Lower       Upper

            D_B1          191.19     17.1077      28      11.18      <.0001      0.05      156.14      226.23
            D_B2          8.1531      0.8937      28       9.12      <.0001      0.05      6.3223      9.9838
            D_B3        -0.00290    0.000227      28     -12.80      <.0001      0.05    -0.00337    -0.00244


                                               Solution for Random Effects
 
                                        Std Err
         Effect    tree    Estimate        Pred      DF    t Value    Pr > |t|     Alpha       Lower       Upper

         D_U1      1       -29.5104     16.3341      28      -1.81      0.0816      0.05    -62.9693      3.9485
         D_U1      2        31.6782     16.3383      28       1.94      0.0627      0.05     -1.7893     65.1458
         D_U1      3       -37.1334     16.3503      28      -2.27      0.0310      0.05    -70.6254     -3.6414
         D_U1      4        40.1621     16.3577      28       2.46      0.0206      0.05      6.6548     73.6693
         D_U1      5        -5.1965     16.3072      28      -0.32      0.7523      0.05    -38.6003     28.2074
