                                                     The SAS System

                                                _B                            _U

                                               150        10    -0.003         0


                                        PREDV      _DBU

                                    18.706158 0.1247076 -1.637336 -1932.056 0.1247076
                                     44.89652 0.2993114 -3.145854 -15225.93 0.2993114
                                     63.44579 0.4229738 -3.661001 -24309.01 0.4229738
                                    100.54078 0.6703699 -3.315086 -33283.66 0.6703699
                                    120.09877 0.8006868    -2.394 -29470.98 0.8006868
                                    128.96611 0.8598124 -1.808357 -24811.86 0.8598124
                                    138.01178 0.9200924 -1.102956 -17449.77 0.9200924
                                                     The SAS System

                                                   The MEANS Procedure

                                              Analysis Variable : _PSEUDOY 
 
                                                               USS
                                                      ------------
                                                          48258.23
                                                      ------------
                                                     The SAS System

                                                         _        P
                                                         P        S                                            _
                                                         S        E                                            s
                                               P         E        U                                            w       _
     t  t                                _     R         U        D        D         D         D         D     i       i
  O  r  i                                o     E         D        O        _         _         _         _     t   _   t
  b  e  m              b    b    b    u  n     D         O        _        B         B         B         U     c   n   e
  s  e  e    x    y    1    2    3    1  e     V         Y        Y        1         2         3         1     h   i   r

  1  1  1   118   30  150  10  -.003  0  1   18.706   11.2938   19.423  0.12471  -1.63734   -1932.06  0.12471  0  -9  -9
  2  1  2   484   58  150  10  -.003  0  1   44.897   13.1035   72.219  0.29931  -3.14585  -15225.93  0.29931  0  -9  -9
  3  1  3   664   87  150  10  -.003  0  1   63.446   23.5542  123.317  0.42297  -3.66100  -24309.01  0.42297  0  -9  -9
  4  1  4  1004  115  150  10  -.003  0  1  100.541   14.4592  181.715  0.67037  -3.31509  -33283.66  0.67037  0  -9  -9
  5  1  5  1231  120  150  10  -.003  0  1  120.099   -0.0988  184.477  0.80069  -2.39400  -29470.98  0.80069  0  -9  -9
  6  1  6  1372  142  150  10  -.003  0  1  128.966   13.0339  198.358  0.85981  -1.80836  -24811.86  0.85981  0  -9  -9
  7  1  7  1582  145  150  10  -.003  0  1  138.012    6.9882  186.322  0.92009  -1.10296  -17449.77  0.92009  0  -9  -9
  8  2  1   118   33  150  10  -.003  0  1   18.706   14.2938   22.423  0.12471  -1.63734   -1932.06  0.12471  0  -9  -9
  9  2  2   484   69  150  10  -.003  0  1   44.897   24.1035   83.219  0.29931  -3.14585  -15225.93  0.29931  0  -9  -9
 10  2  3   664  111  150  10  -.003  0  1   63.446   47.5542  147.317  0.42297  -3.66100  -24309.01  0.42297  0  -9  -9
 11  2  4  1004  156  150  10  -.003  0  1  100.541   55.4592  222.715  0.67037  -3.31509  -33283.66  0.67037  0  -9  -9
 12  2  5  1231  172  150  10  -.003  0  1  120.099   51.9012  236.477  0.80069  -2.39400  -29470.98  0.80069  0  -9  -9
 13  2  6  1372  203  150  10  -.003  0  1  128.966   74.0339  259.358  0.85981  -1.80836  -24811.86  0.85981  0  -9  -9
 14  2  7  1582  203  150  10  -.003  0  1  138.012   64.9882  244.322  0.92009  -1.10296  -17449.77  0.92009  0  -9  -9
 15  3  1   118   30  150  10  -.003  0  1   18.706   11.2938   19.423  0.12471  -1.63734   -1932.06  0.12471  0  -9  -9
 16  3  2   484   51  150  10  -.003  0  1   44.897    6.1035   65.219  0.29931  -3.14585  -15225.93  0.29931  0  -9  -9
 17  3  3   664   75  150  10  -.003  0  1   63.446   11.5542  111.317  0.42297  -3.66100  -24309.01  0.42297  0  -9  -9
 18  3  4  1004  108  150  10  -.003  0  1  100.541    7.4592  174.715  0.67037  -3.31509  -33283.66  0.67037  0  -9  -9
 19  3  5  1231  115  150  10  -.003  0  1  120.099   -5.0988  179.477  0.80069  -2.39400  -29470.98  0.80069  0  -9  -9
 20  3  6  1372  139  150  10  -.003  0  1  128.966   10.0339  195.358  0.85981  -1.80836  -24811.86  0.85981  0  -9  -9
 21  3  7  1582  140  150  10  -.003  0  1  138.012    1.9882  181.322  0.92009  -1.10296  -17449.77  0.92009  0  -9  -9
 22  4  1   118   32  150  10  -.003  0  1   18.706   13.2938   21.423  0.12471  -1.63734   -1932.06  0.12471  0  -9  -9
 23  4  2   484   62  150  10  -.003  0  1   44.897   17.1035   76.219  0.29931  -3.14585  -15225.93  0.29931  0  -9  -9
 24  4  3   664  112  150  10  -.003  0  1   63.446   48.5542  148.317  0.42297  -3.66100  -24309.01  0.42297  0  -9  -9
 25  4  4  1004  167  150  10  -.003  0  1  100.541   66.4592  233.715  0.67037  -3.31509  -33283.66  0.67037  0  -9  -9
 26  4  5  1231  179  150  10  -.003  0  1  120.099   58.9012  243.477  0.80069  -2.39400  -29470.98  0.80069  0  -9  -9
 27  4  6  1372  209  150  10  -.003  0  1  128.966   80.0339  265.358  0.85981  -1.80836  -24811.86  0.85981  0  -9  -9
 28  4  7  1582  214  150  10  -.003  0  1  138.012   75.9882  255.322  0.92009  -1.10296  -17449.77  0.92009  0  -9  -9
 29  5  1   118   30  150  10  -.003  0  1   18.706   11.2938   19.423  0.12471  -1.63734   -1932.06  0.12471  0  -9  -9
 30  5  2   484   49  150  10  -.003  0  1   44.897    4.1035   63.219  0.29931  -3.14585  -15225.93  0.29931  0  -9  -9
                                                     The SAS System                    15:44 Friday, October 25, 2002   4

                                                _B                            _U

                                         191.18653 8.1530332 -0.002901 -29.51054


                                        PREDV      _DBU

                                    23.812475 0.1472851 -2.490515  -2396.02 0.1472851
                                    53.852941 0.3330578 -4.405149 -17382.84 0.3330578
                                      73.9019 0.4569625 -4.921192  -26640.6 0.4569625
                                    112.04766 0.6929347 -4.218766 -34531.86 0.6929347
                                    131.52362 0.8132368 -3.008693 -30195.21 0.8132368
                                    140.30872 0.8676476  -2.27451 -25441.57 0.8676476
                                    149.31173 0.9235304  -1.40049 -18064.54 0.9235304
                                                     The SAS System                    15:44 Friday, October 25, 2002   5

                                                   The MEANS Procedure

                                              Analysis Variable : _PSEUDOY 
 
                                                               USS
                                                      ------------
                                                           1850.95
                                                      ------------
                                                     The SAS System                    15:44 Friday, October 25, 2002   6

    Obs    tree    time      x      y     _one     PREDV     _PSEUDOY    PSEUDO_Y      D_B1       D_B2         D_B3

      1     1        1      118     30      1      23.812      6.1875      16.646    0.14729    -2.49051     -2396.02
      2     1        2      484     58      1      53.853      4.1471      72.509    0.33306    -4.40515    -17382.84
      3     1        3      664     87      1      73.902     13.0981     124.144    0.45696    -4.92119    -26640.60
      4     1        4     1004    115      1     112.048      2.9523     180.770    0.69293    -4.21877    -34531.86
      5     1        5     1231    120      1     131.524    -11.5236     183.028    0.81324    -3.00869    -30195.21
      6     1        6     1372    142      1     140.309      1.6913     197.235    0.86765    -2.27451    -25441.57
      7     1        7     1582    145      1     149.312     -4.3117     185.991    0.92353    -1.40049    -18064.54
      8     2        1      118     33      1      32.825      0.1754      14.592    0.14729    -3.43309     -3302.83
      9     2        2      484     69      1      74.234     -5.2344      89.008    0.33309    -6.07227    -23961.62
     10     2        3      664    111      1     101.871      9.1289     162.193    0.45692    -6.78345    -36723.11
     11     2        4     1004    156      1     154.454      1.5463     246.612    0.69271    -5.81514    -47600.93
     12     2        5     1231    172      1     181.301     -9.3006     258.869    0.81317    -4.14716    -41623.02
     13     2        6     1372    203      1     193.411      9.5894     279.139    0.86764    -3.13519    -35070.29
     14     2        7     1582    203      1     205.821     -2.8209     259.441    0.92325    -1.93056    -24901.33
     15     3        1      118     30      1      22.690      7.3103      17.278    0.14730    -2.37307     -2283.05
     16     3        2      484     51      1      51.314     -0.3137      64.839    0.33314    -4.19736    -16563.22
     17     3        3      664     75      1      70.417      4.5826     110.424    0.45716    -4.68898    -25384.47
     18     3        4     1004    108      1     106.765      1.2355     170.683    0.69302    -4.01974    -32903.65
     19     3        5     1231    115      1     125.322    -10.3222     175.095    0.81349    -2.86679    -28771.48
     20     3        6     1372    139      1     133.693      5.3069     191.660    0.86784    -2.16719    -24241.98
     21     3        7     1582    140      1     142.272     -2.2716     179.044    0.92344    -1.33442    -17212.79
     22     4        1      118     32      1      34.074     -2.0743      12.889    0.14728    -3.56378     -3428.57
     23     4        2      484     62      1      77.060    -15.0605      82.755    0.33303    -6.30347    -24873.84
     24     4        3      664    112      1     105.749      6.2506     165.171    0.45705    -7.04185    -38121.17
     25     4        4     1004    167      1     160.334      6.6662     261.114    0.69294    -6.03673    -49413.11
     26     4        5     1231    179      1     188.203     -9.2028     269.193    0.81326    -4.30550    -43207.62
     27     4        6     1372    209      1     200.774      8.2263     288.061    0.86775    -3.25475    -36405.43
     28     4        7     1582    214      1     213.657      0.3435     272.642    0.92348    -2.00435    -25849.33
     29     5        1      118     30      1      27.394      2.6064      14.636    0.14728    -2.86505     -2756.35
     30     5        2      484     49      1      61.952    -12.9518      65.673    0.33296    -5.06754    -19997.01

    Obs      D_U1        b1         b2           b3           u1       _switch    _ni    _iter

      1    0.14729    191.187    8.15303    -.002901148    -29.5105       0       4.1     4.1 
      2    0.33306    191.187    8.15303    -.002901148    -29.5105       0       4.1     4.1 
      3    0.45696    191.187    8.15303    -.002901148    -29.5105       0       4.1     4.1 
      4    0.69293    191.187    8.15303    -.002901148    -29.5105       0       4.1     4.1 
      5    0.81324    191.187    8.15303    -.002901148    -29.5105       0       4.1     4.1 
      6    0.86765    191.187    8.15303    -.002901148    -29.5105       0       4.1     4.1 
      7    0.92353    191.187    8.15303    -.002901148    -29.5105       0       4.1     4.1 
      8    0.14729    191.187    8.15303    -.002901148     31.6781       0       4.1     4.1 
      9    0.33309    191.187    8.15303    -.002901148     31.6781       0       4.1     4.1 
     10    0.45692    191.187    8.15303    -.002901148     31.6781       0       4.1     4.1 
     11    0.69271    191.187    8.15303    -.002901148     31.6781       0       4.1     4.1 
     12    0.81317    191.187    8.15303    -.002901148     31.6781       0       4.1     4.1 
     13    0.86764    191.187    8.15303    -.002901148     31.6781       0       4.1     4.1 
     14    0.92325    191.187    8.15303    -.002901148     31.6781       0       4.1     4.1 
     15    0.14730    191.187    8.15303    -.002901148    -37.1337       0       4.1     4.1 
     16    0.33314    191.187    8.15303    -.002901148    -37.1337       0       4.1     4.1 
     17    0.45716    191.187    8.15303    -.002901148    -37.1337       0       4.1     4.1 
     18    0.69302    191.187    8.15303    -.002901148    -37.1337       0       4.1     4.1 
     19    0.81349    191.187    8.15303    -.002901148    -37.1337       0       4.1     4.1 
     20    0.86784    191.187    8.15303    -.002901148    -37.1337       0       4.1     4.1 
     21    0.92344    191.187    8.15303    -.002901148    -37.1337       0       4.1     4.1 
     22    0.14728    191.187    8.15303    -.002901148     40.1626       0       4.1     4.1 
     23    0.33303    191.187    8.15303    -.002901148     40.1626       0       4.1     4.1 
     24    0.45705    191.187    8.15303    -.002901148     40.1626       0       4.1     4.1 
     25    0.69294    191.187    8.15303    -.002901148     40.1626       0       4.1     4.1 
     26    0.81326    191.187    8.15303    -.002901148     40.1626       0       4.1     4.1 
     27    0.86775    191.187    8.15303    -.002901148     40.1626       0       4.1     4.1 
     28    0.92348    191.187    8.15303    -.002901148     40.1626       0       4.1     4.1 
     29    0.14728    191.187    8.15303    -.002901148     -5.1964       0       4.1     4.1 
     30    0.33296    191.187    8.15303    -.002901148     -5.1964       0       4.1     4.1 
                                                     The SAS System                    15:44 Friday, October 25, 2002   7

                                                   The Mixed Procedure

                                                   Model Information

                                 Data Set                     WORK._NLINMIX            
                                 Dependent Variable           PSEUDO_Y                 
                                 Covariance Structure         Variance Components      
                                 Subject Effect               tree                     
                                 Estimation Method            REML                     
                                 Residual Variance Method     Profile                  
                                 Fixed Effects SE Method      Model-Based              
                                 Degrees of Freedom Method    Containment              


                                                 Class Level Information
 
                                    Class    Levels    Values

                                    tree          5    1 2 3 4 5                     


                                                       Dimensions

                                           Covariance Parameters             2
                                           Columns in X                      3
                                           Columns in Z Per Subject          1
                                           Subjects                          5
                                           Max Obs Per Subject               7
                                           Observations Used                35
                                           Observations Not Used             0
                                           Total Observations               35


                                                     Parameter Search
 
                          CovP1       CovP2    Variance            Res Log Like    -2 Res Log Like

                        1245.59     65.9371     65.9371               -135.1575           270.3150


                                                    Iteration History
 
                               Iteration    Evaluations    -2 Res Log Like       Criterion

                                       1              2       270.31501703      0.00000000


                                               Convergence criteria met.                    


                                             Covariance Parameter Estimates
 
                                            Cov Parm     Subject    Estimate

                                            D_U1         tree        1245.61
                                            Residual                 65.9369


                                                     Fit Statistics

                                       Res Log Likelihood                  -135.2
                                       Akaike's Information Criterion      -137.2
                                       Schwarz's Bayesian Criterion        -136.8
                                       -2 Res Log Likelihood                270.3


                                            PARMS Model Likelihood Ratio Test
 
                                              DF    Chi-Square      Pr > ChiSq

                                               1          0.00          1.0000


                                               Solution for Fixed Effects
 
                                    Standard
            Effect      Estimate       Error      DF    t Value    Pr > |t|     Alpha       Lower       Upper

            D_B1          191.19     17.1080      28      11.18      <.0001      0.05      156.14      226.23
            D_B2          8.1529      0.8937      28       9.12      <.0001      0.05      6.3222      9.9836
            D_B3        -0.00290    0.000227      28     -12.81      <.0001      0.05    -0.00337    -0.00244


                                               Solution for Random Effects
 
                                        Std Err
         Effect    tree    Estimate        Pred      DF    t Value    Pr > |t|     Alpha       Lower       Upper

         D_U1      1       -29.5110     16.3345      28      -1.81      0.0816      0.05    -62.9708      3.9488
         D_U1      2        31.6784     16.3390      28       1.94      0.0627      0.05     -1.7905     65.1472
         D_U1      3       -37.1341     16.3506      28      -2.27      0.0310      0.05    -70.6269     -3.6414
         D_U1      4        40.1629     16.3581      28       2.46      0.0206      0.05      6.6548     73.6709
         D_U1      5        -5.1960     16.3076      28      -0.32      0.7524      0.05    -38.6006     28.2085
