1                                                          The SAS System                             15:43 Friday, October 25, 2002

NOTE: Copyright (c) 1999 by SAS Institute Inc., Cary, NC, USA. 
NOTE: SAS (r) Proprietary Software Version 8 (TS M0)
      Licensed to UNIVERSITY OF MICHIGAN, Site 0009403007.
NOTE: This session is executing on the SunOS 5.6 platform.




This message is contained in the SAS news file, and is presented upon
initialization.  Edit the files "news" in the "misc/base" directory to
display site-specific news and information in the program log.
The command line option "-nonews" will prevent this display.



NOTE: SAS initialization used:
      real time           0.06 seconds
      cpu time            0.06 seconds
      

NOTE: AUTOEXEC processing beginning; file is /u11/sas800/autoexec.sas.


NOTE: AUTOEXEC processing completed.

1          /* No random effects */
2          
3          /*---Examples for NLINMIX macro---*/
4          
5          /*---Data on orange trees, Draper and Smith, 1981, p. 524, and
6               Lindstrom and Bates, Biometrics, 1990, 673-687---*/
7          
8          %let path=../..;
9          filename tree_dt "&path/datasets/tree_dt.sas";
10         filename nlinmix "&path/nlmm800.sas";
11         filename nlmem   "&path/nlmem.sas";
12         %include tree_dt;

NOTE: The data set WORK.TREE has 35 observations and 4 variables.
NOTE: DATA statement used:
      real time           0.01 seconds
      cpu time            0.02 seconds
      

56         %inc  nlinmix / nosource;
1294       
1295       %macro useriml;
1296       %let next=7;
1297       %let savevar= e den;
1298       
1299       start predv(_b) global(x,e,den);
1300             *print bu;
1301             num = _b[1];
1302             e = exp(_b[3]*x);
1303             den = 1 + _b[2]*e;
1304             predv = num/den;
1305       return(predv);
1306       finish;
1307       %mend useriml;
1308       
1309       /*---logistic model---*/
1310       %nlinmix(data=tree,
1311          globvar = dbu,
1312          model=%str(
1313             par = _ni // {1,.};
1314             call nlpfdd(predv, dbu,h, "predv", _b) par=par;
1315             /* print predv*/ /* dbu segmentation violation */;
1316          ),
1317       
1318         derivs=%str(
1319             _db=dbu[,1:3];
1320             /* print _db; */
1321             ),
1322          parms=%str(b1=150 b2=10 b3=-.001),
1323          stmts=%str(
1324             class tree;
1325             model pseudo_y = d_b1 d_b2 d_b3 / noint notest solution cl;
1326          ),
1327          expand     =  eblup,
1328          options    =  debug   /* skipnlin  notes*/,
1329          imlfun     =  useriml,
1330          nlmem      =  nlmem / nosource
1331       );
model =        par = _ni // {1,.};       call nlpfdd(predv, dbu,h, "predv", _b) par=par;        ;    
derivatives =        _db=dbu[,1:3];              
fixed = b1 b2 b3
d_fixed = d_b1 d_b2 d_b3
random =
d_random =
options =DEBUG
expand  =eblup
expandu =EBLUP
expandn =
subject  =
next     = 7
imlnlin  = default_nlin default_objf default_initobjf
imlnlinw = default_nlin default_objf default_initobjf
dtmplt   =
                                                     The SAS System

dbtmplt  =
dutmplt  =
next    = 7
read    = _readn
subject =
xvar    = _one
tvar    = time tree x y

                          The NLINMIX Macro

           Data Set                     : tree
           Response                     : y
           Fixed-Effect Parameters      : b1 b2 b3


Iteratively calling PROC MIXED.
   PROC MIXED call 0
   
iteration = 0
convergence criterion = .
b1=192.6877621 b2=7.8565498976 b3=-0.002828579
   PROC MIXED call 1
   
iteration = 1
convergence criterion = 9.0608291E-8
b1=192.68759628 b2=7.8565634638 b3=-0.002828585
   PROC MIXED call 2
   
iteration = 2
convergence criterion = 4.7207613E-9
b1=192.68758785 b2=7.8565641757 b3=-0.002828585
NLINMIX convergence criteria met.
NOTE: IML Ready
NOTE: Module _MODEL defined.
NOTE: Module _DERIVS defined.
NOTE: Module _SAVEVAR defined.
NOTE: Module _PSEUDODER defined.
NOTE: Module _SUBJECT defined.
NOTE: New storage library = WORK._NLMEM
NOTE: The data set WORK._NLINMX2 has 35 observations and 8 variables.
NOTE: Exiting IML.
NOTE: Storage library WORK._NLMEM closed.
NOTE: PROCEDURE IML used:
      real time           0.15 seconds
      cpu time            0.16 seconds
      


NOTE: There were 35 observations read from the dataset WORK._NLINMIX.
NOTE: There were 35 observations read from the dataset WORK._NLINMX2.
NOTE: The data set WORK._NLINMIX has 35 observations and 16 variables.
NOTE: DATA statement used:
      real time           0.01 seconds
      cpu time            0.02 seconds
      


NOTE: There were 35 observations read from the dataset WORK._NLINMIX.
NOTE: The PROCEDURE MEANS printed page 3.
NOTE: PROCEDURE MEANS used:
      real time           0.01 seconds
      cpu time            0.01 seconds
      


NOTE: There were 35 observations read from the dataset WORK._NLINMIX.
NOTE: The data set WORK.DEBUG has 35 observations and 19 variables.
NOTE: DATA statement used:
      real time           0.01 seconds
      cpu time            0.01 seconds
      


NOTE: There were 30 observations read from the dataset WORK.DEBUG.
NOTE: The PROCEDURE PRINT printed page 4.
NOTE: PROCEDURE PRINT used:
      real time           0.00 seconds
      cpu time            0.01 seconds
      


NOTE: Appending WORK.DEBUG to WORK.ALLDEBUG.
NOTE: There were 35 observations read from the dataset WORK.DEBUG.
NOTE: 35 observations added.
NOTE: The data set WORK.ALLDEBUG has 210 observations and 19 variables.
NOTE: PROCEDURE APPEND used:
      real time           0.00 seconds
      cpu time            0.01 seconds
      

   PROC MIXED call 3

NOTE: The data set WORK._SOLN has 3 observations and 9 variables.
NOTE: The data set WORK._FIT has 4 observations and 2 variables.
NOTE: There were 35 observations read from the dataset WORK._NLINMIX.
NOTE: The PROCEDURE MIXED printed page 5.
NOTE: PROCEDURE MIXED used:
      real time           0.03 seconds
3                                                    The SAS System                        15:43 Friday, October 25, 2002

      cpu time            0.03 seconds
      


NOTE: Numeric values have been converted to character values at the places given by: (Line):(Column).
      1949:51   
NOTE: There were 4 observations read from the dataset WORK._FIT.
NOTE: DATA statement used:
      real time           0.00 seconds
      cpu time            0.01 seconds
      

1950       

NOTE: SAS Institute Inc., SAS Campus Drive, Cary, NC USA 27513-2414
NOTE: The SAS System used:
      real time           3.40 seconds
      cpu time            2.69 seconds
      
