                                      Pheno data. Example 1. Numerical  derivatives.

 
Obs indiv  time dose weight conc newsub apgarlow  tlag beta1 beta2 beta3 u1 u2 _one  d_beta1  d_beta2 d_beta3     d_u1

  1   1     0.0 25.0   1.4    .     1       0      0.0  0.01   1    0.1   0  0   1      0.00 -17.8571    0      0.0000
  2   1     2.0  0.0   1.4  17.3    0       0      0.0  0.01   1    0.1   0  0   1    -35.01 -17.1535    0     -0.3501
  3   1    12.5  3.5   1.4    .     0       0      2.0  0.01   1    0.1   0  0   1   -196.99 -16.2890    0     -1.9699
  4   1    24.5  3.5   1.4    .     0       0     12.5  0.01   1    0.1   0  0   1   -369.04 -15.0038    0     -3.6904
  5   1    37.0  3.5   1.4    .     0       0     24.5  0.01   1    0.1   0  0   1   -531.90 -13.6786    0     -5.3190
  6   1    48.0  3.5   1.4    .     0       0     37.0  0.01   1    0.1   0  0   1   -663.70 -12.8817    0     -6.6370
  7   1    60.5  3.5   1.4    .     0       0     48.0  0.01   1    0.1   0  0   1   -801.02 -11.7149    0     -8.0102
  8   1    72.5  3.5   1.4    .     0       0     60.5  0.01   1    0.1   0  0   1   -920.38 -10.7908    0     -9.2038
  9   1    85.3  3.5   1.4    .     0       0     72.5  0.01   1    0.1   0  0   1  -1034.98  -9.7425    0    -10.3498
 10   1    96.5  3.5   1.4    .     0       0     85.3  0.01   1    0.1   0  0   1  -1126.51  -9.1983    0    -11.2651
 11   1   108.5  3.5   1.4    .     0       0     96.5  0.01   1    0.1   0  0   1  -1216.92  -8.4803    0    -12.1692
 12   1   112.5  0.0   1.4  31.0    0       0    108.5  0.01   1    0.1   0  0   1  -1248.56  -7.3542    0    -12.4856
 13   2     0.0 15.0   1.5    .     1       0      0.0  0.01   1    0.1   0  0   1      0.00 -10.0000    0      0.0000
 14   2     2.0  0.0   1.5   9.7    0       0      0.0  0.01   1    0.1   0  0   1    -19.60  -9.6059    0     -0.1960
 15   2     4.0  3.8   1.5    .     0       0      2.0  0.01   1    0.1   0  0   1    -38.43 -11.7569    0     -0.3843
 16   2    16.0  3.8   1.5    .     0       0      4.0  0.01   1    0.1   0  0   1   -163.31 -11.6686    0     -1.6331
 17   2    27.8  3.8   1.5    .     0       0     16.0  0.01   1    0.1   0  0   1   -284.62 -11.5083    0     -2.8462
 18   2    40.0  3.8   1.5    .     0       0     27.8  0.01   1    0.1   0  0   1   -406.94 -11.1697    0     -4.0694
 19   2    52.0  3.8   1.5    .     0       0     40.0  0.01   1    0.1   0  0   1   -523.11 -10.8181    0     -5.2311
 20   2    63.5  0.0   1.5  24.6    0       0     52.0  0.01   1    0.1   0  0   1   -630.80  -7.9977    0     -6.3080
 21   2    64.0  3.8   1.5    .     0       0     63.5  0.01   1    0.1   0  0   1   -634.77 -10.4200    0     -6.3477
 22   2    76.0  3.8   1.5    .     0       0     64.0  0.01   1    0.1   0  0   1   -741.45  -9.9904    0     -7.4145
 23   2    88.0  3.8   1.5    .     0       0     76.0  0.01   1    0.1   0  0   1   -842.85  -9.5416    0     -8.4285
 24   2   100.0  3.8   1.5    .     0       0     88.0  0.01   1    0.1   0  0   1   -938.80  -9.0834    0     -9.3880
 25   2   112.0  3.8   1.5    .     0       0    100.0  0.01   1    0.1   0  0   1  -1029.23  -8.6237    0    -10.2923
 26   2   124.0  3.8   1.5    .     0       0    112.0  0.01   1    0.1   0  0   1  -1114.17  -8.1686    0    -11.1417
 27   2   135.5  0.0   1.5  33.0    0       0    124.0  0.01   1    0.1   0  0   1  -1191.08  -5.3018    0    -11.9108
 28   3     0.0 30.0   1.5    .     1       0      0.0  0.01   1    0.1   0  0   1      0.00 -20.0000    0      0.0000
 29   3     1.5  0.0   1.5  18.0    0       0      0.0  0.01   1    0.1   0  0   1    -29.55 -19.4067    0     -0.2955

 
Obs   d_u2    _tmp1   _tmp2   _tmp3   _tmp4   _tmp5   _tmp6   _tmp7   _tmp8   _tmp9   _tmp10  _tmp11  _tmp12 call   prd0

  1 -17.8571 17.8571 17.8571 17.8571 17.8575 17.8568 17.8571 17.8571 17.8571 17.8571 17.8573 17.8570 17.8571  12   0.0000
  2 -17.1535 17.5035 17.5039 17.5032 17.5039 17.5032 17.5035 17.5035 17.5036 17.5035 17.5037 17.5034 17.5035  12  17.8571
  3 -16.2890 18.2589 18.2609 18.2569 18.2592 18.2585 18.2589 18.2589 18.2589 18.2589 18.2590 18.2587 18.2589  12  17.5035
  4 -15.0038 18.6942 18.6979 18.6904 18.6945 18.6939 18.6942 18.6942 18.6942 18.6941 18.6943 18.6940 18.6942  12  18.2589
  5 -13.6786 18.9975 19.0029 18.9922 18.9978 18.9973 18.9975 18.9975 18.9976 18.9975 18.9977 18.9974 18.9975  12  18.6942
  6 -12.8817 19.5186 19.5254 19.5119 19.5189 19.5184 19.5186 19.5186 19.5187 19.5186 19.5188 19.5185 19.5186  12  18.9975
  7 -11.7149 19.7251 19.7332 19.7171 19.7254 19.7249 19.7251 19.7251 19.7252 19.7251 19.7253 19.7250 19.7251  12  19.5186
  8 -10.7908 19.9946 20.0039 19.9853 19.9949 19.9944 19.9946 19.9946 19.9947 19.9945 19.9947 19.9945 19.9946  12  19.7251
  9  -9.7425 20.0923 20.1028 20.0819 20.0925 20.0922 20.0923 20.0923 20.0925 20.0922 20.0924 20.0923 20.0923  12  19.9946
 10  -9.1983 20.4634 20.4748 20.4521 20.4636 20.4633 20.4634 20.4634 20.4636 20.4633 20.4635 20.4634 20.4634  12  20.0923
 11  -8.4803 20.6495 20.6617 20.6372 20.6496 20.6493 20.6495 20.6495 20.6496 20.6493 20.6495 20.6494 20.6495  12  20.4634
 12  -7.3542 19.8398 19.8524 19.8272 19.8399 19.8396 19.8398 19.8398 19.8399 19.8396 19.8398 19.8397 19.8398  12  20.6495
 13 -10.0000 10.0000 10.0000 10.0000 10.0002  9.9998 10.0000 10.0000 10.0000 10.0000 10.0001  9.9999 10.0000  12   0.0000
 14  -9.6059  9.8020  9.8022  9.8018  9.8022  9.8018  9.8020  9.8020  9.8020  9.8020  9.8021  9.8019  9.8020  12  10.0000
 15 -11.7569 12.1412 12.1416 12.1408 12.1415 12.1410 12.1412 12.1412 12.1412 12.1412 12.1413 12.1411 12.1412  12   9.8020
 16 -11.6686 13.3016 13.3033 13.3000 13.3019 13.3014 13.3016 13.3016 13.3017 13.3016 13.3018 13.3015 13.3016  12  12.1412
 17 -11.5083 14.3544 14.3573 14.3516 14.3547 14.3542 14.3544 14.3544 14.3545 14.3544 14.3546 14.3543 14.3544  12  13.3016
 18 -11.1697 15.2391 15.2433 15.2350 15.2394 15.2389 15.2391 15.2391 15.2392 15.2391 15.2393 15.2390 15.2391  12  14.3544
 19 -10.8181 16.0492 16.0545 16.0440 16.0495 16.0490 16.0492 16.0492 16.0493 16.0492 16.0494 16.0491 16.0492  12  15.2391
 20  -7.9977 14.3058 14.3121 14.2994 14.3059 14.3056 14.3058 14.3058 14.3058 14.3057 14.3058 14.3057 14.3058  12  16.0492
 21 -10.4200 16.7677 16.7741 16.7613 16.7679 16.7675 16.7677 16.7677 16.7678 16.7677 16.7678 16.7676 16.7677  12  14.3058
 22  -9.9904 17.4050 17.4125 17.3975 17.4052 17.4048 17.4050 17.4050 17.4051 17.4049 17.4051 17.4049 17.4050  12  16.7677
 23  -9.5416 17.9702 17.9787 17.9617 17.9704 17.9700 17.9702 17.9702 17.9703 17.9701 17.9703 17.9701 17.9702  12  17.4050
 24  -9.0834 18.4714 18.4809 18.4620 18.4716 18.4713 18.4714 18.4714 18.4715 18.4713 18.4715 18.4714 18.4714  12  17.9702
 25  -8.6237 18.9160 18.9264 18.9056 18.9162 18.9159 18.9160 18.9160 18.9161 18.9159 18.9161 18.9159 18.9160  12  18.4714
 26  -8.1686 19.3103 19.3216 19.2991 19.3105 19.3102 19.3103 19.3103 19.3105 19.3102 19.3104 19.3103 19.3103  12  18.9160
 27  -5.3018 17.2126 17.2246 17.2006 17.2127 17.2125 17.2126 17.2126 17.2127 17.2125 17.2126 17.2125 17.2126  12  19.3103
 28 -20.0000 20.0000 20.0000 20.0000 20.0004 19.9996 20.0000 20.0000 20.0000 20.0000 20.0002 19.9998 20.0000  12   0.0000
 29 -19.4067 19.7022 19.7025 19.7019 19.7026 19.7019 19.7022 19.7022 19.7022 19.7022 19.7024 19.7020 19.7022  12  20.0000

                                   pseudo_
Obs clear  vol   eterm    predv     conc    _pseudoy  _weight_  _b0   _tol    _predl   _predu  _u0  _switch  _ni  _iter

  1 0.014  1.4  1.00000  17.8571     .         .      0.003136  0.1  .00001  17.8573  17.8570   0      0      -9    -9 
  2 0.014  1.4  0.98020  17.5035  -17.7071   -0.2035  0.003264  0.1  .00001  17.5037  17.5034   0      0      -9    -9 
  3 0.014  1.4  0.90032  18.2589     .         .      0.003000  0.1  .00001  18.2590  18.2587   0      0      -9    -9 
  4 0.014  1.4  0.88692  18.6942     .         .      0.002861  0.1  .00001  18.6943  18.6940   0      0      -9    -9 
  5 0.014  1.4  0.88250  18.9975     .         .      0.002771  0.1  .00001  18.9977  18.9974   0      0      -9    -9 
  6 0.014  1.4  0.89583  19.5186     .         .      0.002625  0.1  .00001  19.5188  19.5185   0      0      -9    -9 
  7 0.014  1.4  0.88250  19.7251     .         .      0.002570  0.1  .00001  19.7253  19.7250   0      0      -9    -9 
  8 0.014  1.4  0.88692  19.9946     .         .      0.002501  0.1  .00001  19.9947  19.9945   0      0      -9    -9 
  9 0.014  1.4  0.87985  20.0923     .         .      0.002477  0.1  .00001  20.0924  20.0923   0      0      -9    -9 
 10 0.014  1.4  0.89404  20.4634     .         .      0.002388  0.1  .00001  20.4635  20.4634   0      0      -9    -9 
 11 0.014  1.4  0.88692  20.6495     .         .      0.002345  0.1  .00001  20.6495  20.6494   0      0      -9    -9 
 12 0.014  1.4  0.96079  19.8398   -8.6796   11.1602  0.002541  0.1  .00001  19.8398  19.8397   0      0      -9    -9 
 13 0.015  1.5  1.00000  10.0000     .         .      0.010000  0.1  .00001  10.0001   9.9999   0      0      -9    -9 
 14 0.015  1.5  0.98020   9.8020   -9.9040   -0.1020  0.010408  0.1  .00001   9.8021   9.8019   0      0      -9    -9 
 15 0.015  1.5  0.98020  12.1412     .         .      0.006784  0.1  .00001  12.1413  12.1411   0      0      -9    -9 
 16 0.015  1.5  0.88692  13.3016     .         .      0.005652  0.1  .00001  13.3018  13.3015   0      0      -9    -9 
 17 0.015  1.5  0.88870  14.3544     .         .      0.004853  0.1  .00001  14.3546  14.3543   0      0      -9    -9 
 18 0.015  1.5  0.88515  15.2391     .         .      0.004306  0.1  .00001  15.2393  15.2390   0      0      -9    -9 
 19 0.015  1.5  0.88692  16.0492     .         .      0.003882  0.1  .00001  16.0494  16.0491   0      0      -9    -9 
 20 0.015  1.5  0.89137  14.3058   -4.0115   10.2942  0.004886  0.1  .00001  14.3058  14.3057   0      0      -9    -9 
 21 0.015  1.5  0.99501  16.7677     .         .      0.003557  0.1  .00001  16.7678  16.7676   0      0      -9    -9 
 22 0.015  1.5  0.88692  17.4050     .         .      0.003301  0.1  .00001  17.4051  17.4049   0      0      -9    -9 
 23 0.015  1.5  0.88692  17.9702     .         .      0.003097  0.1  .00001  17.9703  17.9701   0      0      -9    -9 
 24 0.015  1.5  0.88692  18.4714     .         .      0.002931  0.1  .00001  18.4715  18.4714   0      0      -9    -9 
 25 0.015  1.5  0.88692  18.9160     .         .      0.002795  0.1  .00001  18.9161  18.9159   0      0      -9    -9 
 26 0.015  1.5  0.88692  19.3103     .         .      0.002682  0.1  .00001  19.3104  19.3103   0      0      -9    -9 
 27 0.015  1.5  0.89137  17.2126   -1.4252   15.7874  0.003375  0.1  .00001  17.2126  17.2125   0      0      -9    -9 
 28 0.015  1.5  1.00000  20.0000     .         .      0.002500  0.1  .00001  20.0002  19.9998   0      0      -9    -9 
 29 0.015  1.5  0.98511  19.7022  -21.4045   -1.7022  0.002576  0.1  .00001  19.7024  19.7020   0      0      -9    -9 
                                      Pheno data. Example 1. Numerical  derivatives.

 
Obs indiv  time dose weight conc newsub apgarlow  tlag beta1 beta2 beta3 u1 u2 _one  d_beta1  d_beta2 d_beta3     d_u1

 30   3    11.5  3.7   1.5    .     0       0      1.5  0.01   1    0.1   0  0   1   -205.01 -18.2438    0     -2.0501

 
Obs   d_u2    _tmp1   _tmp2   _tmp3   _tmp4   _tmp5   _tmp6   _tmp7   _tmp8   _tmp9   _tmp10  _tmp11  _tmp12 call   prd0

 30 -18.2438 20.2940 20.2961 20.2919 20.2944 20.2936 20.2940 20.2940 20.2940 20.2940 20.2942 20.2938 20.2940  12  19.7022

                                   pseudo_
Obs clear  vol   eterm    predv     conc    _pseudoy  _weight_  _b0   _tol    _predl   _predu  _u0  _switch  _ni  _iter

 30 0.015  1.5  0.90484  20.2940     .         .      0.002428  0.1  .00001  20.2942  20.2938   0      0      -9    -9 
                                      Pheno data. Example 1. Numerical  derivatives.   12:21 Friday, October 25, 2002   3

 
 Obs  indiv    time   dose   weight   conc   newsub   apgarlow    tlag   u1   u2   _one        beta1    beta2     beta3

   1    1       0.0   25.0     1.4      .       1         0        0.0    0    0     1    .004653876   0.96725   0.14719
   2    1       2.0    0.0     1.4    17.3      0         0        0.0    0    0     1    .004653876   0.96725   0.14719
   3    1      12.5    3.5     1.4      .       0         0        2.0    0    0     1    .004653876   0.96725   0.14719
   4    1      24.5    3.5     1.4      .       0         0       12.5    0    0     1    .004653876   0.96725   0.14719
   5    1      37.0    3.5     1.4      .       0         0       24.5    0    0     1    .004653876   0.96725   0.14719
   6    1      48.0    3.5     1.4      .       0         0       37.0    0    0     1    .004653876   0.96725   0.14719
   7    1      60.5    3.5     1.4      .       0         0       48.0    0    0     1    .004653876   0.96725   0.14719
   8    1      72.5    3.5     1.4      .       0         0       60.5    0    0     1    .004653876   0.96725   0.14719
   9    1      85.3    3.5     1.4      .       0         0       72.5    0    0     1    .004653876   0.96725   0.14719
  10    1      96.5    3.5     1.4      .       0         0       85.3    0    0     1    .004653876   0.96725   0.14719
  11    1     108.5    3.5     1.4      .       0         0       96.5    0    0     1    .004653876   0.96725   0.14719
  12    1     112.5    0.0     1.4    31.0      0         0      108.5    0    0     1    .004653876   0.96725   0.14719
  13    2       0.0   15.0     1.5      .       1         0        0.0    0    0     1    .004653876   0.96725   0.14719
  14    2       2.0    0.0     1.5     9.7      0         0        0.0    0    0     1    .004653876   0.96725   0.14719
  15    2       4.0    3.8     1.5      .       0         0        2.0    0    0     1    .004653876   0.96725   0.14719
  16    2      16.0    3.8     1.5      .       0         0        4.0    0    0     1    .004653876   0.96725   0.14719
  17    2      27.8    3.8     1.5      .       0         0       16.0    0    0     1    .004653876   0.96725   0.14719
  18    2      40.0    3.8     1.5      .       0         0       27.8    0    0     1    .004653876   0.96725   0.14719
  19    2      52.0    3.8     1.5      .       0         0       40.0    0    0     1    .004653876   0.96725   0.14719
  20    2      63.5    0.0     1.5    24.6      0         0       52.0    0    0     1    .004653876   0.96725   0.14719

 
 Obs   d_beta1    d_beta2   d_beta3     d_u1       d_u2      _tmp1     _tmp2     _tmp3     _tmp4     _tmp5     _tmp6

   1      0.00   -19.0868      0       0.00000   -18.4617   18.4617   18.4617   18.4617   18.4621   18.4613   18.4617
   2    -37.81   -18.7221      0      -0.17595   -18.1090   18.2849   18.2853   18.2845   18.2853   18.2846   18.2849
   3   -224.66   -19.5639      0      -1.04553   -18.9232   19.9687   19.9710   19.9665   19.9691   19.9684   19.9687
   4   -445.89   -20.0134      0      -2.07513   -19.3580   21.4331   21.4376   21.4286   21.4335   21.4327   21.4331
   5   -680.68   -20.2624      0      -3.16782   -19.5989   22.7667   22.7735   22.7599   22.7671   22.7663   22.7667
   6   -891.16   -20.7085      0      -4.14735   -20.0304   24.1777   24.1867   24.1688   24.1781   24.1773   24.1777
   7  -1133.36   -20.7563      0      -5.27451   -20.0766   25.3511   25.3625   25.3397   25.3515   25.3507   25.3511
   8  -1366.64   -20.8356      0      -6.36019   -20.1533   26.5135   26.5272   26.4998   26.5139   26.5131   26.5135
   9  -1614.92   -20.6760      0      -7.51565   -19.9989   27.5145   27.5308   27.4983   27.5149   27.5141   27.5145
  10  -1832.08   -20.8109      0      -8.52628   -20.1294   28.6557   28.6741   28.6373   28.6561   28.6553   28.6557
  11  -2064.86   -20.7010      0      -9.60962   -20.0231   29.6327   29.6535   29.6120   29.6331   29.6323   29.6327
  12  -2145.71   -19.7280      0      -9.98588   -19.0820   29.0678   29.0894   29.0463   29.0682   29.0675   29.0678
  13      0.00   -10.6886      0       0.00000   -10.3386   10.3386   10.3386   10.3386   10.3388   10.3384   10.3386
  14    -21.17   -10.4844      0      -0.09853   -10.1410   10.2396   10.2398   10.2393   10.2398   10.2393   10.2396
  15    -41.94   -12.9908      0      -0.19518   -12.5654   12.7606   12.7610   12.7602   12.7609   12.7603   12.7606
  16   -189.02   -14.2508      0      -0.87966   -13.7841   14.6638   14.6657   14.6619   14.6641   14.6635   14.6638
  17   -347.60   -15.3588      0      -1.61769   -14.8559   16.4736   16.4771   16.4701   16.4739   16.4733   16.4736
  18   -523.72   -16.2483      0      -2.43733   -15.7162   18.1535   18.1588   18.1482   18.1538   18.1532   18.1535
  19   -706.92   -17.0217      0      -3.28992   -16.4642   19.7542   19.7613   19.7471   19.7545   19.7538   19.7542
  20   -891.09   -15.0362      0      -4.14702   -14.5438   18.6908   18.6998   18.6819   18.6911   18.6905   18.6908

 
 Obs   _tmp7    _tmp8    _tmp9    _tmp10   _tmp11   _tmp12  call    prd0        clear    vol     eterm    predv

   1  18.4617  18.4617  18.4617  18.4619  18.4615  18.4617   12    0.0000  .006515426  1.35415  1.00000  18.4617
   2  18.2849  18.2849  18.2849  18.2851  18.2847  18.2849   12   18.4617  .006515426  1.35415  0.99042  18.2849
   3  19.9687  19.9688  19.9687  19.9689  19.9686  19.9687   12   18.2849  .006515426  1.35415  0.95073  19.9687
   4  21.4331  21.4331  21.4331  21.4333  21.4329  21.4331   12   19.9687  .006515426  1.35415  0.94390  21.4331
   5  22.7667  22.7667  22.7667  22.7669  22.7665  22.7667   12   21.4331  .006515426  1.35415  0.94163  22.7667
   6  24.1777  24.1778  24.1777  24.1779  24.1775  24.1777   12   22.7667  .006515426  1.35415  0.94845  24.1777
   7  25.3511  25.3512  25.3510  25.3513  25.3509  25.3511   12   24.1777  .006515426  1.35415  0.94163  25.3511
   8  26.5135  26.5136  26.5134  26.5137  26.5133  26.5135   12   25.3511  .006515426  1.35415  0.94390  26.5135
   9  27.5145  27.5146  27.5145  27.5147  27.5143  27.5145   12   26.5135  .006515426  1.35415  0.94027  27.5145
  10  28.6557  28.6558  28.6556  28.6559  28.6555  28.6557   12   27.5145  .006515426  1.35415  0.94754  28.6557
  11  29.6327  29.6328  29.6326  29.6329  29.6325  29.6327   12   28.6557  .006515426  1.35415  0.94390  29.6327
  12  29.0678  29.0679  29.0677  29.0680  29.0677  29.0678   12   29.6327  .006515426  1.35415  0.98094  29.0678
  13  10.3386  10.3386  10.3386  10.3387  10.3385  10.3386   12    0.0000  .006980814  1.45088  1.00000  10.3386
  14  10.2396  10.2396  10.2396  10.2397  10.2395  10.2396   12   10.3386  .006980814  1.45088  0.99042  10.2396
  15  12.7606  12.7606  12.7606  12.7607  12.7605  12.7606   12   10.2396  .006980814  1.45088  0.99042  12.7606
  16  14.6638  14.6638  14.6638  14.6639  14.6637  14.6638   12   12.7606  .006980814  1.45088  0.94390  14.6638
  17  16.4736  16.4736  16.4735  16.4737  16.4734  16.4736   12   14.6638  .006980814  1.45088  0.94481  16.4736
  18  18.1535  18.1535  18.1535  18.1537  18.1533  18.1535   12   16.4736  .006980814  1.45088  0.94299  18.1535
  19  19.7542  19.7542  19.7541  19.7543  19.7540  19.7542   12   18.1535  .006980814  1.45088  0.94390  19.7542
  20  18.6908  18.6909  18.6908  18.6910  18.6907  18.6908   12   19.7542  .006980814  1.45088  0.94617  18.6908

       pseudo_
 Obs    conc      _pseudoy      _weight_      _b0       _tol      _predl     _predu    _u0    _switch    _ni    _iter

   1     .          .         .002933970    0.14719    .00001    18.4619    18.4615     0        0       5.1     5.1 
   2  -19.2698    -0.98492    .002990983    0.14719    .00001    18.2851    18.2847     0        0       5.1     5.1 
   3     .          .         .002507831    0.14719    .00001    19.9689    19.9686     0        0       5.1     5.1 
   4     .          .         .002176857    0.14719    .00001    21.4333    21.4329     0        0       5.1     5.1 
   5     .          .         .001929302    0.14719    .00001    22.7669    22.7665     0        0       5.1     5.1 
   6     .          .         .001710683    0.14719    .00001    24.1779    24.1775     0        0       5.1     5.1 
   7     .          .         .001555988    0.14719    .00001    25.3513    25.3509     0        0       5.1     5.1 
   8     .          .         .001422545    0.14719    .00001    26.5137    26.5133     0        0       5.1     5.1 
   9     .          .         .001320918    0.14719    .00001    27.5147    27.5143     0        0       5.1     5.1 
  10     .          .         .001217805    0.14719    .00001    28.6559    28.6555     0        0       5.1     5.1 
  11     .          .         .001138826    0.14719    .00001    29.6329    29.6325     0        0       5.1     5.1 
  12  -27.1357     1.93215    .001183516    0.14719    .00001    29.0680    29.0677     0        0       5.1     5.1 
  13     .          .         .009355770    0.14719    .00001    10.3387    10.3385     0        0       5.1     5.1 
  14  -10.7791    -0.53955    .009537573    0.14719    .00001    10.2397    10.2395     0        0       5.1     5.1 
  15     .          .         .006141269    0.14719    .00001    12.7607    12.7605     0        0       5.1     5.1 
  16     .          .         .004650576    0.14719    .00001    14.6639    14.6637     0        0       5.1     5.1 
  17     .          .         .003684894    0.14719    .00001    16.4737    16.4734     0        0       5.1     5.1 
  18     .          .         .003034443    0.14719    .00001    18.1537    18.1533     0        0       5.1     5.1 
  19     .          .         .002562612    0.14719    .00001    19.7543    19.7540     0        0       5.1     5.1 
  20  -12.7816     5.90918    .002862485    0.14719    .00001    18.6910    18.6907     0        0       5.1     5.1 
                                      Pheno data. Example 1. Numerical  derivatives.   12:21 Friday, October 25, 2002   4

 
 Obs  indiv    time   dose   weight   conc   newsub   apgarlow    tlag   u1   u2   _one        beta1    beta2     beta3

  21    2      64.0    3.8     1.5      .       0         0       63.5    0    0     1    .004653876   0.96725   0.14719
  22    2      76.0    3.8     1.5      .       0         0       64.0    0    0     1    .004653876   0.96725   0.14719
  23    2      88.0    3.8     1.5      .       0         0       76.0    0    0     1    .004653876   0.96725   0.14719
  24    2     100.0    3.8     1.5      .       0         0       88.0    0    0     1    .004653876   0.96725   0.14719
  25    2     112.0    3.8     1.5      .       0         0      100.0    0    0     1    .004653876   0.96725   0.14719
  26    2     124.0    3.8     1.5      .       0         0      112.0    0    0     1    .004653876   0.96725   0.14719
  27    2     135.5    0.0     1.5    33.0      0         0      124.0    0    0     1    .004653876   0.96725   0.14719
  28    3       0.0   30.0     1.5      .       1         0        0.0    0    0     1    .004653876   0.96725   0.14719
  29    3       1.5    0.0     1.5    18.0      0         0        0.0    0    0     1    .004653876   0.96725   0.14719
  30    3      11.5    3.7     1.5      .       0         0        1.5    0    0     1    .004653876   0.96725   0.14719

 
 Obs   d_beta1    d_beta2   d_beta3     d_u1       d_u2      _tmp1     _tmp2     _tmp3     _tmp4     _tmp5     _tmp6

  21   -898.59   -17.6615      0      -4.18192   -17.0831   21.2650   21.2740   21.2560   21.2654   21.2647   21.2650
  22  -1097.19   -18.1803      0      -5.10620   -17.5849   22.6911   22.7021   22.6801   22.6915   22.6907   22.6911
  23  -1301.36   -18.5896      0      -6.05636   -17.9808   24.0372   24.0503   24.0241   24.0376   24.0368   24.0372
  24  -1509.83   -18.9001      0      -7.02656   -18.2812   25.3078   25.3229   25.2926   25.3081   25.3074   25.3078
  25  -1721.49   -19.1216      0      -8.01158   -18.4955   26.5070   26.5243   26.4898   26.5074   26.5067   26.5070
  26  -1935.31   -19.2632      0      -9.00670   -18.6323   27.6390   27.6585   27.6196   27.6394   27.6387   27.6390
  27  -2142.06   -16.7303      0      -9.96887   -16.1824   26.1513   26.1728   26.1298   26.1516   26.1509   26.1513
  28      0.00   -21.3772      0       0.00000   -20.6771   20.6771   20.6771   20.6771   20.6775   20.6767   20.6771
  29    -31.84   -21.0703      0      -0.14816   -20.3803   20.5284   20.5288   20.5281   20.5288   20.5280   20.5284
  30   -232.60   -21.7438      0      -1.08251   -21.0318   22.1143   22.1166   22.1119   22.1147   22.1139   22.1143

 
 Obs   _tmp7    _tmp8    _tmp9    _tmp10   _tmp11   _tmp12  call    prd0        clear    vol     eterm    predv

  21  21.2650  21.2651  21.2650  21.2652  21.2648  21.2650   12   18.6908  .006980814  1.45088  0.99760  21.2650
  22  22.6911  22.6912  22.6911  22.6913  22.6909  22.6911   12   21.2650  .006980814  1.45088  0.94390  22.6911
  23  24.0372  24.0372  24.0371  24.0374  24.0370  24.0372   12   22.6911  .006980814  1.45088  0.94390  24.0372
  24  25.3078  25.3078  25.3077  25.3079  25.3076  25.3078   12   24.0372  .006980814  1.45088  0.94390  25.3078
  25  26.5070  26.5071  26.5070  26.5072  26.5069  26.5070   12   25.3078  .006980814  1.45088  0.94390  26.5070
  26  27.6390  27.6391  27.6390  27.6392  27.6389  27.6390   12   26.5070  .006980814  1.45088  0.94390  27.6390
  27  26.1513  26.1514  26.1512  26.1514  26.1511  26.1513   12   27.6390  .006980814  1.45088  0.94617  26.1513
  28  20.6771  20.6771  20.6771  20.6773  20.6769  20.6771   12    0.0000  .006980814  1.45088  1.00000  20.6771
  29  20.5284  20.5284  20.5284  20.5286  20.5282  20.5284   12   20.6771  .006980814  1.45088  0.99281  20.5284
  30  22.1143  22.1143  22.1143  22.1145  22.1141  22.1143   12   20.5284  .006980814  1.45088  0.95302  22.1143

       pseudo_
 Obs    conc      _pseudoy      _weight_      _b0       _tol      _predl     _predu    _u0    _switch    _ni    _iter

  21     .          .         .002211407    0.14719    .00001    21.2652    21.2648     0        0       5.1     5.1 
  22     .          .         .001942177    0.14719    .00001    22.6913    22.6909     0        0       5.1     5.1 
  23     .          .         .001730743    0.14719    .00001    24.0374    24.0370     0        0       5.1     5.1 
  24     .          .         .001561323    0.14719    .00001    25.3079    25.3076     0        0       5.1     5.1 
  25     .          .         .001423238    0.14719    .00001    26.5072    26.5069     0        0       5.1     5.1 
  26     .          .         .001309043    0.14719    .00001    27.6392    27.6389     0        0       5.1     5.1 
  27  -19.3025     6.84873    .001462226    0.14719    .00001    26.1514    26.1511     0        0       5.1     5.1 
  28     .          .         .002338943    0.14719    .00001    20.6773    20.6769     0        0       5.1     5.1 
  29  -23.0569    -2.52844    .002372948    0.14719    .00001    20.5286    20.5282     0        0       5.1     5.1 
  30     .          .         .002044816    0.14719    .00001    22.1145    22.1141     0        0       5.1     5.1 
                                      Pheno data. Example 1. Numerical  derivatives.   12:21 Friday, October 25, 2002   5

                                                   The Mixed Procedure

                                                   Model Information

                                 Data Set                     WORK._NLINMIX            
                                 Dependent Variable           pseudo_conc              
                                 Weight Variable              _weight_                 
                                 Covariance Structure         Variance Components      
                                 Subject Effect               indiv                    
                                 Estimation Method            REML                     
                                 Residual Variance Method     Profile                  
                                 Fixed Effects SE Method      Model-Based              
                                 Degrees of Freedom Method    Containment              


                                                 Class Level Information
 
                                    Class    Levels    Values

                                    indiv        59    1 2 3 4 5 6 7 8 9 10 11 12 13 
                                                       14 15 16 17 18 19 20 21 22 23 
                                                       24 25 26 27 28 29 30 31 32 33 
                                                       34 35 36 37 38 39 40 41 42 43 
                                                       44 45 46 47 48 49 50 51 52 53 
                                                       54 55 56 57 58 59             


                                                       Dimensions

                                           Covariance Parameters             3
                                           Columns in X                      3
                                           Columns in Z Per Subject          2
                                           Subjects                         59
                                           Max Obs Per Subject              20
                                           Observations Used               155
                                           Observations Not Used           589
                                           Total Observations              744


                                                     Parameter Search
 
                    CovP1       CovP2       CovP3    Variance            Res Log Like    -2 Res Log Like

                  0.04567     0.02827     0.01078     0.01078               -442.9105           885.8209


                                                    Iteration History
 
                               Iteration    Evaluations    -2 Res Log Like       Criterion

                                       1              1       885.82094836      0.00000000


                                               Convergence criteria met.                    


                                             Covariance Parameter Estimates
 
                                            Cov Parm     Subject    Estimate

                                            d_u1         indiv       0.04567
                                            d_u2         indiv       0.02827
                                            Residual                 0.01078


                                                     Fit Statistics

                                       Res Log Likelihood                  -442.9
                                       Akaike's Information Criterion      -445.9
                                       Schwarz's Bayesian Criterion        -449.0
                                       -2 Res Log Likelihood                885.8


                                            PARMS Model Likelihood Ratio Test
 
                                              DF    Chi-Square      Pr > ChiSq

                                               2          0.00          1.0000


                                               Solution for Fixed Effects
 
                                     Standard
          Effect         Estimate       Error      DF    t Value    Pr > |t|     Alpha       Lower       Upper

          d_beta1        0.004654    0.000220      45      21.20      <.0001      0.05    0.004212    0.005096
          d_beta2          0.9673     0.02702      45      35.80      <.0001      0.05      0.9128      1.0217
          d_beta3          0.1472     0.07650      45       1.92      0.0607      0.05    -0.00689      0.3013


                                              Solution for Random Effects
 
                                        Std Err
        Effect    indiv    Estimate        Pred      DF    t Value    Pr > |t|     Alpha       Lower       Upper

        d_u1       1       -0.07297      0.1830      45      -0.40      0.6920      0.05     -0.4416      0.2956
        d_u2       1        0.01498     0.08382      45       0.18      0.8589      0.05     -0.1538      0.1838
        d_u1       2        -0.2980      0.1746      45      -1.71      0.0948      0.05     -0.6498     0.05372
                                      Pheno data. Example 1. Numerical  derivatives.   12:21 Friday, October 25, 2002   6

                                                   The Mixed Procedure

                                              Solution for Random Effects
 
                                        Std Err
        Effect    indiv    Estimate        Pred      DF    t Value    Pr > |t|     Alpha       Lower       Upper

        d_u2       2       -0.09840     0.07764      45      -1.27      0.2115      0.05     -0.2548     0.05798
        d_u1       3         0.1447      0.1674      45       0.86      0.3920      0.05     -0.1925      0.4819
        d_u2       3         0.1218     0.08057      45       1.51      0.1377      0.05    -0.04051      0.2840
        d_u1       4       -0.01418      0.1695      45      -0.08      0.9337      0.05     -0.3556      0.3272
        d_u2       4        0.02255     0.07842      45       0.29      0.7750      0.05     -0.1354      0.1805
        d_u1       5         0.1658      0.1690      45       0.98      0.3318      0.05     -0.1746      0.5061
        d_u2       5         0.2450     0.07856      45       3.12      0.0032      0.05     0.08678      0.4032
        d_u1       6       -0.01140      0.1658      45      -0.07      0.9455      0.05     -0.3453      0.3225
        d_u2       6         0.1213     0.07874      45       1.54      0.1304      0.05    -0.03729      0.2799
        d_u1       7        0.06355      0.1532      45       0.41      0.6802      0.05     -0.2449      0.3720
        d_u2       7        0.05864     0.08123      45       0.72      0.4741      0.05     -0.1050      0.2223
        d_u1       8       -0.01652      0.1670      45      -0.10      0.9216      0.05     -0.3529      0.3198
        d_u2       8        -0.2102     0.07938      45      -2.65      0.0111      0.05     -0.3701    -0.05032
        d_u1       9        -0.3174     0.08414      45      -3.77      0.0005      0.05     -0.4868     -0.1479
        d_u2       9       -0.08050     0.07360      45      -1.09      0.2799      0.05     -0.2287     0.06774
        d_u1      10        0.01397      0.1646      45       0.08      0.9327      0.05     -0.3175      0.3455
        d_u2      10        0.01561     0.07972      45       0.20      0.8457      0.05     -0.1449      0.1762
        d_u1      11         0.1284      0.2057      45       0.62      0.5357      0.05     -0.2859      0.5426
        d_u2      11         0.2777      0.1118      45       2.48      0.0168      0.05     0.05257      0.5029
        d_u1      12       -0.03037     0.08604      45      -0.35      0.7258      0.05     -0.2037      0.1429
        d_u2      12        0.08495     0.08174      45       1.04      0.3042      0.05    -0.07967      0.2496
        d_u1      13        -0.1385      0.1696      45      -0.82      0.4185      0.05     -0.4801      0.2031
        d_u2      13        -0.1554     0.09941      45      -1.56      0.1251      0.05     -0.3556     0.04485
        d_u1      14        0.09735     0.08730      45       1.12      0.2707      0.05    -0.07848      0.2732
        d_u2      14       -0.09614     0.07232      45      -1.33      0.1904      0.05     -0.2418     0.04952
        d_u1      15        0.02955      0.1774      45       0.17      0.8685      0.05     -0.3278      0.3869
        d_u2      15        0.06750     0.09412      45       0.72      0.4770      0.05     -0.1221      0.2571
        d_u1      16        -0.1435      0.1704      45      -0.84      0.4042      0.05     -0.4868      0.1998
        d_u2      16        0.04677     0.07936      45       0.59      0.5586      0.05     -0.1131      0.2066
        d_u1      17        -0.1087      0.1704      45      -0.64      0.5269      0.05     -0.4519      0.2345
        d_u2      17       -0.01186     0.09100      45      -0.13      0.8968      0.05     -0.1951      0.1714
        d_u1      18         0.3147     0.07293      45       4.32      <.0001      0.05      0.1678      0.4616
        d_u2      18        0.08467     0.07027      45       1.20      0.2346      0.05    -0.05687      0.2262
        d_u1      19        0.05288      0.1725      45       0.31      0.7606      0.05     -0.2946      0.4003
        d_u2      19       -0.01643     0.09128      45      -0.18      0.8580      0.05     -0.2003      0.1674
        d_u1      20       0.009463      0.1728      45       0.05      0.9566      0.05     -0.3386      0.3575
        d_u2      20       -0.08306     0.07790      45      -1.07      0.2920      0.05     -0.2400     0.07385
        d_u1      21       -0.07515      0.1016      45      -0.74      0.4635      0.05     -0.2799      0.1296
        d_u2      21       -0.05086     0.08349      45      -0.61      0.5455      0.05     -0.2190      0.1173
        d_u1      22       -0.00583      0.2040      45      -0.03      0.9773      0.05     -0.4167      0.4050
        d_u2      22       -0.05764     0.07886      45      -0.73      0.4687      0.05     -0.2165      0.1012
        d_u1      23         0.1086      0.1790      45       0.61      0.5472      0.05     -0.2520      0.4691
        d_u2      23        -0.2247     0.09114      45      -2.46      0.0176      0.05     -0.4082    -0.04109
        d_u1      24         0.1751      0.1487      45       1.18      0.2452      0.05     -0.1244      0.4746
        d_u2      24       0.005621     0.09126      45       0.06      0.9512      0.05     -0.1782      0.1894
        d_u1      25        0.07336      0.1639      45       0.45      0.6565      0.05     -0.2567      0.4034
        d_u2      25         0.2893     0.07980      45       3.63      0.0007      0.05      0.1286      0.4500
        d_u1      26       -0.05536      0.1912      45      -0.29      0.7735      0.05     -0.4404      0.3297
        d_u2      26        -0.1265     0.09614      45      -1.32      0.1948      0.05     -0.3202     0.06711
        d_u1      27       -0.05027      0.1908      45      -0.26      0.7934      0.05     -0.4346      0.3341
        d_u2      27        -0.3083     0.08193      45      -3.76      0.0005      0.05     -0.4734     -0.1433
        d_u1      28       0.001367      0.2137      45       0.01      0.9949      0.05     -0.4290      0.4318
        d_u2      28        0.08707     0.09120      45       0.95      0.3448      0.05    -0.09661      0.2707
        d_u1      29       0.005947      0.2078      45       0.03      0.9773      0.05     -0.4126      0.4245
        d_u2      29        0.01533      0.1082      45       0.14      0.8880      0.05     -0.2027      0.2333
        d_u1      30        0.05678      0.1128      45       0.50      0.6172      0.05     -0.1705      0.2840
        d_u2      30        0.08295     0.09214      45       0.90      0.3728      0.05     -0.1026      0.2685
        d_u1      31       -0.00084      0.2137      45      -0.00      0.9969      0.05     -0.4312      0.4296
        d_u2      31        -0.1070     0.09090      45      -1.18      0.2452      0.05     -0.2901     0.07606
        d_u1      32         0.1204      0.1901      45       0.63      0.5295      0.05     -0.2624      0.5032
        d_u2      32         0.2893     0.07135      45       4.05      0.0002      0.05      0.1456      0.4330
        d_u1      33       -0.06310      0.1982      45      -0.32      0.7516      0.05     -0.4622      0.3360
        d_u2      33       -0.06541     0.08068      45      -0.81      0.4218      0.05     -0.2279     0.09708
        d_u1      34       -0.05158      0.1954      45      -0.26      0.7930      0.05     -0.4451      0.3420
        d_u2      34        -0.1953     0.09131      45      -2.14      0.0379      0.05     -0.3792    -0.01141
        d_u1      35        -0.2542      0.1884      45      -1.35      0.1840      0.05     -0.6337      0.1253
        d_u2      35        -0.2161     0.08912      45      -2.42      0.0194      0.05     -0.3956    -0.03660
        d_u1      36         0.1260     0.08692      45       1.45      0.1542      0.05    -0.04910      0.3010
        d_u2      36       -0.04146     0.08085      45      -0.51      0.6106      0.05     -0.2043      0.1214
        d_u1      37       -0.01410      0.1661      45      -0.08      0.9328      0.05     -0.3487      0.3205
        d_u2      37        0.03070     0.08686      45       0.35      0.7254      0.05     -0.1442      0.2056
        d_u1      38         0.1514     0.08528      45       1.78      0.0826      0.05    -0.02035      0.3232
        d_u2      38        0.09232     0.07821      45       1.18      0.2440      0.05    -0.06520      0.2498
        d_u1      39        0.08918     0.09587      45       0.93      0.3572      0.05     -0.1039      0.2823
        d_u2      39       -0.01067     0.08168      45      -0.13      0.8967      0.05     -0.1752      0.1538
        d_u1      40       0.000750      0.2137      45       0.00      0.9972      0.05     -0.4296      0.4311
        d_u2      40        0.08838     0.08484      45       1.04      0.3031      0.05    -0.08251      0.2593
        d_u1      41        0.03406      0.2004      45       0.17      0.8658      0.05     -0.3696      0.4377
        d_u2      41         0.1142     0.07055      45       1.62      0.1124      0.05    -0.02786      0.2563
        d_u1      42         0.2296      0.1898      45       1.21      0.2328      0.05     -0.1527      0.6119
        d_u2      42         0.3284     0.08491      45       3.87      0.0004      0.05      0.1573      0.4994
        d_u1      43       -0.00246      0.2137      45      -0.01      0.9909      0.05     -0.4329      0.4279
        d_u2      43        -0.1800     0.09916      45      -1.81      0.0762      0.05     -0.3797     0.01977
        d_u1      44        0.04322     0.08855      45       0.49      0.6278      0.05     -0.1351      0.2216
        d_u2      44        0.07001     0.08267      45       0.85      0.4015      0.05    -0.09648      0.2365
        d_u1      45        0.02122      0.1881      45       0.11      0.9106      0.05     -0.3575      0.4000
        d_u2      45        0.04814     0.08706      45       0.55      0.5831      0.05     -0.1272      0.2235
        d_u1      46       0.000196      0.2137      45       0.00      0.9993      0.05     -0.4302      0.4306
        d_u2      46        0.01431     0.09112      45       0.16      0.8759      0.05     -0.1692      0.1978
        d_u1      47       -0.01491      0.2111      45      -0.07      0.9440      0.05     -0.4402      0.4103
        d_u2      47       -0.06055      0.1014      45      -0.60      0.5533      0.05     -0.2647      0.1436
                                      Pheno data. Example 1. Numerical  derivatives.   12:21 Friday, October 25, 2002   7

                                                   The Mixed Procedure

                                              Solution for Random Effects
 
                                        Std Err
        Effect    indiv    Estimate        Pred      DF    t Value    Pr > |t|     Alpha       Lower       Upper

        d_u1      48        -0.4037      0.1370      45      -2.95      0.0051      0.05     -0.6795     -0.1278
        d_u2      48         0.1441     0.07557      45       1.91      0.0629      0.05    -0.00806      0.2963
        d_u1      49        0.01775      0.1681      45       0.11      0.9164      0.05     -0.3209      0.3564
        d_u2      49        0.09774     0.07903      45       1.24      0.2226      0.05    -0.06144      0.2569
        d_u1      50       -0.05918      0.1688      45      -0.35      0.7276      0.05     -0.3992      0.2808
        d_u2      50        -0.2093     0.07256      45      -2.88      0.0060      0.05     -0.3554    -0.06313
        d_u1      51       -0.00385      0.1670      45      -0.02      0.9817      0.05     -0.3401      0.3324
        d_u2      51         0.2342     0.07902      45       2.96      0.0048      0.05     0.07502      0.3933
        d_u1      52         0.2093      0.1567      45       1.34      0.1883      0.05     -0.1062      0.5248
        d_u2      52        -0.2212     0.08190      45      -2.70      0.0097      0.05     -0.3862    -0.05626
        d_u1      53       -0.09674      0.2070      45      -0.47      0.6426      0.05     -0.5138      0.3203
        d_u2      53       -0.05019     0.07757      45      -0.65      0.5209      0.05     -0.2064      0.1060
        d_u1      54        -0.1796      0.1781      45      -1.01      0.3188      0.05     -0.5383      0.1792
        d_u2      54        -0.2644     0.07100      45      -3.72      0.0005      0.05     -0.4074     -0.1213
        d_u1      55        0.08769      0.2059      45       0.43      0.6723      0.05     -0.3271      0.5025
        d_u2      55         0.1865      0.1163      45       1.60      0.1156      0.05    -0.04761      0.4207
        d_u1      56       -0.00022      0.2129      45      -0.00      0.9992      0.05     -0.4291      0.4287
        d_u2      56       -0.00162      0.1031      45      -0.02      0.9875      0.05     -0.2094      0.2061
        d_u1      57        0.02541      0.1811      45       0.14      0.8890      0.05     -0.3393      0.3901
        d_u2      57       -0.01591     0.08397      45      -0.19      0.8506      0.05     -0.1850      0.1532
        d_u1      58       0.003131      0.1728      45       0.02      0.9856      0.05     -0.3450      0.3512
        d_u2      58        -0.1292     0.07898      45      -1.64      0.1090      0.05     -0.2882     0.02992
        d_u1      59        -0.1182      0.1682      45      -0.70      0.4860      0.05     -0.4570      0.2207
        d_u2      59       -0.09191     0.07916      45      -1.16      0.2517      0.05     -0.2514     0.06753
