                                     Pheno data. Example 1. Numerical  derivatives.

                                                   The MEANS Procedure

                                              Analysis Variable : _PSEUDOY 
 
                                                               USS
                                                      ------------
                                                          12595.52
                                                      ------------
                                     Pheno data. Example 1. Numerical  derivatives.

                                                                                                                 PSEUDO_
 Obs  indiv   time  dose  weight  conc  newsub  apgarlow  beta1  beta2  beta3  u1  u2  _one   PREDV   _PSEUDOY    CONC

   1    1      0.0  25.0    1.4     .      1        0      0.01    1     0.1    0   0    1   17.8571     .         .    
   2    1      2.0   0.0    1.4   17.3     0        0      0.01    1     0.1    0   0    1   17.5035   -0.2035  -17.7071
   3    1     12.5   3.5    1.4     .      0        0      0.01    1     0.1    0   0    1   18.2589     .         .    
   4    1     24.5   3.5    1.4     .      0        0      0.01    1     0.1    0   0    1   18.6942     .         .    
   5    1     37.0   3.5    1.4     .      0        0      0.01    1     0.1    0   0    1   18.9975     .         .    
   6    1     48.0   3.5    1.4     .      0        0      0.01    1     0.1    0   0    1   19.5186     .         .    
   7    1     60.5   3.5    1.4     .      0        0      0.01    1     0.1    0   0    1   19.7251     .         .    
   8    1     72.5   3.5    1.4     .      0        0      0.01    1     0.1    0   0    1   19.9946     .         .    
   9    1     85.3   3.5    1.4     .      0        0      0.01    1     0.1    0   0    1   20.0923     .         .    
  10    1     96.5   3.5    1.4     .      0        0      0.01    1     0.1    0   0    1   20.4634     .         .    
  11    1    108.5   3.5    1.4     .      0        0      0.01    1     0.1    0   0    1   20.6495     .         .    
  12    1    112.5   0.0    1.4   31.0     0        0      0.01    1     0.1    0   0    1   19.8398   11.1602   -8.6796
  13    2      0.0  15.0    1.5     .      1        0      0.01    1     0.1    0   0    1   10.0000     .         .    
  14    2      2.0   0.0    1.5    9.7     0        0      0.01    1     0.1    0   0    1    9.8020   -0.1020   -9.9040
  15    2      4.0   3.8    1.5     .      0        0      0.01    1     0.1    0   0    1   12.1412     .         .    
  16    2     16.0   3.8    1.5     .      0        0      0.01    1     0.1    0   0    1   13.3016     .         .    
  17    2     27.8   3.8    1.5     .      0        0      0.01    1     0.1    0   0    1   14.3544     .         .    
  18    2     40.0   3.8    1.5     .      0        0      0.01    1     0.1    0   0    1   15.2391     .         .    
  19    2     52.0   3.8    1.5     .      0        0      0.01    1     0.1    0   0    1   16.0492     .         .    
  20    2     63.5   0.0    1.5   24.6     0        0      0.01    1     0.1    0   0    1   14.3058   10.2942   -4.0115
  21    2     64.0   3.8    1.5     .      0        0      0.01    1     0.1    0   0    1   16.7677     .         .    
  22    2     76.0   3.8    1.5     .      0        0      0.01    1     0.1    0   0    1   17.4050     .         .    
  23    2     88.0   3.8    1.5     .      0        0      0.01    1     0.1    0   0    1   17.9702     .         .    
  24    2    100.0   3.8    1.5     .      0        0      0.01    1     0.1    0   0    1   18.4714     .         .    
  25    2    112.0   3.8    1.5     .      0        0      0.01    1     0.1    0   0    1   18.9160     .         .    
  26    2    124.0   3.8    1.5     .      0        0      0.01    1     0.1    0   0    1   19.3103     .         .    
  27    2    135.5   0.0    1.5   33.0     0        0      0.01    1     0.1    0   0    1   17.2126   15.7874   -1.4252
  28    3      0.0  30.0    1.5     .      1        0      0.01    1     0.1    0   0    1   20.0000     .         .    
  29    3      1.5   0.0    1.5   18.0     0        0      0.01    1     0.1    0   0    1   19.7022   -1.7022  -21.4045
  30    3     11.5   3.7    1.5     .      0        0      0.01    1     0.1    0   0    1   20.2940     .         .    

 
 Obs   D_BETA1   D_BETA2  D_BETA3      D_U1    D_U2    CLEAR  VOL   ETERM   T_LAG  _WEIGHT_  _switch  _ni  _iter

   1      0.00  -17.8571     0       0.0000  -17.8571  0.014  1.4  1.00000    0.0  0.003136     0      -9    -9 
   2    -35.01  -17.1535     0      -0.3501  -17.1535  0.014  1.4  0.98020    0.0  0.003264     0      -9    -9 
   3   -196.99  -16.2890     0      -1.9699  -16.2890  0.014  1.4  0.90032    2.0  0.003000     0      -9    -9 
   4   -369.04  -15.0038     0      -3.6904  -15.0038  0.014  1.4  0.88692   12.5  0.002861     0      -9    -9 
   5   -531.90  -13.6786     0      -5.3190  -13.6786  0.014  1.4  0.88250   24.5  0.002771     0      -9    -9 
   6   -663.70  -12.8817     0      -6.6370  -12.8817  0.014  1.4  0.89583   37.0  0.002625     0      -9    -9 
   7   -801.02  -11.7149     0      -8.0102  -11.7149  0.014  1.4  0.88250   48.0  0.002570     0      -9    -9 
   8   -920.38  -10.7908     0      -9.2038  -10.7908  0.014  1.4  0.88692   60.5  0.002501     0      -9    -9 
   9  -1034.98   -9.7425     0     -10.3498   -9.7425  0.014  1.4  0.87985   72.5  0.002477     0      -9    -9 
  10  -1126.51   -9.1983     0     -11.2651   -9.1983  0.014  1.4  0.89404   85.3  0.002388     0      -9    -9 
  11  -1216.92   -8.4803     0     -12.1692   -8.4803  0.014  1.4  0.88692   96.5  0.002345     0      -9    -9 
  12  -1248.56   -7.3542     0     -12.4856   -7.3542  0.014  1.4  0.96079  108.5  0.002541     0      -9    -9 
  13      0.00  -10.0000     0       0.0000  -10.0000  0.015  1.5  1.00000    0.0  0.010000     0      -9    -9 
  14    -19.60   -9.6059     0      -0.1960   -9.6059  0.015  1.5  0.98020    0.0  0.010408     0      -9    -9 
  15    -38.43  -11.7569     0      -0.3843  -11.7569  0.015  1.5  0.98020    2.0  0.006784     0      -9    -9 
  16   -163.31  -11.6686     0      -1.6331  -11.6686  0.015  1.5  0.88692    4.0  0.005652     0      -9    -9 
  17   -284.62  -11.5083     0      -2.8462  -11.5083  0.015  1.5  0.88870   16.0  0.004853     0      -9    -9 
  18   -406.94  -11.1697     0      -4.0694  -11.1697  0.015  1.5  0.88515   27.8  0.004306     0      -9    -9 
  19   -523.11  -10.8181     0      -5.2311  -10.8181  0.015  1.5  0.88692   40.0  0.003882     0      -9    -9 
  20   -630.80   -7.9977     0      -6.3080   -7.9977  0.015  1.5  0.89137   52.0  0.004886     0      -9    -9 
  21   -634.77  -10.4200     0      -6.3477  -10.4200  0.015  1.5  0.99501   63.5  0.003557     0      -9    -9 
  22   -741.45   -9.9904     0      -7.4145   -9.9904  0.015  1.5  0.88692   64.0  0.003301     0      -9    -9 
  23   -842.85   -9.5416     0      -8.4285   -9.5416  0.015  1.5  0.88692   76.0  0.003097     0      -9    -9 
  24   -938.80   -9.0834     0      -9.3880   -9.0834  0.015  1.5  0.88692   88.0  0.002931     0      -9    -9 
  25  -1029.23   -8.6237     0     -10.2923   -8.6237  0.015  1.5  0.88692  100.0  0.002795     0      -9    -9 
  26  -1114.17   -8.1686     0     -11.1417   -8.1686  0.015  1.5  0.88692  112.0  0.002682     0      -9    -9 
  27  -1191.08   -5.3018     0     -11.9108   -5.3018  0.015  1.5  0.89137  124.0  0.003375     0      -9    -9 
  28      0.00  -20.0000     0       0.0000  -20.0000  0.015  1.5  1.00000    0.0  0.002500     0      -9    -9 
  29    -29.55  -19.4067     0      -0.2955  -19.4067  0.015  1.5  0.98511    0.0  0.002576     0      -9    -9 
  30   -205.01  -18.2438     0      -2.0501  -18.2438  0.015  1.5  0.90484    1.5  0.002428     0      -9    -9 
                                     Pheno data. Example 1. Numerical  derivatives.    14:35 Friday, October 25, 2002   3

                                                   The MEANS Procedure

                                              Analysis Variable : _PSEUDOY 
 
                                                               USS
                                                      ------------
                                                           3906.19
                                                      ------------
                                     Pheno data. Example 1. Numerical  derivatives.    14:35 Friday, October 25, 2002   4

                                                                                   PSEUDO_
     Obs indiv  time dose weight conc newsub apgarlow u1 u2 _one  PREDV  _PSEUDOY   CONC    D_BETA1  D_BETA2 D_BETA3

       1   1     0.0 25.0   1.4    .     1       0     0  0   1  18.4617   .         .         0.00 -19.0868    0   
       2   1     2.0  0.0   1.4  17.3    0       0     0  0   1  18.2849 -0.98492 -19.2698   -37.81 -18.7221    0   
       3   1    12.5  3.5   1.4    .     0       0     0  0   1  19.9687   .         .      -224.66 -19.5639    0   
       4   1    24.5  3.5   1.4    .     0       0     0  0   1  21.4331   .         .      -445.89 -20.0134    0   
       5   1    37.0  3.5   1.4    .     0       0     0  0   1  22.7667   .         .      -680.68 -20.2624    0   
       6   1    48.0  3.5   1.4    .     0       0     0  0   1  24.1777   .         .      -891.16 -20.7085    0   
       7   1    60.5  3.5   1.4    .     0       0     0  0   1  25.3511   .         .     -1133.36 -20.7563    0   
       8   1    72.5  3.5   1.4    .     0       0     0  0   1  26.5135   .         .     -1366.64 -20.8356    0   
       9   1    85.3  3.5   1.4    .     0       0     0  0   1  27.5145   .         .     -1614.92 -20.6760    0   
      10   1    96.5  3.5   1.4    .     0       0     0  0   1  28.6557   .         .     -1832.08 -20.8109    0   
      11   1   108.5  3.5   1.4    .     0       0     0  0   1  29.6327   .         .     -2064.86 -20.7010    0   
      12   1   112.5  0.0   1.4  31.0    0       0     0  0   1  29.0678  1.93215 -27.1357 -2145.71 -19.7280    0   
      13   2     0.0 15.0   1.5    .     1       0     0  0   1  10.3386   .         .         0.00 -10.6886    0   
      14   2     2.0  0.0   1.5   9.7    0       0     0  0   1  10.2396 -0.53955 -10.7791   -21.17 -10.4844    0   
      15   2     4.0  3.8   1.5    .     0       0     0  0   1  12.7606   .         .       -41.94 -12.9908    0   
      16   2    16.0  3.8   1.5    .     0       0     0  0   1  14.6638   .         .      -189.02 -14.2508    0   
      17   2    27.8  3.8   1.5    .     0       0     0  0   1  16.4736   .         .      -347.60 -15.3588    0   
      18   2    40.0  3.8   1.5    .     0       0     0  0   1  18.1535   .         .      -523.72 -16.2483    0   
      19   2    52.0  3.8   1.5    .     0       0     0  0   1  19.7542   .         .      -706.92 -17.0217    0   
      20   2    63.5  0.0   1.5  24.6    0       0     0  0   1  18.6908  5.90918 -12.7816  -891.09 -15.0362    0   
      21   2    64.0  3.8   1.5    .     0       0     0  0   1  21.2650   .         .      -898.59 -17.6615    0   
      22   2    76.0  3.8   1.5    .     0       0     0  0   1  22.6911   .         .     -1097.19 -18.1803    0   
      23   2    88.0  3.8   1.5    .     0       0     0  0   1  24.0372   .         .     -1301.36 -18.5896    0   
      24   2   100.0  3.8   1.5    .     0       0     0  0   1  25.3078   .         .     -1509.83 -18.9001    0   
      25   2   112.0  3.8   1.5    .     0       0     0  0   1  26.5070   .         .     -1721.49 -19.1216    0   
      26   2   124.0  3.8   1.5    .     0       0     0  0   1  27.6390   .         .     -1935.31 -19.2632    0   
      27   2   135.5  0.0   1.5  33.0    0       0     0  0   1  26.1513  6.84873 -19.3025 -2142.06 -16.7303    0   
      28   3     0.0 30.0   1.5    .     1       0     0  0   1  20.6771   .         .         0.00 -21.3772    0   
      29   3     1.5  0.0   1.5  18.0    0       0     0  0   1  20.5284 -2.52844 -23.0569   -31.84 -21.0703    0   
      30   3    11.5  3.7   1.5    .     0       0     0  0   1  22.1143   .         .      -232.60 -21.7438    0   

 
     Obs   D_U1     D_U2        CLEAR   VOL    ETERM  T_LAG   _WEIGHT_      beta1  beta2   beta3  _switch _ni _iter

       1  0.00000 -18.4617 .006515426 1.35415 1.00000   0.0 .002933970 .004653876 0.96725 0.14719    0    5.1  5.1 
       2 -0.17595 -18.1090 .006515426 1.35415 0.99042   0.0 .002990983 .004653876 0.96725 0.14719    0    5.1  5.1 
       3 -1.04553 -18.9232 .006515426 1.35415 0.95073   2.0 .002507831 .004653876 0.96725 0.14719    0    5.1  5.1 
       4 -2.07513 -19.3580 .006515426 1.35415 0.94390  12.5 .002176857 .004653876 0.96725 0.14719    0    5.1  5.1 
       5 -3.16782 -19.5989 .006515426 1.35415 0.94163  24.5 .001929302 .004653876 0.96725 0.14719    0    5.1  5.1 
       6 -4.14735 -20.0304 .006515426 1.35415 0.94845  37.0 .001710683 .004653876 0.96725 0.14719    0    5.1  5.1 
       7 -5.27451 -20.0766 .006515426 1.35415 0.94163  48.0 .001555988 .004653876 0.96725 0.14719    0    5.1  5.1 
       8 -6.36019 -20.1533 .006515426 1.35415 0.94390  60.5 .001422545 .004653876 0.96725 0.14719    0    5.1  5.1 
       9 -7.51565 -19.9989 .006515426 1.35415 0.94027  72.5 .001320918 .004653876 0.96725 0.14719    0    5.1  5.1 
      10 -8.52628 -20.1294 .006515426 1.35415 0.94754  85.3 .001217805 .004653876 0.96725 0.14719    0    5.1  5.1 
      11 -9.60962 -20.0231 .006515426 1.35415 0.94390  96.5 .001138826 .004653876 0.96725 0.14719    0    5.1  5.1 
      12 -9.98588 -19.0820 .006515426 1.35415 0.98094 108.5 .001183516 .004653876 0.96725 0.14719    0    5.1  5.1 
      13  0.00000 -10.3386 .006980814 1.45088 1.00000   0.0 .009355770 .004653876 0.96725 0.14719    0    5.1  5.1 
      14 -0.09853 -10.1410 .006980814 1.45088 0.99042   0.0 .009537573 .004653876 0.96725 0.14719    0    5.1  5.1 
      15 -0.19518 -12.5654 .006980814 1.45088 0.99042   2.0 .006141269 .004653876 0.96725 0.14719    0    5.1  5.1 
      16 -0.87966 -13.7841 .006980814 1.45088 0.94390   4.0 .004650576 .004653876 0.96725 0.14719    0    5.1  5.1 
      17 -1.61769 -14.8559 .006980814 1.45088 0.94481  16.0 .003684894 .004653876 0.96725 0.14719    0    5.1  5.1 
      18 -2.43733 -15.7162 .006980814 1.45088 0.94299  27.8 .003034443 .004653876 0.96725 0.14719    0    5.1  5.1 
      19 -3.28992 -16.4642 .006980814 1.45088 0.94390  40.0 .002562612 .004653876 0.96725 0.14719    0    5.1  5.1 
      20 -4.14702 -14.5438 .006980814 1.45088 0.94617  52.0 .002862485 .004653876 0.96725 0.14719    0    5.1  5.1 
      21 -4.18192 -17.0831 .006980814 1.45088 0.99760  63.5 .002211407 .004653876 0.96725 0.14719    0    5.1  5.1 
      22 -5.10620 -17.5849 .006980814 1.45088 0.94390  64.0 .001942177 .004653876 0.96725 0.14719    0    5.1  5.1 
      23 -6.05636 -17.9808 .006980814 1.45088 0.94390  76.0 .001730743 .004653876 0.96725 0.14719    0    5.1  5.1 
      24 -7.02656 -18.2812 .006980814 1.45088 0.94390  88.0 .001561323 .004653876 0.96725 0.14719    0    5.1  5.1 
      25 -8.01158 -18.4955 .006980814 1.45088 0.94390 100.0 .001423238 .004653876 0.96725 0.14719    0    5.1  5.1 
      26 -9.00670 -18.6323 .006980814 1.45088 0.94390 112.0 .001309043 .004653876 0.96725 0.14719    0    5.1  5.1 
      27 -9.96887 -16.1824 .006980814 1.45088 0.94617 124.0 .001462226 .004653876 0.96725 0.14719    0    5.1  5.1 
      28  0.00000 -20.6771 .006980814 1.45088 1.00000   0.0 .002338943 .004653876 0.96725 0.14719    0    5.1  5.1 
      29 -0.14816 -20.3803 .006980814 1.45088 0.99281   0.0 .002372948 .004653876 0.96725 0.14719    0    5.1  5.1 
      30 -1.08251 -21.0318 .006980814 1.45088 0.95302   1.5 .002044816 .004653876 0.96725 0.14719    0    5.1  5.1 
                                     Pheno data. Example 1. Numerical  derivatives.    14:35 Friday, October 25, 2002   5

                                                   The Mixed Procedure

                                                   Model Information

                                 Data Set                     WORK._NLINMIX            
                                 Dependent Variable           PSEUDO_CONC              
                                 Weight Variable              _WEIGHT_                 
                                 Covariance Structure         Variance Components      
                                 Subject Effect               indiv                    
                                 Estimation Method            REML                     
                                 Residual Variance Method     Profile                  
                                 Fixed Effects SE Method      Model-Based              
                                 Degrees of Freedom Method    Containment              


                                                 Class Level Information
 
                                    Class    Levels    Values

                                    indiv        59    1 2 3 4 5 6 7 8 9 10 11 12 13 
                                                       14 15 16 17 18 19 20 21 22 23 
                                                       24 25 26 27 28 29 30 31 32 33 
                                                       34 35 36 37 38 39 40 41 42 43 
                                                       44 45 46 47 48 49 50 51 52 53 
                                                       54 55 56 57 58 59             


                                                       Dimensions

                                           Covariance Parameters             3
                                           Columns in X                      3
                                           Columns in Z Per Subject          2
                                           Subjects                         59
                                           Max Obs Per Subject              20
                                           Observations Used               155
                                           Observations Not Used           589
                                           Total Observations              744


                                                     Parameter Search
 
                    CovP1       CovP2       CovP3    Variance            Res Log Like    -2 Res Log Like

                  0.04567     0.02827     0.01078     0.01078               -442.9105           885.8209


                                                    Iteration History
 
                               Iteration    Evaluations    -2 Res Log Like       Criterion

                                       1              1       885.82094844      0.00000000


                                               Convergence criteria met.                    


                                             Covariance Parameter Estimates
 
                                            Cov Parm     Subject    Estimate

                                            D_U1         indiv       0.04567
                                            D_U2         indiv       0.02827
                                            Residual                 0.01078


                                                     Fit Statistics

                                       Res Log Likelihood                  -442.9
                                       Akaike's Information Criterion      -445.9
                                       Schwarz's Bayesian Criterion        -449.0
                                       -2 Res Log Likelihood                885.8


                                            PARMS Model Likelihood Ratio Test
 
                                              DF    Chi-Square      Pr > ChiSq

                                               2          0.00          1.0000


                                               Solution for Fixed Effects
 
                                     Standard
          Effect         Estimate       Error      DF    t Value    Pr > |t|     Alpha       Lower       Upper

          D_BETA1        0.004654    0.000220      45      21.20      <.0001      0.05    0.004212    0.005096
          D_BETA2          0.9673     0.02702      45      35.80      <.0001      0.05      0.9128      1.0217
          D_BETA3          0.1472     0.07650      45       1.92      0.0607      0.05    -0.00689      0.3013


                                              Solution for Random Effects
 
                                        Std Err
        Effect    indiv    Estimate        Pred      DF    t Value    Pr > |t|     Alpha       Lower       Upper

        D_U1       1       -0.07297      0.1830      45      -0.40      0.6920      0.05     -0.4416      0.2956
        D_U2       1        0.01498     0.08382      45       0.18      0.8589      0.05     -0.1538      0.1838
        D_U1       2        -0.2980      0.1746      45      -1.71      0.0948      0.05     -0.6498     0.05372
                                     Pheno data. Example 1. Numerical  derivatives.    14:35 Friday, October 25, 2002   6

                                                   The Mixed Procedure

                                              Solution for Random Effects
 
                                        Std Err
        Effect    indiv    Estimate        Pred      DF    t Value    Pr > |t|     Alpha       Lower       Upper

        D_U2       2       -0.09840     0.07764      45      -1.27      0.2115      0.05     -0.2548     0.05798
        D_U1       3         0.1447      0.1674      45       0.86      0.3920      0.05     -0.1925      0.4819
        D_U2       3         0.1218     0.08057      45       1.51      0.1377      0.05    -0.04051      0.2840
        D_U1       4       -0.01418      0.1695      45      -0.08      0.9337      0.05     -0.3556      0.3272
        D_U2       4        0.02255     0.07842      45       0.29      0.7750      0.05     -0.1354      0.1805
        D_U1       5         0.1658      0.1690      45       0.98      0.3318      0.05     -0.1746      0.5061
        D_U2       5         0.2450     0.07856      45       3.12      0.0032      0.05     0.08678      0.4032
        D_U1       6       -0.01140      0.1658      45      -0.07      0.9455      0.05     -0.3453      0.3225
        D_U2       6         0.1213     0.07874      45       1.54      0.1304      0.05    -0.03729      0.2799
        D_U1       7        0.06355      0.1532      45       0.41      0.6802      0.05     -0.2449      0.3720
        D_U2       7        0.05864     0.08123      45       0.72      0.4741      0.05     -0.1050      0.2223
        D_U1       8       -0.01652      0.1670      45      -0.10      0.9216      0.05     -0.3529      0.3198
        D_U2       8        -0.2102     0.07938      45      -2.65      0.0111      0.05     -0.3701    -0.05032
        D_U1       9        -0.3174     0.08414      45      -3.77      0.0005      0.05     -0.4868     -0.1479
        D_U2       9       -0.08050     0.07360      45      -1.09      0.2799      0.05     -0.2287     0.06774
        D_U1      10        0.01397      0.1646      45       0.08      0.9327      0.05     -0.3175      0.3455
        D_U2      10        0.01561     0.07972      45       0.20      0.8457      0.05     -0.1449      0.1762
        D_U1      11         0.1284      0.2057      45       0.62      0.5357      0.05     -0.2859      0.5426
        D_U2      11         0.2777      0.1118      45       2.48      0.0168      0.05     0.05257      0.5029
        D_U1      12       -0.03037     0.08604      45      -0.35      0.7258      0.05     -0.2037      0.1429
        D_U2      12        0.08495     0.08174      45       1.04      0.3042      0.05    -0.07967      0.2496
        D_U1      13        -0.1385      0.1696      45      -0.82      0.4185      0.05     -0.4801      0.2031
        D_U2      13        -0.1554     0.09941      45      -1.56      0.1251      0.05     -0.3556     0.04485
        D_U1      14        0.09735     0.08730      45       1.12      0.2707      0.05    -0.07848      0.2732
        D_U2      14       -0.09614     0.07232      45      -1.33      0.1904      0.05     -0.2418     0.04952
        D_U1      15        0.02955      0.1774      45       0.17      0.8685      0.05     -0.3278      0.3869
        D_U2      15        0.06750     0.09412      45       0.72      0.4770      0.05     -0.1221      0.2571
        D_U1      16        -0.1435      0.1704      45      -0.84      0.4042      0.05     -0.4868      0.1998
        D_U2      16        0.04677     0.07936      45       0.59      0.5586      0.05     -0.1131      0.2066
        D_U1      17        -0.1087      0.1704      45      -0.64      0.5269      0.05     -0.4519      0.2345
        D_U2      17       -0.01186     0.09100      45      -0.13      0.8968      0.05     -0.1951      0.1714
        D_U1      18         0.3147     0.07293      45       4.32      <.0001      0.05      0.1678      0.4616
        D_U2      18        0.08467     0.07027      45       1.20      0.2346      0.05    -0.05687      0.2262
        D_U1      19        0.05288      0.1725      45       0.31      0.7606      0.05     -0.2946      0.4003
        D_U2      19       -0.01643     0.09128      45      -0.18      0.8580      0.05     -0.2003      0.1674
        D_U1      20       0.009464      0.1728      45       0.05      0.9566      0.05     -0.3386      0.3575
        D_U2      20       -0.08306     0.07790      45      -1.07      0.2920      0.05     -0.2400     0.07385
        D_U1      21       -0.07515      0.1016      45      -0.74      0.4635      0.05     -0.2799      0.1296
        D_U2      21       -0.05086     0.08349      45      -0.61      0.5455      0.05     -0.2190      0.1173
        D_U1      22       -0.00583      0.2040      45      -0.03      0.9773      0.05     -0.4167      0.4050
        D_U2      22       -0.05764     0.07886      45      -0.73      0.4687      0.05     -0.2165      0.1012
        D_U1      23         0.1086      0.1790      45       0.61      0.5472      0.05     -0.2520      0.4691
        D_U2      23        -0.2247     0.09114      45      -2.46      0.0176      0.05     -0.4082    -0.04109
        D_U1      24         0.1751      0.1487      45       1.18      0.2452      0.05     -0.1244      0.4746
        D_U2      24       0.005621     0.09126      45       0.06      0.9512      0.05     -0.1782      0.1894
        D_U1      25        0.07336      0.1639      45       0.45      0.6565      0.05     -0.2567      0.4034
        D_U2      25         0.2893     0.07980      45       3.63      0.0007      0.05      0.1286      0.4500
        D_U1      26       -0.05536      0.1912      45      -0.29      0.7735      0.05     -0.4404      0.3297
        D_U2      26        -0.1265     0.09614      45      -1.32      0.1948      0.05     -0.3202     0.06711
        D_U1      27       -0.05027      0.1908      45      -0.26      0.7934      0.05     -0.4346      0.3341
        D_U2      27        -0.3083     0.08193      45      -3.76      0.0005      0.05     -0.4734     -0.1433
        D_U1      28       0.001367      0.2137      45       0.01      0.9949      0.05     -0.4290      0.4318
        D_U2      28        0.08707     0.09120      45       0.95      0.3448      0.05    -0.09661      0.2707
        D_U1      29       0.005947      0.2078      45       0.03      0.9773      0.05     -0.4126      0.4245
        D_U2      29        0.01533      0.1082      45       0.14      0.8880      0.05     -0.2027      0.2333
        D_U1      30        0.05678      0.1128      45       0.50      0.6172      0.05     -0.1705      0.2840
        D_U2      30        0.08295     0.09214      45       0.90      0.3728      0.05     -0.1026      0.2685
        D_U1      31       -0.00084      0.2137      45      -0.00      0.9969      0.05     -0.4312      0.4296
        D_U2      31        -0.1070     0.09090      45      -1.18      0.2452      0.05     -0.2901     0.07606
        D_U1      32         0.1204      0.1901      45       0.63      0.5295      0.05     -0.2624      0.5032
        D_U2      32         0.2893     0.07135      45       4.05      0.0002      0.05      0.1456      0.4330
        D_U1      33       -0.06310      0.1982      45      -0.32      0.7516      0.05     -0.4622      0.3360
        D_U2      33       -0.06541     0.08068      45      -0.81      0.4218      0.05     -0.2279     0.09708
        D_U1      34       -0.05158      0.1954      45      -0.26      0.7930      0.05     -0.4451      0.3420
        D_U2      34        -0.1953     0.09131      45      -2.14      0.0379      0.05     -0.3792    -0.01141
        D_U1      35        -0.2542      0.1884      45      -1.35      0.1840      0.05     -0.6337      0.1253
        D_U2      35        -0.2161     0.08912      45      -2.42      0.0194      0.05     -0.3956    -0.03660
        D_U1      36         0.1260     0.08692      45       1.45      0.1542      0.05    -0.04910      0.3010
        D_U2      36       -0.04146     0.08085      45      -0.51      0.6106      0.05     -0.2043      0.1214
        D_U1      37       -0.01410      0.1661      45      -0.08      0.9328      0.05     -0.3487      0.3205
        D_U2      37        0.03070     0.08686      45       0.35      0.7254      0.05     -0.1442      0.2056
        D_U1      38         0.1514     0.08528      45       1.78      0.0826      0.05    -0.02035      0.3232
        D_U2      38        0.09232     0.07821      45       1.18      0.2440      0.05    -0.06520      0.2498
        D_U1      39        0.08918     0.09587      45       0.93      0.3572      0.05     -0.1039      0.2823
        D_U2      39       -0.01067     0.08168      45      -0.13      0.8967      0.05     -0.1752      0.1538
        D_U1      40       0.000750      0.2137      45       0.00      0.9972      0.05     -0.4296      0.4311
        D_U2      40        0.08838     0.08484      45       1.04      0.3031      0.05    -0.08251      0.2593
        D_U1      41        0.03406      0.2004      45       0.17      0.8658      0.05     -0.3696      0.4377
        D_U2      41         0.1142     0.07055      45       1.62      0.1124      0.05    -0.02786      0.2563
        D_U1      42         0.2296      0.1898      45       1.21      0.2328      0.05     -0.1527      0.6119
        D_U2      42         0.3284     0.08491      45       3.87      0.0004      0.05      0.1573      0.4994
        D_U1      43       -0.00246      0.2137      45      -0.01      0.9909      0.05     -0.4329      0.4279
        D_U2      43        -0.1800     0.09916      45      -1.81      0.0762      0.05     -0.3797     0.01977
        D_U1      44        0.04322     0.08855      45       0.49      0.6278      0.05     -0.1351      0.2216
        D_U2      44        0.07001     0.08267      45       0.85      0.4015      0.05    -0.09648      0.2365
        D_U1      45        0.02122      0.1881      45       0.11      0.9106      0.05     -0.3575      0.4000
        D_U2      45        0.04814     0.08706      45       0.55      0.5831      0.05     -0.1272      0.2235
        D_U1      46       0.000196      0.2137      45       0.00      0.9993      0.05     -0.4302      0.4306
        D_U2      46        0.01431     0.09112      45       0.16      0.8759      0.05     -0.1692      0.1978
        D_U1      47       -0.01491      0.2111      45      -0.07      0.9440      0.05     -0.4402      0.4103
        D_U2      47       -0.06055      0.1014      45      -0.60      0.5533      0.05     -0.2647      0.1436
                                     Pheno data. Example 1. Numerical  derivatives.    14:35 Friday, October 25, 2002   7

                                                   The Mixed Procedure

                                              Solution for Random Effects
 
                                        Std Err
        Effect    indiv    Estimate        Pred      DF    t Value    Pr > |t|     Alpha       Lower       Upper

        D_U1      48        -0.4037      0.1370      45      -2.95      0.0051      0.05     -0.6795     -0.1278
        D_U2      48         0.1441     0.07557      45       1.91      0.0629      0.05    -0.00806      0.2963
        D_U1      49        0.01775      0.1681      45       0.11      0.9164      0.05     -0.3209      0.3564
        D_U2      49        0.09774     0.07903      45       1.24      0.2226      0.05    -0.06144      0.2569
        D_U1      50       -0.05918      0.1688      45      -0.35      0.7276      0.05     -0.3992      0.2808
        D_U2      50        -0.2093     0.07256      45      -2.88      0.0060      0.05     -0.3554    -0.06313
        D_U1      51       -0.00385      0.1670      45      -0.02      0.9817      0.05     -0.3401      0.3324
        D_U2      51         0.2342     0.07902      45       2.96      0.0048      0.05     0.07502      0.3933
        D_U1      52         0.2093      0.1567      45       1.34      0.1883      0.05     -0.1062      0.5248
        D_U2      52        -0.2212     0.08190      45      -2.70      0.0097      0.05     -0.3862    -0.05626
        D_U1      53       -0.09674      0.2070      45      -0.47      0.6426      0.05     -0.5138      0.3203
        D_U2      53       -0.05019     0.07757      45      -0.65      0.5209      0.05     -0.2064      0.1060
        D_U1      54        -0.1796      0.1781      45      -1.01      0.3188      0.05     -0.5383      0.1792
        D_U2      54        -0.2644     0.07100      45      -3.72      0.0005      0.05     -0.4074     -0.1213
        D_U1      55        0.08769      0.2059      45       0.43      0.6723      0.05     -0.3271      0.5025
        D_U2      55         0.1865      0.1163      45       1.60      0.1156      0.05    -0.04761      0.4207
        D_U1      56       -0.00022      0.2129      45      -0.00      0.9992      0.05     -0.4291      0.4287
        D_U2      56       -0.00162      0.1031      45      -0.02      0.9875      0.05     -0.2094      0.2061
        D_U1      57        0.02541      0.1811      45       0.14      0.8890      0.05     -0.3393      0.3901
        D_U2      57       -0.01591     0.08397      45      -0.19      0.8506      0.05     -0.1850      0.1532
        D_U1      58       0.003131      0.1728      45       0.02      0.9856      0.05     -0.3450      0.3512
        D_U2      58        -0.1292     0.07898      45      -1.64      0.1090      0.05     -0.2882     0.02992
        D_U1      59        -0.1182      0.1682      45      -0.70      0.4860      0.05     -0.4570      0.2207
        D_U2      59       -0.09191     0.07916      45      -1.16      0.2517      0.05     -0.2514     0.06753
