                                      Pheno data. Example 1. Numerical  derivatives.   14:27 Friday, October 25, 2002   1

                                                   The Mixed Procedure

                                                   Model Information

                                 Data Set                     WORK._NLINMIX            
                                 Dependent Variable           PSEUDO_CONC              
                                 Weight Variable              _WEIGHT_                 
                                 Covariance Structure         Variance Components      
                                 Subject Effect               indiv                    
                                 Estimation Method            REML                     
                                 Residual Variance Method     Profile                  
                                 Fixed Effects SE Method      Model-Based              
                                 Degrees of Freedom Method    Containment              


                                                 Class Level Information
 
                                    Class    Levels    Values

                                    indiv        59    1 2 3 4 5 6 7 8 9 10 11 12 13 
                                                       14 15 16 17 18 19 20 21 22 23 
                                                       24 25 26 27 28 29 30 31 32 33 
                                                       34 35 36 37 38 39 40 41 42 43 
                                                       44 45 46 47 48 49 50 51 52 53 
                                                       54 55 56 57 58 59             


                                                       Dimensions

                                           Covariance Parameters             3
                                           Columns in X                      3
                                           Columns in Z Per Subject          2
                                           Subjects                         59
                                           Max Obs Per Subject              20
                                           Observations Used               155
                                           Observations Not Used           589
                                           Total Observations              744


                                                     Parameter Search
 
                    CovP1       CovP2       CovP3    Variance            Res Log Like    -2 Res Log Like

                  0.04567     0.02827     0.01078     0.01078               -442.9105           885.8209


                                                    Iteration History
 
                               Iteration    Evaluations    -2 Res Log Like       Criterion

                                       1              1       885.82094844      0.00000000


                                               Convergence criteria met.                    


                                             Covariance Parameter Estimates
 
                                            Cov Parm     Subject    Estimate

                                            D_U1         indiv       0.04567
                                            D_U2         indiv       0.02827
                                            Residual                 0.01078


                                                     Fit Statistics

                                       Res Log Likelihood                  -442.9
                                       Akaike's Information Criterion      -445.9
                                       Schwarz's Bayesian Criterion        -449.0
                                       -2 Res Log Likelihood                885.8


                                            PARMS Model Likelihood Ratio Test
 
                                              DF    Chi-Square      Pr > ChiSq

                                               2          0.00          1.0000


                                               Solution for Fixed Effects
 
                                     Standard
          Effect         Estimate       Error      DF    t Value    Pr > |t|     Alpha       Lower       Upper

          D_BETA1        0.004654    0.000220      45      21.20      <.0001      0.05    0.004212    0.005096
          D_BETA2          0.9673     0.02702      45      35.80      <.0001      0.05      0.9128      1.0217
          D_BETA3          0.1472     0.07650      45       1.92      0.0607      0.05    -0.00689      0.3013


                                              Solution for Random Effects
 
                                        Std Err
        Effect    indiv    Estimate        Pred      DF    t Value    Pr > |t|     Alpha       Lower       Upper

        D_U1       1       -0.07297      0.1830      45      -0.40      0.6920      0.05     -0.4416      0.2956
        D_U2       1        0.01498     0.08382      45       0.18      0.8589      0.05     -0.1538      0.1838
        D_U1       2        -0.2980      0.1746      45      -1.71      0.0948      0.05     -0.6498     0.05372
                                      Pheno data. Example 1. Numerical  derivatives.   14:27 Friday, October 25, 2002   2

                                                   The Mixed Procedure

                                              Solution for Random Effects
 
                                        Std Err
        Effect    indiv    Estimate        Pred      DF    t Value    Pr > |t|     Alpha       Lower       Upper

        D_U2       2       -0.09840     0.07764      45      -1.27      0.2115      0.05     -0.2548     0.05798
        D_U1       3         0.1447      0.1674      45       0.86      0.3920      0.05     -0.1925      0.4819
        D_U2       3         0.1218     0.08057      45       1.51      0.1377      0.05    -0.04051      0.2840
        D_U1       4       -0.01418      0.1695      45      -0.08      0.9337      0.05     -0.3556      0.3272
        D_U2       4        0.02255     0.07842      45       0.29      0.7750      0.05     -0.1354      0.1805
        D_U1       5         0.1658      0.1690      45       0.98      0.3318      0.05     -0.1746      0.5061
        D_U2       5         0.2450     0.07856      45       3.12      0.0032      0.05     0.08678      0.4032
        D_U1       6       -0.01140      0.1658      45      -0.07      0.9455      0.05     -0.3453      0.3225
        D_U2       6         0.1213     0.07874      45       1.54      0.1304      0.05    -0.03729      0.2799
        D_U1       7        0.06355      0.1532      45       0.41      0.6802      0.05     -0.2449      0.3720
        D_U2       7        0.05864     0.08123      45       0.72      0.4741      0.05     -0.1050      0.2223
        D_U1       8       -0.01652      0.1670      45      -0.10      0.9216      0.05     -0.3529      0.3198
        D_U2       8        -0.2102     0.07938      45      -2.65      0.0111      0.05     -0.3701    -0.05032
        D_U1       9        -0.3174     0.08414      45      -3.77      0.0005      0.05     -0.4868     -0.1479
        D_U2       9       -0.08050     0.07360      45      -1.09      0.2799      0.05     -0.2287     0.06774
        D_U1      10        0.01397      0.1646      45       0.08      0.9327      0.05     -0.3175      0.3455
        D_U2      10        0.01561     0.07972      45       0.20      0.8457      0.05     -0.1449      0.1762
        D_U1      11         0.1284      0.2057      45       0.62      0.5357      0.05     -0.2859      0.5426
        D_U2      11         0.2777      0.1118      45       2.48      0.0168      0.05     0.05257      0.5029
        D_U1      12       -0.03037     0.08604      45      -0.35      0.7258      0.05     -0.2037      0.1429
        D_U2      12        0.08495     0.08174      45       1.04      0.3042      0.05    -0.07967      0.2496
        D_U1      13        -0.1385      0.1696      45      -0.82      0.4185      0.05     -0.4801      0.2031
        D_U2      13        -0.1554     0.09941      45      -1.56      0.1251      0.05     -0.3556     0.04485
        D_U1      14        0.09735     0.08730      45       1.12      0.2707      0.05    -0.07848      0.2732
        D_U2      14       -0.09614     0.07232      45      -1.33      0.1904      0.05     -0.2418     0.04952
        D_U1      15        0.02955      0.1774      45       0.17      0.8685      0.05     -0.3278      0.3869
        D_U2      15        0.06750     0.09412      45       0.72      0.4770      0.05     -0.1221      0.2571
        D_U1      16        -0.1435      0.1704      45      -0.84      0.4042      0.05     -0.4868      0.1998
        D_U2      16        0.04677     0.07936      45       0.59      0.5586      0.05     -0.1131      0.2066
        D_U1      17        -0.1087      0.1704      45      -0.64      0.5269      0.05     -0.4519      0.2345
        D_U2      17       -0.01186     0.09100      45      -0.13      0.8968      0.05     -0.1951      0.1714
        D_U1      18         0.3147     0.07293      45       4.32      <.0001      0.05      0.1678      0.4616
        D_U2      18        0.08467     0.07027      45       1.20      0.2346      0.05    -0.05687      0.2262
        D_U1      19        0.05288      0.1725      45       0.31      0.7606      0.05     -0.2946      0.4003
        D_U2      19       -0.01643     0.09128      45      -0.18      0.8580      0.05     -0.2003      0.1674
        D_U1      20       0.009464      0.1728      45       0.05      0.9566      0.05     -0.3386      0.3575
        D_U2      20       -0.08306     0.07790      45      -1.07      0.2920      0.05     -0.2400     0.07385
        D_U1      21       -0.07515      0.1016      45      -0.74      0.4635      0.05     -0.2799      0.1296
        D_U2      21       -0.05086     0.08349      45      -0.61      0.5455      0.05     -0.2190      0.1173
        D_U1      22       -0.00583      0.2040      45      -0.03      0.9773      0.05     -0.4167      0.4050
        D_U2      22       -0.05764     0.07886      45      -0.73      0.4687      0.05     -0.2165      0.1012
        D_U1      23         0.1086      0.1790      45       0.61      0.5472      0.05     -0.2520      0.4691
        D_U2      23        -0.2247     0.09114      45      -2.46      0.0176      0.05     -0.4082    -0.04109
        D_U1      24         0.1751      0.1487      45       1.18      0.2452      0.05     -0.1244      0.4746
        D_U2      24       0.005621     0.09126      45       0.06      0.9512      0.05     -0.1782      0.1894
        D_U1      25        0.07336      0.1639      45       0.45      0.6565      0.05     -0.2567      0.4034
        D_U2      25         0.2893     0.07980      45       3.63      0.0007      0.05      0.1286      0.4500
        D_U1      26       -0.05536      0.1912      45      -0.29      0.7735      0.05     -0.4404      0.3297
        D_U2      26        -0.1265     0.09614      45      -1.32      0.1948      0.05     -0.3202     0.06711
        D_U1      27       -0.05027      0.1908      45      -0.26      0.7934      0.05     -0.4346      0.3341
        D_U2      27        -0.3083     0.08193      45      -3.76      0.0005      0.05     -0.4734     -0.1433
        D_U1      28       0.001367      0.2137      45       0.01      0.9949      0.05     -0.4290      0.4318
        D_U2      28        0.08707     0.09120      45       0.95      0.3448      0.05    -0.09661      0.2707
        D_U1      29       0.005947      0.2078      45       0.03      0.9773      0.05     -0.4126      0.4245
        D_U2      29        0.01533      0.1082      45       0.14      0.8880      0.05     -0.2027      0.2333
        D_U1      30        0.05678      0.1128      45       0.50      0.6172      0.05     -0.1705      0.2840
        D_U2      30        0.08295     0.09214      45       0.90      0.3728      0.05     -0.1026      0.2685
        D_U1      31       -0.00084      0.2137      45      -0.00      0.9969      0.05     -0.4312      0.4296
        D_U2      31        -0.1070     0.09090      45      -1.18      0.2452      0.05     -0.2901     0.07606
        D_U1      32         0.1204      0.1901      45       0.63      0.5295      0.05     -0.2624      0.5032
        D_U2      32         0.2893     0.07135      45       4.05      0.0002      0.05      0.1456      0.4330
        D_U1      33       -0.06310      0.1982      45      -0.32      0.7516      0.05     -0.4622      0.3360
        D_U2      33       -0.06541     0.08068      45      -0.81      0.4218      0.05     -0.2279     0.09708
        D_U1      34       -0.05158      0.1954      45      -0.26      0.7930      0.05     -0.4451      0.3420
        D_U2      34        -0.1953     0.09131      45      -2.14      0.0379      0.05     -0.3792    -0.01141
        D_U1      35        -0.2542      0.1884      45      -1.35      0.1840      0.05     -0.6337      0.1253
        D_U2      35        -0.2161     0.08912      45      -2.42      0.0194      0.05     -0.3956    -0.03660
        D_U1      36         0.1260     0.08692      45       1.45      0.1542      0.05    -0.04910      0.3010
        D_U2      36       -0.04146     0.08085      45      -0.51      0.6106      0.05     -0.2043      0.1214
        D_U1      37       -0.01410      0.1661      45      -0.08      0.9328      0.05     -0.3487      0.3205
        D_U2      37        0.03070     0.08686      45       0.35      0.7254      0.05     -0.1442      0.2056
        D_U1      38         0.1514     0.08528      45       1.78      0.0826      0.05    -0.02035      0.3232
        D_U2      38        0.09232     0.07821      45       1.18      0.2440      0.05    -0.06520      0.2498
        D_U1      39        0.08918     0.09587      45       0.93      0.3572      0.05     -0.1039      0.2823
        D_U2      39       -0.01067     0.08168      45      -0.13      0.8967      0.05     -0.1752      0.1538
        D_U1      40       0.000750      0.2137      45       0.00      0.9972      0.05     -0.4296      0.4311
        D_U2      40        0.08838     0.08484      45       1.04      0.3031      0.05    -0.08251      0.2593
        D_U1      41        0.03406      0.2004      45       0.17      0.8658      0.05     -0.3696      0.4377
        D_U2      41         0.1142     0.07055      45       1.62      0.1124      0.05    -0.02786      0.2563
        D_U1      42         0.2296      0.1898      45       1.21      0.2328      0.05     -0.1527      0.6119
        D_U2      42         0.3284     0.08491      45       3.87      0.0004      0.05      0.1573      0.4994
        D_U1      43       -0.00246      0.2137      45      -0.01      0.9909      0.05     -0.4329      0.4279
        D_U2      43        -0.1800     0.09916      45      -1.81      0.0762      0.05     -0.3797     0.01977
        D_U1      44        0.04322     0.08855      45       0.49      0.6278      0.05     -0.1351      0.2216
        D_U2      44        0.07001     0.08267      45       0.85      0.4015      0.05    -0.09648      0.2365
        D_U1      45        0.02122      0.1881      45       0.11      0.9106      0.05     -0.3575      0.4000
        D_U2      45        0.04814     0.08706      45       0.55      0.5831      0.05     -0.1272      0.2235
        D_U1      46       0.000196      0.2137      45       0.00      0.9993      0.05     -0.4302      0.4306
        D_U2      46        0.01431     0.09112      45       0.16      0.8759      0.05     -0.1692      0.1978
        D_U1      47       -0.01491      0.2111      45      -0.07      0.9440      0.05     -0.4402      0.4103
        D_U2      47       -0.06055      0.1014      45      -0.60      0.5533      0.05     -0.2647      0.1436
                                      Pheno data. Example 1. Numerical  derivatives.   14:27 Friday, October 25, 2002   3

                                                   The Mixed Procedure

                                              Solution for Random Effects
 
                                        Std Err
        Effect    indiv    Estimate        Pred      DF    t Value    Pr > |t|     Alpha       Lower       Upper

        D_U1      48        -0.4037      0.1370      45      -2.95      0.0051      0.05     -0.6795     -0.1278
        D_U2      48         0.1441     0.07557      45       1.91      0.0629      0.05    -0.00806      0.2963
        D_U1      49        0.01775      0.1681      45       0.11      0.9164      0.05     -0.3209      0.3564
        D_U2      49        0.09774     0.07903      45       1.24      0.2226      0.05    -0.06144      0.2569
        D_U1      50       -0.05918      0.1688      45      -0.35      0.7276      0.05     -0.3992      0.2808
        D_U2      50        -0.2093     0.07256      45      -2.88      0.0060      0.05     -0.3554    -0.06313
        D_U1      51       -0.00385      0.1670      45      -0.02      0.9817      0.05     -0.3401      0.3324
        D_U2      51         0.2342     0.07902      45       2.96      0.0048      0.05     0.07502      0.3933
        D_U1      52         0.2093      0.1567      45       1.34      0.1883      0.05     -0.1062      0.5248
        D_U2      52        -0.2212     0.08190      45      -2.70      0.0097      0.05     -0.3862    -0.05626
        D_U1      53       -0.09674      0.2070      45      -0.47      0.6426      0.05     -0.5138      0.3203
        D_U2      53       -0.05019     0.07757      45      -0.65      0.5209      0.05     -0.2064      0.1060
        D_U1      54        -0.1796      0.1781      45      -1.01      0.3188      0.05     -0.5383      0.1792
        D_U2      54        -0.2644     0.07100      45      -3.72      0.0005      0.05     -0.4074     -0.1213
        D_U1      55        0.08769      0.2059      45       0.43      0.6723      0.05     -0.3271      0.5025
        D_U2      55         0.1865      0.1163      45       1.60      0.1156      0.05    -0.04761      0.4207
        D_U1      56       -0.00022      0.2129      45      -0.00      0.9992      0.05     -0.4291      0.4287
        D_U2      56       -0.00162      0.1031      45      -0.02      0.9875      0.05     -0.2094      0.2061
        D_U1      57        0.02541      0.1811      45       0.14      0.8890      0.05     -0.3393      0.3901
        D_U2      57       -0.01591     0.08397      45      -0.19      0.8506      0.05     -0.1850      0.1532
        D_U1      58       0.003131      0.1728      45       0.02      0.9856      0.05     -0.3450      0.3512
        D_U2      58        -0.1292     0.07898      45      -1.64      0.1090      0.05     -0.2882     0.02992
        D_U1      59        -0.1182      0.1682      45      -0.70      0.4860      0.05     -0.4570      0.2207
        D_U2      59       -0.09191     0.07916      45      -1.16      0.2517      0.05     -0.2514     0.06753
