                                      Pheno data. Example 1. Numerical  derivatives.

                                                   The MEANS Procedure

                                              Analysis Variable : _PSEUDOY 
 
                                                               USS
                                                      ------------
                                                          12566.24
                                                      ------------
                                      Pheno data. Example 1. Numerical  derivatives.

 
Obs  indiv    time   dose   weight   conc   newsub   apgarlow    tlag   beta1   beta2   beta3   u1   u2   _one    PREDV

  1    1       0.0   25.0     1.4      .       1         0        0.0    0.01     1      0.1     0    0     1    17.8571
  2    1       2.0    0.0     1.4    17.3      0         0        0.0    0.01     1      0.1     0    0     1    17.5047
  3    1      12.5    3.5     1.4      .       0         0        2.0    0.01     1      0.1     0    0     1    15.7622
  4    1      24.5    3.5     1.4      .       0         0       12.5    0.01     1      0.1     0    0     1    16.1994
  5    1      37.0    3.5     1.4      .       0         0       24.5    0.01     1      0.1     0    0     1    16.5045
  6    1      48.0    3.5     1.4      .       0         0       37.0    0.01     1      0.1     0    0     1    17.0273
  7    1      60.5    3.5     1.4      .       0         0       48.0    0.01     1      0.1     0    0     1    17.2353
  8    1      72.5    3.5     1.4      .       0         0       60.5    0.01     1      0.1     0    0     1    17.5061
  9    1      85.3    3.5     1.4      .       0         0       72.5    0.01     1      0.1     0    0     1    17.6050
 10    1      96.5    3.5     1.4      .       0         0       85.3    0.01     1      0.1     0    0     1    17.9773
 11    1     108.5    3.5     1.4      .       0         0       96.5    0.01     1      0.1     0    0     1    18.1643
 12    1     112.5    0.0     1.4    31.0      0         0      108.5    0.01     1      0.1     0    0     1    19.8565
 13    2       0.0   15.0     1.5      .       1         0        0.0    0.01     1      0.1     0    0     1    10.0000
 14    2       2.0    0.0     1.5     9.7      0         0        0.0    0.01     1      0.1     0    0     1     9.8026
 15    2       4.0    3.8     1.5      .       0         0        2.0    0.01     1      0.1     0    0     1     9.6092
 16    2      16.0    3.8     1.5      .       0         0        4.0    0.01     1      0.1     0    0     1    10.7710
 17    2      27.8    3.8     1.5      .       0         0       16.0    0.01     1      0.1     0    0     1    11.8252
 18    2      40.0    3.8     1.5      .       0         0       27.8    0.01     1      0.1     0    0     1    12.7112
 19    2      52.0    3.8     1.5      .       0         0       40.0    0.01     1      0.1     0    0     1    13.5226
 20    2      63.5    0.0     1.5    24.6      0         0       52.0    0.01     1      0.1     0    0     1    14.3138
 21    2      64.0    3.8     1.5      .       0         0       63.5    0.01     1      0.1     0    0     1    14.2425
 22    2      76.0    3.8     1.5      .       0         0       64.0    0.01     1      0.1     0    0     1    14.8809
 23    2      88.0    3.8     1.5      .       0         0       76.0    0.01     1      0.1     0    0     1    15.4473
 24    2     100.0    3.8     1.5      .       0         0       88.0    0.01     1      0.1     0    0     1    15.9496
 25    2     112.0    3.8     1.5      .       0         0      100.0    0.01     1      0.1     0    0     1    16.3953
 26    2     124.0    3.8     1.5      .       0         0      112.0    0.01     1      0.1     0    0     1    16.7906
 27    2     135.5    0.0     1.5    33.0      0         0      124.0    0.01     1      0.1     0    0     1    17.2271
 28    3       0.0   30.0     1.5      .       1         0        0.0    0.01     1      0.1     0    0     1    20.0000
 29    3       1.5    0.0     1.5    18.0      0         0        0.0    0.01     1      0.1     0    0     1    19.7030
 30    3      11.5    3.7     1.5      .       0         0        1.5    0.01     1      0.1     0    0     1    17.8305

                 PSEUDO_
Obs  _PSEUDOY     CONC      D_BETA1    D_BETA2   D_BETA3       D_U1     D_U2     _WEIGHT_   _switch   _ni   _iter

  1     .          .           0.00   -17.8571      0        0.0000   -17.8571   0.003136      0       -9     -9 
  2   -0.2047   -17.7094     -34.78   -17.1569      0       -0.3478   -17.1569   0.003264      0       -9     -9 
  3     .          .        -196.83   -13.7895      0       -1.9423   -13.8003   0.004025      0       -9     -9 
  4     .          .        -368.99   -12.5011      0       -3.6627   -12.4998   0.003811      0       -9     -9 
  5     .          .        -532.00   -11.1726      0       -5.2700   -11.2042   0.003671      0       -9     -9 
  6     .          .        -663.94   -10.3834      0       -6.5908   -10.3900   0.003449      0       -9     -9 
  7     .          .        -801.48    -9.2230      0       -7.9678    -9.2507   0.003366      0       -9     -9 
  8     .          .        -921.02    -8.3042      0       -9.1648    -8.3288   0.003263      0       -9     -9 
  9     .          .       -1035.85    -7.2491      0      -10.3366    -7.2818   0.003226      0       -9     -9 
 10     .          .       -1127.58    -6.6991      0      -11.2526    -6.7392   0.003094      0       -9     -9 
 11     .          .       -1218.21    -5.9864      0      -12.1578    -6.0219   0.003031      0       -9     -9 
 12   11.1435    -8.7235   -1250.06    -7.3663      0      -12.4963    -7.3776   0.002536      0       -9     -9 
 13     .          .           0.00   -10.0000      0        0.0000   -10.0000   0.010000      0       -9     -9 
 14   -0.1026    -9.9053     -19.48    -9.6079      0       -0.1948    -9.6079   0.010407      0       -9     -9 
 15     .          .         -38.18    -9.2273      0       -0.3818    -9.2273   0.010830      0       -9     -9 
 16     .          .        -163.13    -9.1387      0       -1.6284    -9.1332   0.008620      0       -9     -9 
 17     .          .        -284.54    -8.9781      0       -2.8506    -8.9679   0.007151      0       -9     -9 
 18     .          .        -406.98    -8.6449      0       -4.0713    -8.6358   0.006189      0       -9     -9 
 19     .          .        -523.28    -8.2924      0       -5.2419    -8.2789   0.005469      0       -9     -9 
 20   10.2862    -4.0351    -631.11    -8.0102      0       -6.3377    -8.0199   0.004881      0       -9     -9 
 21     .          .        -635.08    -7.8992      0       -6.3772    -7.9088   0.004930      0       -9     -9 
 22     .          .        -741.94    -7.4628      0       -7.4611    -7.4387   0.004516      0       -9     -9 
 23     .          .        -843.52    -7.0188      0       -8.4688    -6.9974   0.004191      0       -9     -9 
 24     .          .        -939.63    -6.5647      0       -9.4229    -6.5239   0.003931      0       -9     -9 
 25     .          .       -1030.24    -6.0976      0      -10.3445    -6.0723   0.003720      0       -9     -9 
 26     .          .       -1115.38    -5.6467      0      -11.1877    -5.6243   0.003547      0       -9     -9 
 27   15.7729    -1.4579   -1192.46    -5.3061      0      -11.9299    -5.2970   0.003370      0       -9     -9 
 28     .          .           0.00   -20.0000      0        0.0000   -20.0000   0.002500      0       -9     -9 
 29   -1.7030   -21.4059     -29.41   -19.4089      0       -0.2941   -19.4089   0.002576      0       -9     -9 
 30     .          .        -204.06   -15.7878      0       -2.0443   -15.7730   0.003145      0       -9     -9 
                                      Pheno data. Example 1. Numerical  derivatives.   14:30 Friday, October 25, 2002   3

                                                   The MEANS Procedure

                                              Analysis Variable : _PSEUDOY 
 
                                                               USS
                                                      ------------
                                                           3906.11
                                                      ------------
                                      Pheno data. Example 1. Numerical  derivatives.   14:30 Friday, October 25, 2002   4

                                                                                                     PSEUDO_
   Obs  indiv   time  dose  weight  conc  newsub  apgarlow   tlag  u1  u2  _one   PREDV   _PSEUDOY    CONC     D_BETA1

     1    1      0.0  25.0    1.4     .      1        0       0.0   0   0    1   18.4610    .          .          0.00
     2    1      2.0   0.0    1.4   17.3     0        0       0.0   0   0    1   18.2843  -0.98433  -19.2687    -37.68
     3    1     12.5   3.5    1.4     .      0        0       2.0   0   0    1   17.3838    .          .       -224.19
     4    1     24.5   3.5    1.4     .      0        0      12.5   0   0    1   18.8483    .          .       -445.05
     5    1     37.0   3.5    1.4     .      0        0      24.5   0   0    1   20.1820    .          .       -679.46
     6    1     48.0   3.5    1.4     .      0        0      37.0   0   0    1   21.5932    .          .       -889.58
     7    1     60.5   3.5    1.4     .      0        0      48.0   0   0    1   22.7667    .          .      -1131.39
     8    1     72.5   3.5    1.4     .      0        0      60.5   0   0    1   23.9293    .          .      -1364.30
     9    1     85.3   3.5    1.4     .      0        0      72.5   0   0    1   24.9305    .          .      -1612.20
    10    1     96.5   3.5    1.4     .      0        0      85.3   0   0    1   26.0718    .          .      -1829.00
    11    1    108.5   3.5    1.4     .      0        0      96.5   0   0    1   27.0490    .          .      -2061.42
    12    1    112.5   0.0    1.4   31.0     0        0     108.5   0   0    1   29.0695   1.93046  -27.1391  -2141.86
    13    2      0.0  15.0    1.5     .      1        0       0.0   0   0    1   10.3381    .          .          0.00
    14    2      2.0   0.0    1.5    9.7     0        0       0.0   0   0    1   10.2392  -0.53923  -10.7785    -21.10
    15    2      4.0   3.8    1.5     .      0        0       2.0   0   0    1   10.1413    .          .        -41.80
    16    2     16.0   3.8    1.5     .      0        0       4.0   0   0    1   12.0445    .          .       -188.63
    17    2     27.8   3.8    1.5     .      0        0      16.0   0   0    1   13.8544    .          .       -346.95
    18    2     40.0   3.8    1.5     .      0        0      27.8   0   0    1   15.5344    .          .       -522.78
    19    2     52.0   3.8    1.5     .      0        0      40.0   0   0    1   17.1351    .          .       -705.67
    20    2     63.5   0.0    1.5   24.6     0        0      52.0   0   0    1   18.6910   5.90897  -12.7821   -889.53
    21    2     64.0   3.8    1.5     .      0        0      63.5   0   0    1   18.6461    .          .       -897.03
    22    2     76.0   3.8    1.5     .      0        0      64.0   0   0    1   20.0723    .          .      -1095.31
    23    2     88.0   3.8    1.5     .      0        0      76.0   0   0    1   21.4185    .          .      -1299.14
    24    2    100.0   3.8    1.5     .      0        0      88.0   0   0    1   22.6892    .          .      -1507.28
    25    2    112.0   3.8    1.5     .      0        0     100.0   0   0    1   23.8887    .          .      -1718.60
    26    2    124.0   3.8    1.5     .      0        0     112.0   0   0    1   25.0208    .          .      -1932.09
    27    2    135.5   0.0    1.5   33.0     0        0     124.0   0   0    1   26.1523   6.84767  -19.3047  -2138.50
    28    3      0.0  30.0    1.5     .      1        0       0.0   0   0    1   20.6763    .          .          0.00
    29    3      1.5   0.0    1.5   18.0     0        0       0.0   0   0    1   20.5277  -2.52767  -23.0553    -31.76
    30    3     11.5   3.7    1.5     .      0        0       1.5   0   0    1   19.5637    .          .       -232.14

 
   Obs   D_BETA2   D_BETA3     D_U1       D_U2       _WEIGHT_        beta1    beta2     beta3    _switch   _ni   _iter

     1  -19.0852      0       0.00000   -18.4610   .002934211   .004657087   0.96729   0.14718      0      5.1    5.1 
     2  -18.7212      0      -0.17550   -18.1088   .002991174   .004657087   0.96729   0.14718      0      5.1    5.1 
     3  -16.8922      0      -1.04408   -16.3397   .003309112   .004657087   0.96729   0.14718      0      5.1    5.1 
     4  -17.3429      0      -2.07266   -16.7756   .002814860   .004657087   0.96729   0.14718      0      5.1    5.1 
     5  -17.5931      0      -3.16433   -17.0177   .002455113   .004657087   0.96729   0.14718      0      5.1    5.1 
     6  -18.0404      0      -4.14284   -17.4504   .002144697   .004657087   0.96729   0.14718      0      5.1    5.1 
     7  -18.0894      0      -5.26900   -17.4977   .001929294   .004657087   0.96729   0.14718      0      5.1    5.1 
     8  -18.1699      0      -6.35366   -17.5756   .001746386   .004657087   0.96729   0.14718      0      5.1    5.1 
     9  -18.0114      0      -7.50817   -17.4223   .001608938   .004657087   0.96729   0.14718      0      5.1    5.1 
    10  -18.1476      0      -8.51783   -17.5540   .001471151   .004657087   0.96729   0.14718      0      5.1    5.1 
    11  -18.0388      0      -9.60020   -17.4488   .001366777   .004657087   0.96729   0.14718      0      5.1    5.1 
    12  -19.7404      0      -9.97483   -19.0947   .001183378   .004657087   0.96729   0.14718      0      5.1    5.1 
    13  -10.6877      0       0.00000   -10.3381   .009356541   .004657087   0.96729   0.14718      0      5.1    5.1 
    14  -10.4839      0      -0.09828   -10.1409   .009538184   .004657087   0.96729   0.14718      0      5.1    5.1 
    15  -10.2829      0      -0.19468    -9.9466   .009723353   .004657087   0.96729   0.14718      0      5.1    5.1 
    16  -11.5436      0      -0.87847   -11.1661   .006893200   .004657087   0.96729   0.14718      0      5.1    5.1 
    17  -12.6524      0      -1.61576   -12.2386   .005209878   .004657087   0.96729   0.14718      0      5.1    5.1 
    18  -13.5427      0      -2.43461   -13.0998   .004143920   .004657087   0.96729   0.14718      0      5.1    5.1 
    19  -14.3170      0      -3.28638   -13.8488   .003405840   .004657087   0.96729   0.14718      0      5.1    5.1 
    20  -15.0403      0      -4.14263   -14.5484   .002862421   .004657087   0.96729   0.14718      0      5.1    5.1 
    21  -14.9578      0      -4.17753   -14.4686   .002876230   .004657087   0.96729   0.14718      0      5.1    5.1 
    22  -15.4776      0      -5.10095   -14.9714   .002482017   .004657087   0.96729   0.14718      0      5.1    5.1 
    23  -15.8880      0      -6.05022   -15.3683   .002179818   .004657087   0.96729   0.14718      0      5.1    5.1 
    24  -16.1996      0      -7.01954   -15.6697   .001942495   .004657087   0.96729   0.14718      0      5.1    5.1 
    25  -16.4221      0      -8.00367   -15.8850   .001752330   .004657087   0.96729   0.14718      0      5.1    5.1 
    26  -16.5647      0      -8.99790   -16.0229   .001597337   .004657087   0.96729   0.14718      0      5.1    5.1 
    27  -16.7407      0      -9.95919   -16.1931   .001462108   .004657087   0.96729   0.14718      0      5.1    5.1 
    28  -21.3754      0       0.00000   -20.6763   .002339135   .004657087   0.96729   0.14718      0      5.1    5.1 
    29  -21.0689      0      -0.14789   -20.3798   .002373125   .004657087   0.96729   0.14718      0      5.1    5.1 
    30  -19.1075      0      -1.08109   -18.4826   .002612762   .004657087   0.96729   0.14718      0      5.1    5.1 
                                      Pheno data. Example 1. Numerical  derivatives.   14:30 Friday, October 25, 2002   5

                                                   The Mixed Procedure

                                                   Model Information

                                 Data Set                     WORK._NLINMIX            
                                 Dependent Variable           PSEUDO_CONC              
                                 Weight Variable              _WEIGHT_                 
                                 Covariance Structure         Variance Components      
                                 Subject Effect               indiv                    
                                 Estimation Method            REML                     
                                 Residual Variance Method     Profile                  
                                 Fixed Effects SE Method      Model-Based              
                                 Degrees of Freedom Method    Containment              


                                                 Class Level Information
 
                                    Class    Levels    Values

                                    indiv        59    1 2 3 4 5 6 7 8 9 10 11 12 13 
                                                       14 15 16 17 18 19 20 21 22 23 
                                                       24 25 26 27 28 29 30 31 32 33 
                                                       34 35 36 37 38 39 40 41 42 43 
                                                       44 45 46 47 48 49 50 51 52 53 
                                                       54 55 56 57 58 59             


                                                       Dimensions

                                           Covariance Parameters             3
                                           Columns in X                      3
                                           Columns in Z Per Subject          2
                                           Subjects                         59
                                           Max Obs Per Subject              20
                                           Observations Used               155
                                           Observations Not Used           589
                                           Total Observations              744


                                                     Parameter Search
 
                    CovP1       CovP2       CovP3    Variance            Res Log Like    -2 Res Log Like

                  0.04568     0.02827     0.01078     0.01078               -442.9078           885.8155


                                                    Iteration History
 
                               Iteration    Evaluations    -2 Res Log Like       Criterion

                                       1              1       885.81553115      0.00000000


                                               Convergence criteria met.                    


                                             Covariance Parameter Estimates
 
                                            Cov Parm     Subject    Estimate

                                            D_U1         indiv       0.04568
                                            D_U2         indiv       0.02827
                                            Residual                 0.01078


                                                     Fit Statistics

                                       Res Log Likelihood                  -442.9
                                       Akaike's Information Criterion      -445.9
                                       Schwarz's Bayesian Criterion        -449.0
                                       -2 Res Log Likelihood                885.8


                                            PARMS Model Likelihood Ratio Test
 
                                              DF    Chi-Square      Pr > ChiSq

                                               2          0.00          1.0000


                                               Solution for Fixed Effects
 
                                     Standard
          Effect         Estimate       Error      DF    t Value    Pr > |t|     Alpha       Lower       Upper

          D_BETA1        0.004657    0.000220      45      21.19      <.0001      0.05    0.004214    0.005100
          D_BETA2          0.9673     0.02702      45      35.80      <.0001      0.05      0.9129      1.0217
          D_BETA3          0.1472     0.07649      45       1.92      0.0607      0.05    -0.00688      0.3012


                                              Solution for Random Effects
 
                                        Std Err
        Effect    indiv    Estimate        Pred      DF    t Value    Pr > |t|     Alpha       Lower       Upper

        D_U1       1       -0.07286      0.1831      45      -0.40      0.6926      0.05     -0.4416      0.2959
        D_U2       1        0.01495     0.08381      45       0.18      0.8592      0.05     -0.1538      0.1837
        D_U1       2        -0.2978      0.1747      45      -1.70      0.0952      0.05     -0.6497     0.05413
                                      Pheno data. Example 1. Numerical  derivatives.   14:30 Friday, October 25, 2002   6

                                                   The Mixed Procedure

                                              Solution for Random Effects
 
                                        Std Err
        Effect    indiv    Estimate        Pred      DF    t Value    Pr > |t|     Alpha       Lower       Upper

        D_U2       2       -0.09850     0.07763      45      -1.27      0.2110      0.05     -0.2549     0.05786
        D_U1       3         0.1446      0.1675      45       0.86      0.3925      0.05     -0.1928      0.4821
        D_U2       3         0.1218     0.08056      45       1.51      0.1376      0.05    -0.04046      0.2840
        D_U1       4       -0.01413      0.1696      45      -0.08      0.9340      0.05     -0.3557      0.3275
        D_U2       4        0.02253     0.07841      45       0.29      0.7752      0.05     -0.1354      0.1804
        D_U1       5         0.1657      0.1691      45       0.98      0.3324      0.05     -0.1749      0.5062
        D_U2       5         0.2450     0.07854      45       3.12      0.0032      0.05     0.08681      0.4032
        D_U1       6       -0.01138      0.1659      45      -0.07      0.9456      0.05     -0.3455      0.3228
        D_U2       6         0.1213     0.07873      45       1.54      0.1305      0.05    -0.03730      0.2798
        D_U1       7        0.06356      0.1532      45       0.41      0.6803      0.05     -0.2451      0.3722
        D_U2       7        0.05864     0.08123      45       0.72      0.4740      0.05     -0.1050      0.2222
        D_U1       8       -0.01635      0.1671      45      -0.10      0.9225      0.05     -0.3529      0.3202
        D_U2       8        -0.2102     0.07936      45      -2.65      0.0111      0.05     -0.3700    -0.05031
        D_U1       9        -0.3178     0.08424      45      -3.77      0.0005      0.05     -0.4875     -0.1481
        D_U2       9       -0.08047     0.07361      45      -1.09      0.2801      0.05     -0.2287     0.06779
        D_U1      10        0.01402      0.1647      45       0.09      0.9325      0.05     -0.3177      0.3457
        D_U2      10        0.01560     0.07971      45       0.20      0.8457      0.05     -0.1449      0.1761
        D_U1      11         0.1282      0.2057      45       0.62      0.5362      0.05     -0.2861      0.5425
        D_U2      11         0.2777      0.1118      45       2.48      0.0167      0.05     0.05260      0.5028
        D_U1      12       -0.03066     0.08613      45      -0.36      0.7235      0.05     -0.2041      0.1428
        D_U2      12        0.08499     0.08175      45       1.04      0.3040      0.05    -0.07965      0.2496
        D_U1      13        -0.1383      0.1697      45      -0.82      0.4193      0.05     -0.4802      0.2035
        D_U2      13        -0.1554     0.09939      45      -1.56      0.1249      0.05     -0.3556     0.04478
        D_U1      14        0.09726     0.08737      45       1.11      0.2715      0.05    -0.07871      0.2732
        D_U2      14       -0.09605     0.07232      45      -1.33      0.1908      0.05     -0.2417     0.04960
        D_U1      15        0.02954      0.1775      45       0.17      0.8686      0.05     -0.3280      0.3870
        D_U2      15        0.06749     0.09410      45       0.72      0.4769      0.05     -0.1220      0.2570
        D_U1      16        -0.1434      0.1705      45      -0.84      0.4048      0.05     -0.4869      0.2001
        D_U2      16        0.04671     0.07934      45       0.59      0.5590      0.05     -0.1131      0.2065
        D_U1      17        -0.1085      0.1705      45      -0.64      0.5276      0.05     -0.4520      0.2349
        D_U2      17       -0.01191     0.09097      45      -0.13      0.8964      0.05     -0.1951      0.1713
        D_U1      18         0.3145     0.07293      45       4.31      <.0001      0.05      0.1676      0.4614
        D_U2      18        0.08483     0.07026      45       1.21      0.2336      0.05    -0.05667      0.2263
        D_U1      19        0.05287      0.1726      45       0.31      0.7608      0.05     -0.2947      0.4005
        D_U2      19       -0.01641     0.09126      45      -0.18      0.8581      0.05     -0.2002      0.1674
        D_U1      20       0.009552      0.1729      45       0.06      0.9562      0.05     -0.3387      0.3578
        D_U2      20       -0.08304     0.07789      45      -1.07      0.2920      0.05     -0.2399     0.07384
        D_U1      21       -0.07539      0.1017      45      -0.74      0.4622      0.05     -0.2802      0.1294
        D_U2      21       -0.05080     0.08348      45      -0.61      0.5459      0.05     -0.2189      0.1173
        D_U1      22       -0.00580      0.2040      45      -0.03      0.9774      0.05     -0.4168      0.4052
        D_U2      22       -0.05763     0.07886      45      -0.73      0.4687      0.05     -0.2165      0.1012
        D_U1      23         0.1086      0.1791      45       0.61      0.5474      0.05     -0.2521      0.4693
        D_U2      23        -0.2246     0.09113      45      -2.46      0.0176      0.05     -0.4082    -0.04105
        D_U1      24         0.1751      0.1488      45       1.18      0.2455      0.05     -0.1246      0.4748
        D_U2      24       0.005656     0.09125      45       0.06      0.9509      0.05     -0.1781      0.1894
        D_U1      25        0.07328      0.1640      45       0.45      0.6571      0.05     -0.2570      0.4035
        D_U2      25         0.2893     0.07979      45       3.63      0.0007      0.05      0.1286      0.4500
        D_U1      26       -0.05525      0.1912      45      -0.29      0.7740      0.05     -0.4404      0.3299
        D_U2      26        -0.1265     0.09611      45      -1.32      0.1947      0.05     -0.3201     0.06707
        D_U1      27       -0.05014      0.1909      45      -0.26      0.7940      0.05     -0.4346      0.3343
        D_U2      27        -0.3083     0.08193      45      -3.76      0.0005      0.05     -0.4733     -0.1433
        D_U1      28       0.001363      0.2137      45       0.01      0.9949      0.05     -0.4291      0.4318
        D_U2      28        0.08703     0.09120      45       0.95      0.3450      0.05    -0.09665      0.2707
        D_U1      29       0.005941      0.2078      45       0.03      0.9773      0.05     -0.4126      0.4245
        D_U2      29        0.01533      0.1082      45       0.14      0.8880      0.05     -0.2026      0.2333
        D_U1      30        0.05654      0.1128      45       0.50      0.6188      0.05     -0.1707      0.2838
        D_U2      30        0.08293     0.09214      45       0.90      0.3729      0.05     -0.1026      0.2685
        D_U1      31       -0.00084      0.2137      45      -0.00      0.9969      0.05     -0.4313      0.4296
        D_U2      31        -0.1070     0.09091      45      -1.18      0.2452      0.05     -0.2901     0.07605
        D_U1      32         0.1203      0.1901      45       0.63      0.5301      0.05     -0.2626      0.5033
        D_U2      32         0.2893     0.07134      45       4.06      0.0002      0.05      0.1456      0.4330
        D_U1      33       -0.06301      0.1982      45      -0.32      0.7520      0.05     -0.4622      0.3362
        D_U2      33       -0.06543     0.08067      45      -0.81      0.4216      0.05     -0.2279     0.09705
        D_U1      34       -0.05153      0.1954      45      -0.26      0.7932      0.05     -0.4452      0.3421
        D_U2      34        -0.1953     0.09130      45      -2.14      0.0379      0.05     -0.3792    -0.01142
        D_U1      35        -0.2539      0.1885      45      -1.35      0.1847      0.05     -0.6336      0.1257
        D_U2      35        -0.2161     0.08909      45      -2.43      0.0193      0.05     -0.3956    -0.03669
        D_U1      36         0.1260     0.08701      45       1.45      0.1545      0.05    -0.04924      0.3013
        D_U2      36       -0.04143     0.08086      45      -0.51      0.6109      0.05     -0.2043      0.1214
        D_U1      37       -0.01402      0.1662      45      -0.08      0.9332      0.05     -0.3488      0.3208
        D_U2      37        0.03069     0.08685      45       0.35      0.7255      0.05     -0.1442      0.2056
        D_U1      38         0.1513     0.08532      45       1.77      0.0830      0.05    -0.02056      0.3231
        D_U2      38        0.09237     0.07820      45       1.18      0.2437      0.05    -0.06513      0.2499
        D_U1      39        0.08899     0.09590      45       0.93      0.3584      0.05     -0.1042      0.2821
        D_U2      39       -0.01064     0.08168      45      -0.13      0.8970      0.05     -0.1751      0.1539
        D_U1      40       0.000749      0.2137      45       0.00      0.9972      0.05     -0.4297      0.4312
        D_U2      40        0.08834     0.08484      45       1.04      0.3033      0.05    -0.08254      0.2592
        D_U1      41        0.03402      0.2004      45       0.17      0.8660      0.05     -0.3697      0.4377
        D_U2      41         0.1142     0.07053      45       1.62      0.1123      0.05    -0.02783      0.2563
        D_U1      42         0.2294      0.1899      45       1.21      0.2334      0.05     -0.1531      0.6119
        D_U2      42         0.3284     0.08490      45       3.87      0.0004      0.05      0.1574      0.4994
        D_U1      43       -0.00245      0.2137      45      -0.01      0.9909      0.05     -0.4329      0.4280
        D_U2      43        -0.1800     0.09917      45      -1.81      0.0762      0.05     -0.3797     0.01977
        D_U1      44        0.04301     0.08863      45       0.49      0.6299      0.05     -0.1355      0.2215
        D_U2      44        0.07007     0.08267      45       0.85      0.4012      0.05    -0.09644      0.2366
        D_U1      45        0.02121      0.1881      45       0.11      0.9107      0.05     -0.3577      0.4001
        D_U2      45        0.04813     0.08705      45       0.55      0.5831      0.05     -0.1272      0.2235
        D_U1      46       0.000196      0.2137      45       0.00      0.9993      0.05     -0.4302      0.4306
        D_U2      46        0.01428     0.09113      45       0.16      0.8762      0.05     -0.1693      0.1978
        D_U1      47       -0.01489      0.2112      45      -0.07      0.9441      0.05     -0.4402      0.4104
        D_U2      47       -0.06053      0.1014      45      -0.60      0.5533      0.05     -0.2647      0.1436
                                      Pheno data. Example 1. Numerical  derivatives.   14:30 Friday, October 25, 2002   7

                                                   The Mixed Procedure

                                              Solution for Random Effects
 
                                        Std Err
        Effect    indiv    Estimate        Pred      DF    t Value    Pr > |t|     Alpha       Lower       Upper

        D_U1      48        -0.4037      0.1370      45      -2.95      0.0051      0.05     -0.6797     -0.1277
        D_U2      48         0.1440     0.07555      45       1.91      0.0631      0.05    -0.00819      0.2961
        D_U1      49        0.01778      0.1682      45       0.11      0.9163      0.05     -0.3211      0.3566
        D_U2      49        0.09772     0.07902      45       1.24      0.2226      0.05    -0.06143      0.2569
        D_U1      50       -0.05897      0.1689      45      -0.35      0.7286      0.05     -0.3992      0.2812
        D_U2      50        -0.2092     0.07254      45      -2.88      0.0060      0.05     -0.3553    -0.06312
        D_U1      51       -0.00389      0.1670      45      -0.02      0.9815      0.05     -0.3403      0.3326
        D_U2      51         0.2341     0.07900      45       2.96      0.0048      0.05     0.07500      0.3932
        D_U1      52         0.2093      0.1567      45       1.34      0.1885      0.05     -0.1064      0.5250
        D_U2      52        -0.2211     0.08189      45      -2.70      0.0097      0.05     -0.3861    -0.05620
        D_U1      53       -0.09660      0.2071      45      -0.47      0.6431      0.05     -0.5137      0.3205
        D_U2      53       -0.05021     0.07757      45      -0.65      0.5207      0.05     -0.2064      0.1060
        D_U1      54        -0.1793      0.1782      45      -1.01      0.3197      0.05     -0.5382      0.1796
        D_U2      54        -0.2643     0.07098      45      -3.72      0.0005      0.05     -0.4073     -0.1214
        D_U1      55        0.08761      0.2060      45       0.43      0.6726      0.05     -0.3272      0.5024
        D_U2      55         0.1865      0.1162      45       1.60      0.1156      0.05    -0.04759      0.4206
        D_U1      56       -0.00022      0.2130      45      -0.00      0.9992      0.05     -0.4291      0.4287
        D_U2      56       -0.00164      0.1031      45      -0.02      0.9874      0.05     -0.2094      0.2061
        D_U1      57        0.02544      0.1811      45       0.14      0.8890      0.05     -0.3394      0.3903
        D_U2      57       -0.01592     0.08396      45      -0.19      0.8505      0.05     -0.1850      0.1532
        D_U1      58       0.003242      0.1729      45       0.02      0.9851      0.05     -0.3451      0.3515
        D_U2      58        -0.1291     0.07897      45      -1.64      0.1090      0.05     -0.2882     0.02992
        D_U1      59        -0.1180      0.1683      45      -0.70      0.4868      0.05     -0.4571      0.2210
        D_U2      59       -0.09195     0.07915      45      -1.16      0.2515      0.05     -0.2514     0.06747
